#
# There is insufficient memory for the Java Runtime Environment to continue.
# Native memory allocation (mmap) failed to map 153092096 bytes for G1 virtual space
# Possible reasons:
#   The system is out of physical RAM or swap space
#   The process is running with CompressedOops enabled, and the Java Heap may be blocking the growth of the native heap
# Possible solutions:
#   Reduce memory load on the system
#   Increase physical memory or swap space
#   Check if swap backing store is full
#   Decrease Java heap size (-Xmx/-Xms)
#   Decrease number of Java threads
#   Decrease Java thread stack sizes (-Xss)
#   Set larger code cache with -XX:ReservedCodeCacheSize=
#   JVM is running with Unscaled Compressed Oops mode in which the Java heap is
#     placed in the first 4GB address space. The Java Heap base address is the
#     maximum limit for the native heap growth. Please use -XX:HeapBaseMinAddress
#     to set the Java Heap base and to place the Java Heap above 4GB virtual address.
# This output file may be truncated or incomplete.
#
#  Out of Memory Error (os_windows.cpp:3825), pid=14420, tid=12052
#
# JRE version: OpenJDK Runtime Environment (17.0.9) (build 17.0.9+0--11185874)
# Java VM: OpenJDK 64-Bit Server VM (17.0.9+0--11185874, mixed mode, tiered, compressed oops, compressed class ptrs, g1 gc, windows-amd64)
# No core dump will be written. Minidumps are not enabled by default on client versions of Windows
#

---------------  S U M M A R Y ------------

Command Line: org.jetbrains.kotlin.cli.jvm.K2JVMCompiler @C:\Users\User\AndroidStudioProjects\MovaLast17.10\Mova\app\build\20241021_13009502829175555518.compiler.options

Host: 11th Gen Intel(R) Core(TM) i5-1135G7 @ 2.40GHz, 8 cores, 7G,  Windows 10 , 64 bit Build 19041 (10.0.19041.4957)
Time: Mon Oct 21 22:48:18 2024 Azerbaijan Standard Time elapsed time: 13.498482 seconds (0d 0h 0m 13s)

---------------  T H R E A D  ---------------

Current thread (0x000001cf70ee74b0):  VMThread "VM Thread" [stack: 0x0000005880c00000,0x0000005880d00000] [id=12052]

Stack: [0x0000005880c00000,0x0000005880d00000]
Native frames: (J=compiled Java code, j=interpreted, Vv=VM code, C=native code)
V  [jvm.dll+0x6886e9]
V  [jvm.dll+0x841e4a]
V  [jvm.dll+0x843a8e]
V  [jvm.dll+0x8440f3]
V  [jvm.dll+0x24c14f]
V  [jvm.dll+0x685499]
V  [jvm.dll+0x679c2a]
V  [jvm.dll+0x30cf9b]
V  [jvm.dll+0x314446]
V  [jvm.dll+0x36425e]
V  [jvm.dll+0x36448f]
V  [jvm.dll+0x2e2d68]
V  [jvm.dll+0x2e0f44]
V  [jvm.dll+0x2e054c]
V  [jvm.dll+0x3253fb]
V  [jvm.dll+0x8487eb]
V  [jvm.dll+0x849531]
V  [jvm.dll+0x849a4d]
V  [jvm.dll+0x849e24]
V  [jvm.dll+0x849ef0]
V  [jvm.dll+0x7f06aa]
V  [jvm.dll+0x687565]
C  [ucrtbase.dll+0x21bb2]
C  [KERNEL32.DLL+0x17374]
C  [ntdll.dll+0x4cc91]

VM_Operation (0x00000058806fd290): G1CollectForAllocation, mode: safepoint, requested by thread 0x000001cf5524a780


---------------  P R O C E S S  ---------------

Threads class SMR info:
_java_thread_list=0x000001cf78036f50, length=13, elements={
0x000001cf5524a780, 0x000001cf7104c030, 0x000001cf7104c900, 0x000001cf70eea1a0,
0x000001cf70eeaa70, 0x000001cf70eeb340, 0x000001cf70eedc20, 0x000001cf71078730,
0x000001cf7107c540, 0x000001cf7107ce50, 0x000001cf711ea7b0, 0x000001cf711eb950,
0x000001cf7814c1c0
}

Java Threads: ( => current thread )
  0x000001cf5524a780 JavaThread "main" [_thread_blocked, id=13232, stack(0x0000005880600000,0x0000005880700000)]
  0x000001cf7104c030 JavaThread "Reference Handler" daemon [_thread_blocked, id=12364, stack(0x0000005880d00000,0x0000005880e00000)]
  0x000001cf7104c900 JavaThread "Finalizer" daemon [_thread_blocked, id=16788, stack(0x0000005880e00000,0x0000005880f00000)]
  0x000001cf70eea1a0 JavaThread "Signal Dispatcher" daemon [_thread_blocked, id=15044, stack(0x0000005880f00000,0x0000005881000000)]
  0x000001cf70eeaa70 JavaThread "Attach Listener" daemon [_thread_blocked, id=9196, stack(0x0000005881000000,0x0000005881100000)]
  0x000001cf70eeb340 JavaThread "Service Thread" daemon [_thread_blocked, id=11204, stack(0x0000005881100000,0x0000005881200000)]
  0x000001cf70eedc20 JavaThread "Monitor Deflation Thread" daemon [_thread_blocked, id=13396, stack(0x0000005881200000,0x0000005881300000)]
  0x000001cf71078730 JavaThread "C2 CompilerThread0" daemon [_thread_blocked, id=6164, stack(0x0000005881300000,0x0000005881400000)]
  0x000001cf7107c540 JavaThread "C1 CompilerThread0" daemon [_thread_blocked, id=15344, stack(0x0000005881400000,0x0000005881500000)]
  0x000001cf7107ce50 JavaThread "Sweeper thread" daemon [_thread_blocked, id=4036, stack(0x0000005881500000,0x0000005881600000)]
  0x000001cf711ea7b0 JavaThread "Notification Thread" daemon [_thread_blocked, id=5672, stack(0x0000005881600000,0x0000005881700000)]
  0x000001cf711eb950 JavaThread "Common-Cleaner" daemon [_thread_blocked, id=6512, stack(0x0000005881800000,0x0000005881900000)]
  0x000001cf7814c1c0 JavaThread "C2 CompilerThread1" daemon [_thread_blocked, id=14168, stack(0x0000005881900000,0x0000005881a00000)]

Other Threads:
=>0x000001cf70ee74b0 VMThread "VM Thread" [stack: 0x0000005880c00000,0x0000005880d00000] [id=12052]
  0x000001cf711eb2a0 WatcherThread [stack: 0x0000005881700000,0x0000005881800000] [id=15764]
  0x000001cf55368e90 GCTaskThread "GC Thread#0" [stack: 0x0000005880700000,0x0000005880800000] [id=10296]
  0x000001cf718c0910 GCTaskThread "GC Thread#1" [stack: 0x0000005881a00000,0x0000005881b00000] [id=15244]
  0x000001cf718d0a00 GCTaskThread "GC Thread#2" [stack: 0x0000005881b00000,0x0000005881c00000] [id=17904]
  0x000001cf718e9420 GCTaskThread "GC Thread#3" [stack: 0x0000005881c00000,0x0000005881d00000] [id=13336]
  0x000001cf718eb6f0 GCTaskThread "GC Thread#4" [stack: 0x0000005881d00000,0x0000005881e00000] [id=9472]
  0x000001cf7614f9e0 GCTaskThread "GC Thread#5" [stack: 0x0000005881e00000,0x0000005881f00000] [id=13408]
  0x000001cf762b8f50 GCTaskThread "GC Thread#6" [stack: 0x0000005881f00000,0x0000005882000000] [id=2188]
  0x000001cf762c3250 GCTaskThread "GC Thread#7" [stack: 0x0000005882000000,0x0000005882100000] [id=10724]
  0x000001cf5537a480 ConcurrentGCThread "G1 Main Marker" [stack: 0x0000005880800000,0x0000005880900000] [id=6152]
  0x000001cf5537b550 ConcurrentGCThread "G1 Conc#0" [stack: 0x0000005880900000,0x0000005880a00000] [id=8724]
  0x000001cf760fd2e0 ConcurrentGCThread "G1 Conc#1" [stack: 0x0000005882100000,0x0000005882200000] [id=4100]
  0x000001cf553cecb0 ConcurrentGCThread "G1 Refine#0" [stack: 0x0000005880a00000,0x0000005880b00000] [id=10996]
  0x000001cf70d40470 ConcurrentGCThread "G1 Service" [stack: 0x0000005880b00000,0x0000005880c00000] [id=12828]

Threads with active compile tasks:
C2 CompilerThread0    13526 12007       4       org.jetbrains.kotlin.com.intellij.extapi.psi.StubBasedPsiElementBase::getStubOrPsiChildren (115 bytes)
C1 CompilerThread0    13526 12033       3       org.jetbrains.kotlin.resolve.calls.util.ResolvedCallUtilKt::getImplicitReceivers (133 bytes)
C2 CompilerThread1    13526 12004       4       org.jetbrains.kotlin.resolve.DescriptorUtils::isKindOf (35 bytes)

VM state: at safepoint (normal execution)

VM Mutex/Monitor currently owned by a thread:  ([mutex/lock_event])
[0x000001cf553103f0] Threads_lock - owner thread: 0x000001cf70ee74b0
[0x000001cf5530f0d0] Heap_lock - owner thread: 0x000001cf5524a780

Heap address: 0x0000000084400000, size: 1980 MB, Compressed Oops mode: 32-bit

CDS archive(s) not mapped
Compressed class space mapped at: 0x0000000100000000-0x0000000140000000, reserved size: 1073741824
Narrow klass base: 0x0000000000000000, Narrow klass shift: 3, Narrow klass range: 0x140000000

GC Precious Log:
 CPUs: 8 total, 8 available
 Memory: 7914M
 Large Page Support: Disabled
 NUMA Support: Disabled
 Compressed Oops: Enabled (32-bit)
 Heap Region Size: 1M
 Heap Min Capacity: 8M
 Heap Initial Capacity: 124M
 Heap Max Capacity: 1980M
 Pre-touch: Disabled
 Parallel Workers: 8
 Concurrent Workers: 2
 Concurrent Refinement Workers: 8
 Periodic GC: Disabled

Heap:
 garbage-first heap   total 149504K, used 82944K [0x0000000084400000, 0x0000000100000000)
  region size 1024K, 5 young (5120K), 5 survivors (5120K)
 Metaspace       used 72770K, committed 73088K, reserved 1114112K
  class space    used 8225K, committed 8384K, reserved 1048576K

Heap Regions: E=young(eden), S=young(survivor), O=old, HS=humongous(starts), HC=humongous(continues), CS=collection set, F=free, OA=open archive, CA=closed archive, TAMS=top-at-mark-start (previous, next)
|   0|0x0000000084400000, 0x0000000084500000, 0x0000000084500000|100%|HS|  |TAMS 0x0000000084500000, 0x0000000084500000| Complete 
|   1|0x0000000084500000, 0x0000000084600000, 0x0000000084600000|100%|HC|  |TAMS 0x0000000084600000, 0x0000000084600000| Complete 
|   2|0x0000000084600000, 0x0000000084700000, 0x0000000084700000|100%|HC|  |TAMS 0x0000000084700000, 0x0000000084700000| Complete 
|   3|0x0000000084700000, 0x0000000084800000, 0x0000000084800000|100%|HC|  |TAMS 0x0000000084800000, 0x0000000084800000| Complete 
|   4|0x0000000084800000, 0x0000000084900000, 0x0000000084900000|100%| O|  |TAMS 0x0000000084900000, 0x0000000084900000| Untracked 
|   5|0x0000000084900000, 0x0000000084a00000, 0x0000000084a00000|100%| O|  |TAMS 0x0000000084a00000, 0x0000000084a00000| Untracked 
|   6|0x0000000084a00000, 0x0000000084b00000, 0x0000000084b00000|100%| O|  |TAMS 0x0000000084b00000, 0x0000000084b00000| Untracked 
|   7|0x0000000084b00000, 0x0000000084c00000, 0x0000000084c00000|100%| O|  |TAMS 0x0000000084c00000, 0x0000000084c00000| Untracked 
|   8|0x0000000084c00000, 0x0000000084d00000, 0x0000000084d00000|100%| O|  |TAMS 0x0000000084d00000, 0x0000000084d00000| Untracked 
|   9|0x0000000084d00000, 0x0000000084e00000, 0x0000000084e00000|100%| O|  |TAMS 0x0000000084d00000, 0x0000000084e00000| Untracked 
|  10|0x0000000084e00000, 0x0000000084f00000, 0x0000000084f00000|100%| O|  |TAMS 0x0000000084f00000, 0x0000000084f00000| Untracked 
|  11|0x0000000084f00000, 0x0000000085000000, 0x0000000085000000|100%| O|  |TAMS 0x0000000085000000, 0x0000000085000000| Untracked 
|  12|0x0000000085000000, 0x0000000085100000, 0x0000000085100000|100%| O|  |TAMS 0x0000000085100000, 0x0000000085100000| Untracked 
|  13|0x0000000085100000, 0x0000000085200000, 0x0000000085200000|100%| O|  |TAMS 0x0000000085200000, 0x0000000085200000| Untracked 
|  14|0x0000000085200000, 0x0000000085300000, 0x0000000085300000|100%| O|  |TAMS 0x0000000085300000, 0x0000000085300000| Untracked 
|  15|0x0000000085300000, 0x0000000085400000, 0x0000000085400000|100%| O|  |TAMS 0x0000000085400000, 0x0000000085400000| Untracked 
|  16|0x0000000085400000, 0x0000000085500000, 0x0000000085500000|100%| O|  |TAMS 0x0000000085500000, 0x0000000085500000| Untracked 
|  17|0x0000000085500000, 0x0000000085600000, 0x0000000085600000|100%| O|  |TAMS 0x0000000085600000, 0x0000000085600000| Untracked 
|  18|0x0000000085600000, 0x0000000085700000, 0x0000000085700000|100%| O|  |TAMS 0x0000000085700000, 0x0000000085700000| Untracked 
|  19|0x0000000085700000, 0x0000000085800000, 0x0000000085800000|100%| O|  |TAMS 0x0000000085800000, 0x0000000085800000| Untracked 
|  20|0x0000000085800000, 0x0000000085900000, 0x0000000085900000|100%| O|  |TAMS 0x0000000085900000, 0x0000000085900000| Untracked 
|  21|0x0000000085900000, 0x0000000085a00000, 0x0000000085a00000|100%| O|  |TAMS 0x0000000085a00000, 0x0000000085a00000| Untracked 
|  22|0x0000000085a00000, 0x0000000085b00000, 0x0000000085b00000|100%|HS|  |TAMS 0x0000000085b00000, 0x0000000085b00000| Complete 
|  23|0x0000000085b00000, 0x0000000085c00000, 0x0000000085c00000|100%|HC|  |TAMS 0x0000000085c00000, 0x0000000085c00000| Complete 
|  24|0x0000000085c00000, 0x0000000085d00000, 0x0000000085d00000|100%| O|  |TAMS 0x0000000085d00000, 0x0000000085d00000| Untracked 
|  25|0x0000000085d00000, 0x0000000085e00000, 0x0000000085e00000|100%| O|  |TAMS 0x0000000085e00000, 0x0000000085e00000| Untracked 
|  26|0x0000000085e00000, 0x0000000085f00000, 0x0000000085f00000|100%| O|  |TAMS 0x0000000085f00000, 0x0000000085f00000| Untracked 
|  27|0x0000000085f00000, 0x0000000086000000, 0x0000000086000000|100%| O|  |TAMS 0x0000000086000000, 0x0000000086000000| Untracked 
|  28|0x0000000086000000, 0x0000000086100000, 0x0000000086100000|100%| O|  |TAMS 0x0000000086100000, 0x0000000086100000| Untracked 
|  29|0x0000000086100000, 0x0000000086200000, 0x0000000086200000|100%| O|  |TAMS 0x0000000086200000, 0x0000000086200000| Untracked 
|  30|0x0000000086200000, 0x0000000086300000, 0x0000000086300000|100%| O|  |TAMS 0x0000000086300000, 0x0000000086300000| Untracked 
|  31|0x0000000086300000, 0x0000000086400000, 0x0000000086400000|100%| O|  |TAMS 0x0000000086400000, 0x0000000086400000| Untracked 
|  32|0x0000000086400000, 0x0000000086500000, 0x0000000086500000|100%| O|  |TAMS 0x0000000086500000, 0x0000000086500000| Untracked 
|  33|0x0000000086500000, 0x0000000086600000, 0x0000000086600000|100%| O|  |TAMS 0x0000000086600000, 0x0000000086600000| Untracked 
|  34|0x0000000086600000, 0x0000000086700000, 0x0000000086700000|100%| O|  |TAMS 0x0000000086700000, 0x0000000086700000| Untracked 
|  35|0x0000000086700000, 0x0000000086800000, 0x0000000086800000|100%| O|  |TAMS 0x0000000086800000, 0x0000000086800000| Untracked 
|  36|0x0000000086800000, 0x0000000086900000, 0x0000000086900000|100%| O|  |TAMS 0x00000000868b1600, 0x0000000086900000| Untracked 
|  37|0x0000000086900000, 0x0000000086a00000, 0x0000000086a00000|100%| O|  |TAMS 0x0000000086900000, 0x0000000086a00000| Untracked 
|  38|0x0000000086a00000, 0x0000000086b00000, 0x0000000086b00000|100%| O|  |TAMS 0x0000000086a00000, 0x0000000086b00000| Untracked 
|  39|0x0000000086b00000, 0x0000000086c00000, 0x0000000086c00000|100%| O|  |TAMS 0x0000000086b00000, 0x0000000086c00000| Untracked 
|  40|0x0000000086c00000, 0x0000000086d00000, 0x0000000086d00000|100%| O|  |TAMS 0x0000000086c00000, 0x0000000086d00000| Untracked 
|  41|0x0000000086d00000, 0x0000000086e00000, 0x0000000086e00000|100%| O|  |TAMS 0x0000000086d00000, 0x0000000086e00000| Untracked 
|  42|0x0000000086e00000, 0x0000000086f00000, 0x0000000086f00000|100%| O|  |TAMS 0x0000000086e00000, 0x0000000086f00000| Untracked 
|  43|0x0000000086f00000, 0x0000000087000000, 0x0000000087000000|100%| O|  |TAMS 0x0000000086f00000, 0x0000000087000000| Untracked 
|  44|0x0000000087000000, 0x0000000087100000, 0x0000000087100000|100%| O|  |TAMS 0x0000000087000000, 0x0000000087100000| Untracked 
|  45|0x0000000087100000, 0x0000000087200000, 0x0000000087200000|100%| O|  |TAMS 0x0000000087100000, 0x0000000087200000| Untracked 
|  46|0x0000000087200000, 0x0000000087300000, 0x0000000087300000|100%| O|  |TAMS 0x0000000087200000, 0x0000000087300000| Untracked 
|  47|0x0000000087300000, 0x0000000087400000, 0x0000000087400000|100%| O|  |TAMS 0x0000000087300000, 0x0000000087400000| Untracked 
|  48|0x0000000087400000, 0x0000000087500000, 0x0000000087500000|100%| O|  |TAMS 0x0000000087400000, 0x0000000087500000| Untracked 
|  49|0x0000000087500000, 0x0000000087600000, 0x0000000087600000|100%| O|  |TAMS 0x0000000087500000, 0x0000000087600000| Untracked 
|  50|0x0000000087600000, 0x0000000087700000, 0x0000000087700000|100%|HS|  |TAMS 0x0000000087600000, 0x0000000087700000| Complete 
|  51|0x0000000087700000, 0x0000000087800000, 0x0000000087800000|100%|HC|  |TAMS 0x0000000087700000, 0x0000000087800000| Complete 
|  52|0x0000000087800000, 0x0000000087900000, 0x0000000087900000|100%| O|  |TAMS 0x0000000087800000, 0x0000000087900000| Untracked 
|  53|0x0000000087900000, 0x0000000087a00000, 0x0000000087a00000|100%| O|  |TAMS 0x0000000087900000, 0x0000000087a00000| Untracked 
|  54|0x0000000087a00000, 0x0000000087b00000, 0x0000000087b00000|100%| O|  |TAMS 0x0000000087a00000, 0x0000000087b00000| Untracked 
|  55|0x0000000087b00000, 0x0000000087c00000, 0x0000000087c00000|100%| O|  |TAMS 0x0000000087b00000, 0x0000000087c00000| Untracked 
|  56|0x0000000087c00000, 0x0000000087d00000, 0x0000000087d00000|100%| O|  |TAMS 0x0000000087c00000, 0x0000000087d00000| Untracked 
|  57|0x0000000087d00000, 0x0000000087e00000, 0x0000000087e00000|100%| O|  |TAMS 0x0000000087d00000, 0x0000000087e00000| Untracked 
|  58|0x0000000087e00000, 0x0000000087f00000, 0x0000000087f00000|100%| O|  |TAMS 0x0000000087e00000, 0x0000000087f00000| Untracked 
|  59|0x0000000087f00000, 0x0000000088000000, 0x0000000088000000|100%| O|  |TAMS 0x0000000087f00000, 0x0000000088000000| Untracked 
|  60|0x0000000088000000, 0x0000000088100000, 0x0000000088100000|100%| O|  |TAMS 0x0000000088000000, 0x0000000088100000| Untracked 
|  61|0x0000000088100000, 0x0000000088200000, 0x0000000088200000|100%| O|  |TAMS 0x0000000088100000, 0x0000000088200000| Untracked 
|  62|0x0000000088200000, 0x0000000088300000, 0x0000000088300000|100%| O|  |TAMS 0x0000000088200000, 0x0000000088300000| Untracked 
|  63|0x0000000088300000, 0x0000000088400000, 0x0000000088400000|100%| O|  |TAMS 0x0000000088300000, 0x0000000088400000| Untracked 
|  64|0x0000000088400000, 0x0000000088500000, 0x0000000088500000|100%| O|  |TAMS 0x0000000088400000, 0x0000000088500000| Untracked 
|  65|0x0000000088500000, 0x0000000088600000, 0x0000000088600000|100%| O|  |TAMS 0x0000000088500000, 0x0000000088600000| Untracked 
|  66|0x0000000088600000, 0x0000000088700000, 0x0000000088700000|100%| O|  |TAMS 0x0000000088600000, 0x0000000088700000| Untracked 
|  67|0x0000000088700000, 0x0000000088800000, 0x0000000088800000|100%| O|  |TAMS 0x0000000088700000, 0x0000000088800000| Untracked 
|  68|0x0000000088800000, 0x0000000088900000, 0x0000000088900000|100%| O|  |TAMS 0x0000000088800000, 0x0000000088900000| Untracked 
|  69|0x0000000088900000, 0x0000000088a00000, 0x0000000088a00000|100%| O|  |TAMS 0x0000000088900000, 0x0000000088a00000| Untracked 
|  70|0x0000000088a00000, 0x0000000088b00000, 0x0000000088b00000|100%| O|  |TAMS 0x0000000088a00000, 0x0000000088a00000| Untracked 
|  71|0x0000000088b00000, 0x0000000088c00000, 0x0000000088c00000|100%| O|  |TAMS 0x0000000088b00000, 0x0000000088b00000| Untracked 
|  72|0x0000000088c00000, 0x0000000088d00000, 0x0000000088d00000|100%| O|  |TAMS 0x0000000088c00000, 0x0000000088c00000| Untracked 
|  73|0x0000000088d00000, 0x0000000088e00000, 0x0000000088e00000|100%| O|  |TAMS 0x0000000088d00000, 0x0000000088d00000| Untracked 
|  74|0x0000000088e00000, 0x0000000088f00000, 0x0000000088f00000|100%| O|  |TAMS 0x0000000088e00000, 0x0000000088e00000| Untracked 
|  75|0x0000000088f00000, 0x0000000089000000, 0x0000000089000000|100%| O|  |TAMS 0x0000000088f00000, 0x0000000088f00000| Untracked 
|  76|0x0000000089000000, 0x0000000089000000, 0x0000000089100000|  0%| F|  |TAMS 0x0000000089000000, 0x0000000089000000| Untracked 
|  77|0x0000000089100000, 0x0000000089100000, 0x0000000089200000|  0%| F|  |TAMS 0x0000000089100000, 0x0000000089100000| Untracked 
|  78|0x0000000089200000, 0x0000000089200000, 0x0000000089300000|  0%| F|  |TAMS 0x0000000089200000, 0x0000000089200000| Untracked 
|  79|0x0000000089300000, 0x0000000089300000, 0x0000000089400000|  0%| F|  |TAMS 0x0000000089300000, 0x0000000089300000| Untracked 
|  80|0x0000000089400000, 0x0000000089400000, 0x0000000089500000|  0%| F|  |TAMS 0x0000000089400000, 0x0000000089400000| Untracked 
|  81|0x0000000089500000, 0x0000000089500000, 0x0000000089600000|  0%| F|  |TAMS 0x0000000089500000, 0x0000000089500000| Untracked 
|  82|0x0000000089600000, 0x0000000089600000, 0x0000000089700000|  0%| F|  |TAMS 0x0000000089600000, 0x0000000089600000| Untracked 
|  83|0x0000000089700000, 0x0000000089700000, 0x0000000089800000|  0%| F|  |TAMS 0x0000000089700000, 0x0000000089700000| Untracked 
|  84|0x0000000089800000, 0x0000000089800000, 0x0000000089900000|  0%| F|  |TAMS 0x0000000089800000, 0x0000000089800000| Untracked 
|  85|0x0000000089900000, 0x0000000089900000, 0x0000000089a00000|  0%| F|  |TAMS 0x0000000089900000, 0x0000000089900000| Untracked 
|  86|0x0000000089a00000, 0x0000000089a00000, 0x0000000089b00000|  0%| F|  |TAMS 0x0000000089a00000, 0x0000000089a00000| Untracked 
|  87|0x0000000089b00000, 0x0000000089b00000, 0x0000000089c00000|  0%| F|  |TAMS 0x0000000089b00000, 0x0000000089b00000| Untracked 
|  88|0x0000000089c00000, 0x0000000089c00000, 0x0000000089d00000|  0%| F|  |TAMS 0x0000000089c00000, 0x0000000089c00000| Untracked 
|  89|0x0000000089d00000, 0x0000000089d00000, 0x0000000089e00000|  0%| F|  |TAMS 0x0000000089d00000, 0x0000000089d00000| Untracked 
|  90|0x0000000089e00000, 0x0000000089e00000, 0x0000000089f00000|  0%| F|  |TAMS 0x0000000089e00000, 0x0000000089e00000| Untracked 
|  91|0x0000000089f00000, 0x0000000089f00000, 0x000000008a000000|  0%| F|  |TAMS 0x0000000089f00000, 0x0000000089f00000| Untracked 
|  92|0x000000008a000000, 0x000000008a000000, 0x000000008a100000|  0%| F|  |TAMS 0x000000008a000000, 0x000000008a000000| Untracked 
|  93|0x000000008a100000, 0x000000008a100000, 0x000000008a200000|  0%| F|  |TAMS 0x000000008a100000, 0x000000008a100000| Untracked 
|  94|0x000000008a200000, 0x000000008a200000, 0x000000008a300000|  0%| F|  |TAMS 0x000000008a200000, 0x000000008a200000| Untracked 
|  95|0x000000008a300000, 0x000000008a300000, 0x000000008a400000|  0%| F|  |TAMS 0x000000008a300000, 0x000000008a300000| Untracked 
|  96|0x000000008a400000, 0x000000008a500000, 0x000000008a500000|100%| S|CS|TAMS 0x000000008a400000, 0x000000008a400000| Complete 
|  97|0x000000008a500000, 0x000000008a500000, 0x000000008a600000|  0%| F|  |TAMS 0x000000008a500000, 0x000000008a500000| Untracked 
|  98|0x000000008a600000, 0x000000008a600000, 0x000000008a700000|  0%| F|  |TAMS 0x000000008a600000, 0x000000008a600000| Untracked 
|  99|0x000000008a700000, 0x000000008a700000, 0x000000008a800000|  0%| F|  |TAMS 0x000000008a700000, 0x000000008a700000| Untracked 
| 100|0x000000008a800000, 0x000000008a800000, 0x000000008a900000|  0%| F|  |TAMS 0x000000008a800000, 0x000000008a800000| Untracked 
| 101|0x000000008a900000, 0x000000008a900000, 0x000000008aa00000|  0%| F|  |TAMS 0x000000008a900000, 0x000000008a900000| Untracked 
| 102|0x000000008aa00000, 0x000000008aa00000, 0x000000008ab00000|  0%| F|  |TAMS 0x000000008aa00000, 0x000000008aa00000| Untracked 
| 103|0x000000008ab00000, 0x000000008ab00000, 0x000000008ac00000|  0%| F|  |TAMS 0x000000008ab00000, 0x000000008ab00000| Untracked 
| 104|0x000000008ac00000, 0x000000008ad00000, 0x000000008ad00000|100%| S|CS|TAMS 0x000000008ac00000, 0x000000008ac00000| Complete 
| 105|0x000000008ad00000, 0x000000008ae00000, 0x000000008ae00000|100%| S|CS|TAMS 0x000000008ad00000, 0x000000008ad00000| Complete 
| 106|0x000000008ae00000, 0x000000008af00000, 0x000000008af00000|100%| S|CS|TAMS 0x000000008ae00000, 0x000000008ae00000| Complete 
| 107|0x000000008af00000, 0x000000008b000000, 0x000000008b000000|100%| S|CS|TAMS 0x000000008af00000, 0x000000008af00000| Complete 
| 108|0x000000008b000000, 0x000000008b000000, 0x000000008b100000|  0%| F|  |TAMS 0x000000008b000000, 0x000000008b000000| Untracked 
| 109|0x000000008b100000, 0x000000008b100000, 0x000000008b200000|  0%| F|  |TAMS 0x000000008b100000, 0x000000008b100000| Untracked 
| 110|0x000000008b200000, 0x000000008b200000, 0x000000008b300000|  0%| F|  |TAMS 0x000000008b200000, 0x000000008b200000| Untracked 
| 111|0x000000008b300000, 0x000000008b300000, 0x000000008b400000|  0%| F|  |TAMS 0x000000008b300000, 0x000000008b300000| Untracked 
| 112|0x000000008b400000, 0x000000008b400000, 0x000000008b500000|  0%| F|  |TAMS 0x000000008b400000, 0x000000008b400000| Untracked 
| 113|0x000000008b500000, 0x000000008b500000, 0x000000008b600000|  0%| F|  |TAMS 0x000000008b500000, 0x000000008b500000| Untracked 
| 114|0x000000008b600000, 0x000000008b600000, 0x000000008b700000|  0%| F|  |TAMS 0x000000008b600000, 0x000000008b600000| Untracked 
| 115|0x000000008b700000, 0x000000008b700000, 0x000000008b800000|  0%| F|  |TAMS 0x000000008b700000, 0x000000008b700000| Untracked 
| 116|0x000000008b800000, 0x000000008b800000, 0x000000008b900000|  0%| F|  |TAMS 0x000000008b800000, 0x000000008b800000| Untracked 
| 117|0x000000008b900000, 0x000000008b900000, 0x000000008ba00000|  0%| F|  |TAMS 0x000000008b900000, 0x000000008b900000| Untracked 
| 118|0x000000008ba00000, 0x000000008ba00000, 0x000000008bb00000|  0%| F|  |TAMS 0x000000008ba00000, 0x000000008ba00000| Untracked 
| 119|0x000000008bb00000, 0x000000008bb00000, 0x000000008bc00000|  0%| F|  |TAMS 0x000000008bb00000, 0x000000008bb00000| Untracked 
| 120|0x000000008bc00000, 0x000000008bc00000, 0x000000008bd00000|  0%| F|  |TAMS 0x000000008bc00000, 0x000000008bc00000| Untracked 
| 121|0x000000008bd00000, 0x000000008bd00000, 0x000000008be00000|  0%| F|  |TAMS 0x000000008bd00000, 0x000000008bd00000| Untracked 
| 122|0x000000008be00000, 0x000000008be00000, 0x000000008bf00000|  0%| F|  |TAMS 0x000000008be00000, 0x000000008be00000| Untracked 
| 123|0x000000008bf00000, 0x000000008bf00000, 0x000000008c000000|  0%| F|  |TAMS 0x000000008bf00000, 0x000000008bf00000| Untracked 
| 124|0x000000008c000000, 0x000000008c000000, 0x000000008c100000|  0%| F|  |TAMS 0x000000008c000000, 0x000000008c000000| Untracked 
| 125|0x000000008c100000, 0x000000008c100000, 0x000000008c200000|  0%| F|  |TAMS 0x000000008c100000, 0x000000008c100000| Untracked 
| 126|0x000000008c200000, 0x000000008c200000, 0x000000008c300000|  0%| F|  |TAMS 0x000000008c200000, 0x000000008c200000| Untracked 
| 127|0x000000008c300000, 0x000000008c300000, 0x000000008c400000|  0%| F|  |TAMS 0x000000008c300000, 0x000000008c300000| Untracked 
| 128|0x000000008c400000, 0x000000008c400000, 0x000000008c500000|  0%| F|  |TAMS 0x000000008c400000, 0x000000008c400000| Untracked 
| 129|0x000000008c500000, 0x000000008c500000, 0x000000008c600000|  0%| F|  |TAMS 0x000000008c500000, 0x000000008c500000| Untracked 
| 130|0x000000008c600000, 0x000000008c600000, 0x000000008c700000|  0%| F|  |TAMS 0x000000008c600000, 0x000000008c600000| Untracked 
| 131|0x000000008c700000, 0x000000008c700000, 0x000000008c800000|  0%| F|  |TAMS 0x000000008c700000, 0x000000008c700000| Untracked 
| 132|0x000000008c800000, 0x000000008c800000, 0x000000008c900000|  0%| F|  |TAMS 0x000000008c800000, 0x000000008c800000| Untracked 
| 133|0x000000008c900000, 0x000000008c900000, 0x000000008ca00000|  0%| F|  |TAMS 0x000000008c900000, 0x000000008c900000| Untracked 
| 134|0x000000008ca00000, 0x000000008ca00000, 0x000000008cb00000|  0%| F|  |TAMS 0x000000008ca00000, 0x000000008ca00000| Untracked 
| 135|0x000000008cb00000, 0x000000008cb00000, 0x000000008cc00000|  0%| F|  |TAMS 0x000000008cb00000, 0x000000008cb00000| Untracked 
| 136|0x000000008cc00000, 0x000000008cc00000, 0x000000008cd00000|  0%| F|  |TAMS 0x000000008cc00000, 0x000000008cc00000| Untracked 
| 137|0x000000008cd00000, 0x000000008cd00000, 0x000000008ce00000|  0%| F|  |TAMS 0x000000008cd00000, 0x000000008cd00000| Untracked 
| 138|0x000000008ce00000, 0x000000008ce00000, 0x000000008cf00000|  0%| F|  |TAMS 0x000000008ce00000, 0x000000008ce00000| Untracked 
| 139|0x000000008cf00000, 0x000000008cf00000, 0x000000008d000000|  0%| F|  |TAMS 0x000000008cf00000, 0x000000008cf00000| Untracked 
| 140|0x000000008d000000, 0x000000008d000000, 0x000000008d100000|  0%| F|  |TAMS 0x000000008d000000, 0x000000008d000000| Untracked 
| 141|0x000000008d100000, 0x000000008d100000, 0x000000008d200000|  0%| F|  |TAMS 0x000000008d100000, 0x000000008d100000| Untracked 
| 142|0x000000008d200000, 0x000000008d200000, 0x000000008d300000|  0%| F|  |TAMS 0x000000008d200000, 0x000000008d200000| Untracked 
| 143|0x000000008d300000, 0x000000008d300000, 0x000000008d400000|  0%| F|  |TAMS 0x000000008d300000, 0x000000008d300000| Untracked 
| 144|0x000000008d400000, 0x000000008d400000, 0x000000008d500000|  0%| F|  |TAMS 0x000000008d400000, 0x000000008d400000| Untracked 
| 145|0x000000008d500000, 0x000000008d500000, 0x000000008d600000|  0%| F|  |TAMS 0x000000008d500000, 0x000000008d500000| Untracked 

Card table byte_map: [0x000001cf69e40000,0x000001cf6a220000] _byte_map_base: 0x000001cf69a1e000

Marking Bits (Prev, Next): (CMBitMap*) 0x000001cf5536a410, (CMBitMap*) 0x000001cf5536a3d0
 Prev Bits: [0x000001cf6c4f0000, 0x000001cf6e3e0000)
 Next Bits: [0x000001cf6a600000, 0x000001cf6c4f0000)

Polling page: 0x000001cf553d0000

Metaspace:

Usage:
  Non-class:     63.03 MB used.
      Class:      8.03 MB used.
       Both:     71.06 MB used.

Virtual space:
  Non-class space:       64.00 MB reserved,      63.19 MB ( 99%) committed,  1 nodes.
      Class space:        1.00 GB reserved,       8.19 MB ( <1%) committed,  1 nodes.
             Both:        1.06 GB reserved,      71.38 MB (  7%) committed. 

Chunk freelists:
   Non-Class:  192.00 KB
       Class:  7.86 MB
        Both:  8.05 MB

MaxMetaspaceSize: unlimited
CompressedClassSpaceSize: 1.00 GB
Initial GC threshold: 21.00 MB
Current GC threshold: 89.06 MB
CDS: off
MetaspaceReclaimPolicy: balanced
 - commit_granule_bytes: 65536.
 - commit_granule_words: 8192.
 - virtual_space_node_default_size: 8388608.
 - enlarge_chunks_in_place: 1.
 - new_chunks_are_fully_committed: 0.
 - uncommit_free_chunks: 1.
 - use_allocation_guard: 0.
 - handle_deallocations: 1.


Internal statistics:

num_allocs_failed_limit: 6.
num_arena_births: 328.
num_arena_deaths: 0.
num_vsnodes_births: 2.
num_vsnodes_deaths: 0.
num_space_committed: 1140.
num_space_uncommitted: 0.
num_chunks_returned_to_freelist: 6.
num_chunks_taken_from_freelist: 2700.
num_chunk_merges: 6.
num_chunk_splits: 2163.
num_chunks_enlarged: 1881.
num_inconsistent_stats: 0.

CodeHeap 'non-profiled nmethods': size=120000Kb used=3789Kb max_used=4192Kb free=116210Kb
 bounds [0x000001cf61ad0000, 0x000001cf61ef0000, 0x000001cf69000000]
CodeHeap 'profiled nmethods': size=120000Kb used=21942Kb max_used=22584Kb free=98057Kb
 bounds [0x000001cf5a000000, 0x000001cf5b610000, 0x000001cf61530000]
CodeHeap 'non-nmethods': size=5760Kb used=1370Kb max_used=1447Kb free=4390Kb
 bounds [0x000001cf61530000, 0x000001cf617a0000, 0x000001cf61ad0000]
 total_blobs=11118 nmethods=10438 adapters=590
 compilation: enabled
              stopped_count=0, restarted_count=0
 full_count=0

Compilation events (20 events):
Event: 13.447 Thread 0x000001cf7107c540 12041 %     3       org.jetbrains.kotlin.builtins.KotlinBuiltIns::isUnderKotlinPackage @ 11 (50 bytes)
Event: 13.447 Thread 0x000001cf7107c540 nmethod 12041% 0x000001cf5ac9b390 code [0x000001cf5ac9b5a0, 0x000001cf5ac9bc78]
Event: 13.447 Thread 0x000001cf7107c540 12038       3       org.jetbrains.kotlin.resolve.calls.checkers.AssigningNamedArgumentToVarargChecker::check (154 bytes)
Event: 13.449 Thread 0x000001cf7107c540 nmethod 12038 0x000001cf5a79fa10 code [0x000001cf5a79fe60, 0x000001cf5a7a1c28]
Event: 13.449 Thread 0x000001cf7107c540 12035       3       org.jetbrains.kotlin.resolve.checkers.MissingDependencyClassChecker::collectDiagnostics (163 bytes)
Event: 13.450 Thread 0x000001cf7107c540 nmethod 12035 0x000001cf5a79e390 code [0x000001cf5a79e680, 0x000001cf5a79f528]
Event: 13.450 Thread 0x000001cf7107c540 12031       3       org.jetbrains.kotlin.resolve.calls.checkers.BuilderFunctionsCallChecker::check (174 bytes)
Event: 13.452 Thread 0x000001cf7107c540 nmethod 12031 0x000001cf5ad2a590 code [0x000001cf5ad2ab00, 0x000001cf5ad2d718]
Event: 13.452 Thread 0x000001cf7107c540 12040       3       org.jetbrains.kotlin.resolve.calls.checkers.ImplicitNothingAsTypeParameterCallChecker::checkByReturnPositionWithoutExpected (598 bytes)
Event: 13.459 Thread 0x000001cf7814c1c0 nmethod 12006 0x000001cf61c38c90 code [0x000001cf61c38f20, 0x000001cf61c39c90]
Event: 13.459 Thread 0x000001cf7814c1c0 12014       4       org.jetbrains.kotlin.types.checker.SimpleClassicTypeSystemContext::isError (6 bytes)
Event: 13.459 Thread 0x000001cf7107c540 nmethod 12040 0x000001cf5a440d10 code [0x000001cf5a441880, 0x000001cf5a4485c8]
Event: 13.459 Thread 0x000001cf7107c540 12032       3       org.jetbrains.kotlin.resolve.calls.checkers.DslScopeViolationCallChecker::check (212 bytes)
Event: 13.462 Thread 0x000001cf7814c1c0 nmethod 12014 0x000001cf61e70110 code [0x000001cf61e702c0, 0x000001cf61e70468]
Event: 13.462 Thread 0x000001cf7814c1c0 12025       4       org.jetbrains.kotlin.utils.SmartList$SingletonIteratorBase::next (29 bytes)
Event: 13.462 Thread 0x000001cf7107c540 nmethod 12032 0x000001cf5ab96a90 code [0x000001cf5ab96fe0, 0x000001cf5ab99998]
Event: 13.462 Thread 0x000001cf7107c540 12033       3       org.jetbrains.kotlin.resolve.calls.util.ResolvedCallUtilKt::getImplicitReceivers (133 bytes)
Event: 13.463 Thread 0x000001cf7814c1c0 nmethod 12025 0x000001cf61e6fd90 code [0x000001cf61e6ff00, 0x000001cf61e6ffd8]
Event: 13.463 Thread 0x000001cf7814c1c0 12004       4       org.jetbrains.kotlin.resolve.DescriptorUtils::isKindOf (35 bytes)
Event: 13.464 Thread 0x000001cf7107c540 nmethod 12033 0x000001cf5ad6dc10 code [0x000001cf5ad6e020, 0x000001cf5ad70048]

GC Heap History (20 events):
Event: 4.698 GC heap after
{Heap after GC invocations=13 (full 0):
 garbage-first heap   total 76800K, used 31709K [0x0000000084400000, 0x0000000100000000)
  region size 1024K, 3 young (3072K), 3 survivors (3072K)
 Metaspace       used 48322K, committed 48576K, reserved 1114112K
  class space    used 5870K, committed 6016K, reserved 1048576K
}
Event: 5.212 GC heap before
{Heap before GC invocations=13 (full 0):
 garbage-first heap   total 76800K, used 56285K [0x0000000084400000, 0x0000000100000000)
  region size 1024K, 28 young (28672K), 3 survivors (3072K)
 Metaspace       used 51430K, committed 51712K, reserved 1114112K
  class space    used 6238K, committed 6400K, reserved 1048576K
}
Event: 5.228 GC heap after
{Heap after GC invocations=14 (full 0):
 garbage-first heap   total 76800K, used 36864K [0x0000000084400000, 0x0000000100000000)
  region size 1024K, 4 young (4096K), 4 survivors (4096K)
 Metaspace       used 51430K, committed 51712K, reserved 1114112K
  class space    used 6238K, committed 6400K, reserved 1048576K
}
Event: 5.814 GC heap before
{Heap before GC invocations=14 (full 0):
 garbage-first heap   total 76800K, used 58368K [0x0000000084400000, 0x0000000100000000)
  region size 1024K, 25 young (25600K), 4 survivors (4096K)
 Metaspace       used 53870K, committed 54144K, reserved 1114112K
  class space    used 6477K, committed 6592K, reserved 1048576K
}
Event: 5.834 GC heap after
{Heap after GC invocations=15 (full 0):
 garbage-first heap   total 76800K, used 41669K [0x0000000084400000, 0x0000000100000000)
  region size 1024K, 4 young (4096K), 4 survivors (4096K)
 Metaspace       used 53870K, committed 54144K, reserved 1114112K
  class space    used 6477K, committed 6592K, reserved 1048576K
}
Event: 5.899 GC heap before
{Heap before GC invocations=15 (full 0):
 garbage-first heap   total 76800K, used 43717K [0x0000000084400000, 0x0000000100000000)
  region size 1024K, 7 young (7168K), 4 survivors (4096K)
 Metaspace       used 54400K, committed 54656K, reserved 1114112K
  class space    used 6548K, committed 6656K, reserved 1048576K
}
Event: 5.916 GC heap after
{Heap after GC invocations=16 (full 0):
 garbage-first heap   total 76800K, used 42763K [0x0000000084400000, 0x0000000100000000)
  region size 1024K, 1 young (1024K), 1 survivors (1024K)
 Metaspace       used 54400K, committed 54656K, reserved 1114112K
  class space    used 6548K, committed 6656K, reserved 1048576K
}
Event: 6.014 GC heap before
{Heap before GC invocations=17 (full 0):
 garbage-first heap   total 94208K, used 59147K [0x0000000084400000, 0x0000000100000000)
  region size 1024K, 17 young (17408K), 1 survivors (1024K)
 Metaspace       used 54427K, committed 54720K, reserved 1114112K
  class space    used 6548K, committed 6656K, reserved 1048576K
}
Event: 6.017 GC heap after
{Heap after GC invocations=18 (full 0):
 garbage-first heap   total 94208K, used 43008K [0x0000000084400000, 0x0000000100000000)
  region size 1024K, 1 young (1024K), 1 survivors (1024K)
 Metaspace       used 54427K, committed 54720K, reserved 1114112K
  class space    used 6548K, committed 6656K, reserved 1048576K
}
Event: 6.026 GC heap before
{Heap before GC invocations=18 (full 0):
 garbage-first heap   total 94208K, used 46080K [0x0000000084400000, 0x0000000100000000)
  region size 1024K, 4 young (4096K), 1 survivors (1024K)
 Metaspace       used 54427K, committed 54720K, reserved 1114112K
  class space    used 6548K, committed 6656K, reserved 1048576K
}
Event: 6.030 GC heap after
{Heap after GC invocations=19 (full 0):
 garbage-first heap   total 149504K, used 42853K [0x0000000084400000, 0x0000000100000000)
  region size 1024K, 1 young (1024K), 1 survivors (1024K)
 Metaspace       used 54427K, committed 54720K, reserved 1114112K
  class space    used 6548K, committed 6656K, reserved 1048576K
}
Event: 7.949 GC heap before
{Heap before GC invocations=19 (full 0):
 garbage-first heap   total 149504K, used 105317K [0x0000000084400000, 0x0000000100000000)
  region size 1024K, 62 young (63488K), 1 survivors (1024K)
 Metaspace       used 60343K, committed 60608K, reserved 1114112K
  class space    used 7200K, committed 7360K, reserved 1048576K
}
Event: 7.968 GC heap after
{Heap after GC invocations=20 (full 0):
 garbage-first heap   total 149504K, used 50402K [0x0000000084400000, 0x0000000100000000)
  region size 1024K, 8 young (8192K), 8 survivors (8192K)
 Metaspace       used 60343K, committed 60608K, reserved 1114112K
  class space    used 7200K, committed 7360K, reserved 1048576K
}
Event: 9.548 GC heap before
{Heap before GC invocations=20 (full 0):
 garbage-first heap   total 149504K, used 108770K [0x0000000084400000, 0x0000000100000000)
  region size 1024K, 65 young (66560K), 8 survivors (8192K)
 Metaspace       used 63974K, committed 64320K, reserved 1114112K
  class space    used 7603K, committed 7744K, reserved 1048576K
}
Event: 9.580 GC heap after
{Heap after GC invocations=21 (full 0):
 garbage-first heap   total 149504K, used 59900K [0x0000000084400000, 0x0000000100000000)
  region size 1024K, 9 young (9216K), 9 survivors (9216K)
 Metaspace       used 63974K, committed 64320K, reserved 1114112K
  class space    used 7603K, committed 7744K, reserved 1048576K
}
Event: 11.132 GC heap before
{Heap before GC invocations=21 (full 0):
 garbage-first heap   total 149504K, used 113148K [0x0000000084400000, 0x0000000100000000)
  region size 1024K, 59 young (60416K), 9 survivors (9216K)
 Metaspace       used 66410K, committed 66752K, reserved 1114112K
  class space    used 7712K, committed 7872K, reserved 1048576K
}
Event: 11.165 GC heap after
{Heap after GC invocations=22 (full 0):
 garbage-first heap   total 149504K, used 71071K [0x0000000084400000, 0x0000000100000000)
  region size 1024K, 8 young (8192K), 8 survivors (8192K)
 Metaspace       used 66410K, committed 66752K, reserved 1114112K
  class space    used 7712K, committed 7872K, reserved 1048576K
}
Event: 12.326 GC heap before
{Heap before GC invocations=22 (full 0):
 garbage-first heap   total 149504K, used 114079K [0x0000000084400000, 0x0000000100000000)
  region size 1024K, 50 young (51200K), 8 survivors (8192K)
 Metaspace       used 67472K, committed 67840K, reserved 1114112K
  class space    used 7714K, committed 7872K, reserved 1048576K
}
Event: 12.349 GC heap after
{Heap after GC invocations=23 (full 0):
 garbage-first heap   total 149504K, used 78336K [0x0000000084400000, 0x0000000100000000)
  region size 1024K, 7 young (7168K), 7 survivors (7168K)
 Metaspace       used 67472K, committed 67840K, reserved 1114112K
  class space    used 7714K, committed 7872K, reserved 1048576K
}
Event: 13.464 GC heap before
{Heap before GC invocations=23 (full 0):
 garbage-first heap   total 149504K, used 117248K [0x0000000084400000, 0x0000000100000000)
  region size 1024K, 45 young (46080K), 7 survivors (7168K)
 Metaspace       used 72770K, committed 73088K, reserved 1114112K
  class space    used 8225K, committed 8384K, reserved 1048576K
}

Dll operation events (2 events):
Event: 0.012 Loaded shared library C:\Program Files\Android\Android Studio\jbr\bin\java.dll
Event: 1.916 Loaded shared library C:\Program Files\Android\Android Studio\jbr\bin\verify.dll

Deoptimization events (20 events):
Event: 12.880 Thread 0x000001cf5524a780 DEOPT PACKING pc=0x000001cf61e3c010 sp=0x00000058806fd180
Event: 12.880 Thread 0x000001cf5524a780 DEOPT UNPACKING pc=0x000001cf6158a1a3 sp=0x00000058806fd0f8 mode 2
Event: 12.881 Thread 0x000001cf5524a780 Uncommon trap: trap_request=0xffffffc6 fr.pc=0x000001cf61e3c010 relative=0x0000000000000410
Event: 12.881 Thread 0x000001cf5524a780 Uncommon trap: reason=bimorphic_or_optimized_type_check action=maybe_recompile pc=0x000001cf61e3c010 method=org.jetbrains.kotlin.util.slicedMap.SlicedMapImpl.get(Lorg/jetbrains/kotlin/util/slicedMap/ReadOnlySlice;Ljava/lang/Object;)Ljava/lang/Object; @ 62
Event: 12.881 Thread 0x000001cf5524a780 DEOPT PACKING pc=0x000001cf61e3c010 sp=0x00000058806fd180
Event: 12.881 Thread 0x000001cf5524a780 DEOPT UNPACKING pc=0x000001cf6158a1a3 sp=0x00000058806fd0f8 mode 2
Event: 12.889 Thread 0x000001cf5524a780 Uncommon trap: trap_request=0xffffffc6 fr.pc=0x000001cf61e3c010 relative=0x0000000000000410
Event: 12.889 Thread 0x000001cf5524a780 Uncommon trap: reason=bimorphic_or_optimized_type_check action=maybe_recompile pc=0x000001cf61e3c010 method=org.jetbrains.kotlin.util.slicedMap.SlicedMapImpl.get(Lorg/jetbrains/kotlin/util/slicedMap/ReadOnlySlice;Ljava/lang/Object;)Ljava/lang/Object; @ 62
Event: 12.889 Thread 0x000001cf5524a780 DEOPT PACKING pc=0x000001cf61e3c010 sp=0x00000058806fd180
Event: 12.889 Thread 0x000001cf5524a780 DEOPT UNPACKING pc=0x000001cf6158a1a3 sp=0x00000058806fd0f8 mode 2
Event: 12.890 Thread 0x000001cf5524a780 Uncommon trap: trap_request=0xffffffc6 fr.pc=0x000001cf61e3c010 relative=0x0000000000000410
Event: 12.890 Thread 0x000001cf5524a780 Uncommon trap: reason=bimorphic_or_optimized_type_check action=maybe_recompile pc=0x000001cf61e3c010 method=org.jetbrains.kotlin.util.slicedMap.SlicedMapImpl.get(Lorg/jetbrains/kotlin/util/slicedMap/ReadOnlySlice;Ljava/lang/Object;)Ljava/lang/Object; @ 62
Event: 12.890 Thread 0x000001cf5524a780 DEOPT PACKING pc=0x000001cf61e3c010 sp=0x00000058806fd180
Event: 12.890 Thread 0x000001cf5524a780 DEOPT UNPACKING pc=0x000001cf6158a1a3 sp=0x00000058806fd0f8 mode 2
Event: 12.952 Thread 0x000001cf5524a780 DEOPT PACKING pc=0x000001cf5b57c58c sp=0x00000058806fd530
Event: 12.952 Thread 0x000001cf5524a780 DEOPT UNPACKING pc=0x000001cf6158ace3 sp=0x00000058806fcb78 mode 0
Event: 12.952 Thread 0x000001cf5524a780 DEOPT PACKING pc=0x000001cf5b57cd54 sp=0x00000058806fd880
Event: 12.952 Thread 0x000001cf5524a780 DEOPT UNPACKING pc=0x000001cf6158ace3 sp=0x00000058806fcec8 mode 0
Event: 13.303 Thread 0x000001cf5524a780 DEOPT PACKING pc=0x000001cf5b560b08 sp=0x00000058806fdbc0
Event: 13.303 Thread 0x000001cf5524a780 DEOPT UNPACKING pc=0x000001cf6158ace3 sp=0x00000058806fd068 mode 0

Classes unloaded (0 events):
No events

Classes redefined (0 events):
No events

Internal exceptions (20 events):
Event: 6.808 Thread 0x000001cf5524a780 Exception <a 'java/lang/NoSuchMethodError'{0x000000008b9b7618}: 'java.lang.Object java.lang.invoke.DirectMethodHandle$Holder.invokeStatic(java.lang.Object, java.lang.Object, java.lang.Object, java.lang.Object, int)'> (0x000000008b9b7618) 
thrown [s\src\hotspot\share\interpreter\linkResolver.cpp, line 771]
Event: 6.809 Thread 0x000001cf5524a780 Exception <a 'java/lang/NoSuchMethodError'{0x000000008b9c0f60}: 'java.lang.Object java.lang.invoke.DirectMethodHandle$Holder.newInvokeSpecial(java.lang.Object, java.lang.Object, java.lang.Object, java.lang.Object, int)'> (0x000000008b9c0f60) 
thrown [s\src\hotspot\share\interpreter\linkResolver.cpp, line 771]
Event: 6.810 Thread 0x000001cf5524a780 Exception <a 'java/lang/NoSuchMethodError'{0x000000008b9c9030}: 'java.lang.Object java.lang.invoke.Invokers$Holder.linkToTargetMethod(java.lang.Object, java.lang.Object, java.lang.Object, int, java.lang.Object)'> (0x000000008b9c9030) 
thrown [s\src\hotspot\share\interpreter\linkResolver.cpp, line 771]
Event: 7.043 Thread 0x000001cf5524a780 Implicit null exception at 0x000001cf61d60a00 to 0x000001cf61d60a91
Event: 7.091 Thread 0x000001cf5524a780 Exception <a 'java/lang/NoSuchMethodError'{0x000000008b33ab20}: 'java.lang.Object java.lang.invoke.DirectMethodHandle$Holder.newInvokeSpecial(java.lang.Object, java.lang.Object, java.lang.Object, java.lang.Object, java.lang.Object, java.lang.Object, java.lang.Object, java.lang.Object)'> (0x000000008b33ab20) 
thrown [s\src\hotspot\share\interpreter\linkResolver.cpp, line 771]
Event: 7.092 Thread 0x000001cf5524a780 Exception <a 'java/lang/NoSuchMethodError'{0x000000008b340138}: 'java.lang.Object java.lang.invoke.DirectMethodHandle$Holder.invokeSpecial(java.lang.Object, java.lang.Object, java.lang.Object, java.lang.Object, java.lang.Object, java.lang.Object, java.lang.Object, java.lang.Object, java.lang.Object)'> (0x000000008b340138) 
thrown [s\src\hotspot\share\interpreter\linkResolver.cpp, line 771]
Event: 7.092 Thread 0x000001cf5524a780 Exception <a 'java/lang/NoSuchMethodError'{0x000000008b345068}: 'java.lang.Object java.lang.invoke.Invokers$Holder.linkToTargetMethod(java.lang.Object, java.lang.Object, java.lang.Object, java.lang.Object, java.lang.Object, java.lang.Object, java.lang.Object, java.lang.Object)'> (0x000000008b345068) 
thrown [s\src\hotspot\share\interpreter\linkResolver.cpp, line 771]
Event: 7.158 Thread 0x000001cf5524a780 Exception <a 'java/lang/NoSuchMethodError'{0x000000008b2a83d0}: 'java.lang.Object java.lang.invoke.DirectMethodHandle$Holder.invokeStaticInit(java.lang.Object, java.lang.Object, java.lang.Object)'> (0x000000008b2a83d0) 
thrown [s\src\hotspot\share\interpreter\linkResolver.cpp, line 771]
Event: 7.177 Thread 0x000001cf5524a780 Exception <a 'java/lang/NoSuchMethodError'{0x000000008b2ed170}: 'java.lang.Object java.lang.invoke.DirectMethodHandle$Holder.newInvokeSpecial(java.lang.Object, int, java.lang.Object)'> (0x000000008b2ed170) 
thrown [s\src\hotspot\share\interpreter\linkResolver.cpp, line 771]
Event: 7.179 Thread 0x000001cf5524a780 Exception <a 'java/lang/NoSuchMethodError'{0x000000008b2f35b8}: 'int java.lang.invoke.DirectMethodHandle$Holder.invokeInterface(java.lang.Object, java.lang.Object)'> (0x000000008b2f35b8) 
thrown [s\src\hotspot\share\interpreter\linkResolver.cpp, line 771]
Event: 7.548 Thread 0x000001cf5524a780 Exception <a 'java/lang/NoSuchMethodError'{0x000000008a6a9dc0}: 'java.lang.Object java.lang.invoke.DirectMethodHandle$Holder.newInvokeSpecial(java.lang.Object, java.lang.Object, java.lang.Object, java.lang.Object, java.lang.Object, java.lang.Object, java.lang.Object)'> (0x000000008a6a9dc0) 
thrown [s\src\hotspot\share\interpreter\linkResolver.cpp, line 771]
Event: 7.549 Thread 0x000001cf5524a780 Exception <a 'java/lang/NoSuchMethodError'{0x000000008a6ae978}: 'java.lang.Object java.lang.invoke.Invokers$Holder.linkToTargetMethod(java.lang.Object, java.lang.Object, java.lang.Object, java.lang.Object, java.lang.Object, java.lang.Object, java.lang.Object)'> (0x000000008a6ae978) 
thrown [s\src\hotspot\share\interpreter\linkResolver.cpp, line 771]
Event: 8.286 Thread 0x000001cf5524a780 Exception <a 'java/lang/NoSuchMethodError'{0x000000008cfca228}: 'java.lang.Object java.lang.invoke.DirectMethodHandle$Holder.invokeStatic(java.lang.Object, int, java.lang.Object)'> (0x000000008cfca228) 
thrown [s\src\hotspot\share\interpreter\linkResolver.cpp, line 771]
Event: 8.431 Thread 0x000001cf5524a780 Exception <a 'java/lang/NoSuchMethodError'{0x000000008cc46f88}: 'int java.lang.invoke.DirectMethodHandle$Holder.invokeStaticInit(java.lang.Object, int)'> (0x000000008cc46f88) 
thrown [s\src\hotspot\share\interpreter\linkResolver.cpp, line 771]
Event: 8.468 Thread 0x000001cf5524a780 Exception <a 'java/lang/NoSuchMethodError'{0x000000008ccf5bf0}: 'java.lang.Object java.lang.invoke.DirectMethodHandle$Holder.newInvokeSpecial(java.lang.Object, int, java.lang.Object, java.lang.Object)'> (0x000000008ccf5bf0) 
thrown [s\src\hotspot\share\interpreter\linkResolver.cpp, line 771]
Event: 9.319 Thread 0x000001cf5524a780 Exception <a 'java/lang/NoSuchMethodError'{0x000000008a332260}: 'void java.lang.invoke.DirectMethodHandle$Holder.invokeSpecial(java.lang.Object, java.lang.Object, int, java.lang.Object)'> (0x000000008a332260) 
thrown [s\src\hotspot\share\interpreter\linkResolver.cpp, line 771]
Event: 9.343 Thread 0x000001cf5524a780 Exception <a 'java/lang/NoSuchMethodError'{0x000000008a3ebac0}: 'void java.lang.invoke.DirectMethodHandle$Holder.invokeInterface(java.lang.Object, java.lang.Object)'> (0x000000008a3ebac0) 
thrown [s\src\hotspot\share\interpreter\linkResolver.cpp, line 771]
Event: 9.526 Thread 0x000001cf5524a780 Exception <a 'java/lang/IncompatibleClassChangeError'{0x0000000089d51030}: Found class java.lang.Object, but interface was expected> (0x0000000089d51030) 
thrown [s\src\hotspot\share\interpreter\linkResolver.cpp, line 838]
Event: 9.651 Thread 0x000001cf5524a780 Exception <a 'java/lang/NoSuchMethodError'{0x000000008d3989b8}: 'java.lang.Object java.lang.invoke.DirectMethodHandle$Holder.invokeInterface(java.lang.Object, java.lang.Object, java.lang.Object)'> (0x000000008d3989b8) 
thrown [s\src\hotspot\share\interpreter\linkResolver.cpp, line 771]
Event: 9.651 Thread 0x000001cf5524a780 Exception <a 'java/lang/IncompatibleClassChangeError'{0x000000008d39c5d0}: Found class java.lang.Object, but interface was expected> (0x000000008d39c5d0) 
thrown [s\src\hotspot\share\interpreter\linkResolver.cpp, line 838]

VM Operations (20 events):
Event: 12.895 Executing VM operation: ICBufferFull done
Event: 12.951 Executing VM operation: HandshakeAllThreads
Event: 12.951 Executing VM operation: HandshakeAllThreads done
Event: 12.982 Executing VM operation: ICBufferFull
Event: 12.982 Executing VM operation: ICBufferFull done
Event: 13.056 Executing VM operation: HandshakeAllThreads
Event: 13.056 Executing VM operation: HandshakeAllThreads done
Event: 13.075 Executing VM operation: ICBufferFull
Event: 13.075 Executing VM operation: ICBufferFull done
Event: 13.084 Executing VM operation: HandshakeAllThreads
Event: 13.084 Executing VM operation: HandshakeAllThreads done
Event: 13.111 Executing VM operation: HandshakeAllThreads
Event: 13.111 Executing VM operation: HandshakeAllThreads done
Event: 13.132 Executing VM operation: ICBufferFull
Event: 13.132 Executing VM operation: ICBufferFull done
Event: 13.133 Executing VM operation: ICBufferFull
Event: 13.133 Executing VM operation: ICBufferFull done
Event: 13.302 Executing VM operation: ICBufferFull
Event: 13.302 Executing VM operation: ICBufferFull done
Event: 13.464 Executing VM operation: G1CollectForAllocation

Events (20 events):
Event: 13.135 Thread 0x000001cf7107ce50 flushing nmethod 0x000001cf5b2edc90
Event: 13.135 Thread 0x000001cf7107ce50 flushing nmethod 0x000001cf5b2f6210
Event: 13.135 Thread 0x000001cf7107ce50 flushing nmethod 0x000001cf5b2fc810
Event: 13.135 Thread 0x000001cf7107ce50 flushing nmethod 0x000001cf5b310810
Event: 13.135 Thread 0x000001cf7107ce50 flushing nmethod 0x000001cf5b35ad90
Event: 13.135 Thread 0x000001cf7107ce50 flushing nmethod 0x000001cf5b36de90
Event: 13.135 Thread 0x000001cf7107ce50 flushing nmethod 0x000001cf5b399f90
Event: 13.135 Thread 0x000001cf7107ce50 flushing nmethod 0x000001cf5b3cac10
Event: 13.135 Thread 0x000001cf7107ce50 flushing nmethod 0x000001cf5b3d5610
Event: 13.136 Thread 0x000001cf7107ce50 flushing nmethod 0x000001cf5b3df010
Event: 13.136 Thread 0x000001cf7107ce50 flushing nmethod 0x000001cf5b3e4790
Event: 13.136 Thread 0x000001cf7107ce50 flushing nmethod 0x000001cf5b43db90
Event: 13.136 Thread 0x000001cf7107ce50 flushing nmethod 0x000001cf5b44a910
Event: 13.136 Thread 0x000001cf7107ce50 flushing nmethod 0x000001cf5b4a2f90
Event: 13.136 Thread 0x000001cf7107ce50 flushing nmethod 0x000001cf5b4a4090
Event: 13.137 Thread 0x000001cf7107ce50 flushing nmethod 0x000001cf5b4bb210
Event: 13.137 Thread 0x000001cf7107ce50 flushing nmethod 0x000001cf5b4c4e10
Event: 13.137 Thread 0x000001cf7107ce50 flushing nmethod 0x000001cf5b512f10
Event: 13.137 Thread 0x000001cf7107ce50 flushing nmethod 0x000001cf5b522390
Event: 13.138 Thread 0x000001cf7107ce50 flushing nmethod 0x000001cf5b57b010


Dynamic libraries:
0x00007ff61cb20000 - 0x00007ff61cb2a000 	C:\Program Files\Android\Android Studio\jbr\bin\java.exe
0x00007ff986690000 - 0x00007ff986888000 	C:\Windows\SYSTEM32\ntdll.dll
0x00007ff984cf0000 - 0x00007ff984db2000 	C:\Windows\System32\KERNEL32.DLL
0x00007ff983e80000 - 0x00007ff98417e000 	C:\Windows\System32\KERNELBASE.dll
0x00007ff984450000 - 0x00007ff984550000 	C:\Windows\System32\ucrtbase.dll
0x00007ff9460d0000 - 0x00007ff9460eb000 	C:\Program Files\Android\Android Studio\jbr\bin\VCRUNTIME140.dll
0x00007ff970e30000 - 0x00007ff970e47000 	C:\Program Files\Android\Android Studio\jbr\bin\jli.dll
0x00007ff985f00000 - 0x00007ff98609d000 	C:\Windows\System32\USER32.dll
0x00007ff983e00000 - 0x00007ff983e22000 	C:\Windows\System32\win32u.dll
0x00007ff9704b0000 - 0x00007ff97074a000 	C:\Windows\WinSxS\amd64_microsoft.windows.common-controls_6595b64144ccf1df_6.0.19041.4355_none_60b8b9eb71f62e16\COMCTL32.dll
0x00007ff984f20000 - 0x00007ff984f4b000 	C:\Windows\System32\GDI32.dll
0x00007ff986130000 - 0x00007ff9861ce000 	C:\Windows\System32\msvcrt.dll
0x00007ff9842c0000 - 0x00007ff9843d7000 	C:\Windows\System32\gdi32full.dll
0x00007ff983d60000 - 0x00007ff983dfd000 	C:\Windows\System32\msvcp_win.dll
0x00007ff984dc0000 - 0x00007ff984def000 	C:\Windows\System32\IMM32.DLL
0x00007ff96f2d0000 - 0x00007ff96f2dc000 	C:\Program Files\Android\Android Studio\jbr\bin\vcruntime140_1.dll
0x00007ff933d80000 - 0x00007ff933e0d000 	C:\Program Files\Android\Android Studio\jbr\bin\msvcp140.dll
0x00007ff930aa0000 - 0x00007ff931723000 	C:\Program Files\Android\Android Studio\jbr\bin\server\jvm.dll
0x00007ff984df0000 - 0x00007ff984ea2000 	C:\Windows\System32\ADVAPI32.dll
0x00007ff985cc0000 - 0x00007ff985d60000 	C:\Windows\System32\sechost.dll
0x00007ff9847a0000 - 0x00007ff9848c3000 	C:\Windows\System32\RPCRT4.dll
0x00007ff983d30000 - 0x00007ff983d57000 	C:\Windows\System32\bcrypt.dll
0x00007ff980b30000 - 0x00007ff980b39000 	C:\Windows\SYSTEM32\WSOCK32.dll
0x00007ff984eb0000 - 0x00007ff984f1b000 	C:\Windows\System32\WS2_32.dll
0x00007ff9822f0000 - 0x00007ff982317000 	C:\Windows\SYSTEM32\WINMM.dll
0x00007ff983270000 - 0x00007ff9832bb000 	C:\Windows\SYSTEM32\POWRPROF.dll
0x00007ff97a0d0000 - 0x00007ff97a0da000 	C:\Windows\SYSTEM32\VERSION.dll
0x00007ff983130000 - 0x00007ff983142000 	C:\Windows\SYSTEM32\UMPDC.dll
0x00007ff982550000 - 0x00007ff982562000 	C:\Windows\SYSTEM32\kernel.appcore.dll
0x00007ff9805d0000 - 0x00007ff9805da000 	C:\Program Files\Android\Android Studio\jbr\bin\jimage.dll
0x00007ff9820c0000 - 0x00007ff9822a4000 	C:\Windows\SYSTEM32\DBGHELP.DLL
0x00007ff9822b0000 - 0x00007ff9822e4000 	C:\Windows\SYSTEM32\dbgcore.DLL
0x00007ff984180000 - 0x00007ff984202000 	C:\Windows\System32\bcryptPrimitives.dll
0x00007ff97e4d0000 - 0x00007ff97e4f5000 	C:\Program Files\Android\Android Studio\jbr\bin\java.dll
0x00007ff97f130000 - 0x00007ff97f148000 	C:\Program Files\Android\Android Studio\jbr\bin\zip.dll
0x00007ff9854f0000 - 0x00007ff985c5f000 	C:\Windows\System32\SHELL32.dll
0x00007ff981840000 - 0x00007ff981fe4000 	C:\Windows\SYSTEM32\windows.storage.dll
0x00007ff985080000 - 0x00007ff9853d3000 	C:\Windows\System32\combase.dll
0x00007ff983760000 - 0x00007ff98378e000 	C:\Windows\SYSTEM32\Wldp.dll
0x00007ff9846d0000 - 0x00007ff98479d000 	C:\Windows\System32\OLEAUT32.dll
0x00007ff985440000 - 0x00007ff9854ed000 	C:\Windows\System32\SHCORE.dll
0x00007ff984a00000 - 0x00007ff984a55000 	C:\Windows\System32\shlwapi.dll
0x00007ff983c60000 - 0x00007ff983c84000 	C:\Windows\SYSTEM32\profapi.dll
0x00007ff97add0000 - 0x00007ff97ade9000 	C:\Program Files\Android\Android Studio\jbr\bin\net.dll
0x00007ff97fd90000 - 0x00007ff97fe9d000 	C:\Windows\SYSTEM32\WINHTTP.dll
0x00007ff9834c0000 - 0x00007ff98352a000 	C:\Windows\system32\mswsock.dll
0x00007ff97adb0000 - 0x00007ff97adc6000 	C:\Program Files\Android\Android Studio\jbr\bin\nio.dll
0x00007ff97ad90000 - 0x00007ff97ada0000 	C:\Program Files\Android\Android Studio\jbr\bin\verify.dll

dbghelp: loaded successfully - version: 4.0.5 - missing functions: none
symbol engine: initialized successfully - sym options: 0x614 - pdb path: .;C:\Program Files\Android\Android Studio\jbr\bin;C:\Windows\SYSTEM32;C:\Windows\WinSxS\amd64_microsoft.windows.common-controls_6595b64144ccf1df_6.0.19041.4355_none_60b8b9eb71f62e16;C:\Program Files\Android\Android Studio\jbr\bin\server

VM Arguments:
java_command: org.jetbrains.kotlin.cli.jvm.K2JVMCompiler @C:\Users\User\AndroidStudioProjects\MovaLast17.10\Mova\app\build\20241021_13009502829175555518.compiler.options
java_class_path (initial): C:\Users\User\.gradle\caches\modules-2\files-2.1\org.jetbrains.kotlin\kotlin-compiler-embeddable\1.9.0\2c8c3a7402becca891f12739b3e9fd2dc2adbd7a\kotlin-compiler-embeddable-1.9.0.jar;C:\Users\User\.gradle\caches\modules-2\files-2.1\org.jetbrains.kotlin\kotlin-stdlib\1.9.0\8ee15ef0c67dc83d874f412d84378d7f0eb50b63\kotlin-stdlib-1.9.0.jar;C:\Users\User\.gradle\caches\modules-2\files-2.1\org.jetbrains.kotlin\kotlin-script-runtime\1.9.0\4b3102cbbb7e1b58d9d1adf89563f00069ffa7d1\kotlin-script-runtime-1.9.0.jar;C:\Users\User\.gradle\caches\modules-2\files-2.1\org.jetbrains.kotlin\kotlin-reflect\1.6.10\1cbe9c92c12a94eea200d23c2bbaedaf3daf5132\kotlin-reflect-1.6.10.jar;C:\Users\User\.gradle\caches\modules-2\files-2.1\org.jetbrains.kotlin\kotlin-daemon-embeddable\1.9.0\186543f5e28cf8d9a0290fecc2cf34301c40a65c\kotlin-daemon-embeddable-1.9.0.jar;C:\Users\User\.gradle\caches\modules-2\files-2.1\org.jetbrains.intellij.deps\trove4j\1.0.20200330\3afb14d5f9ceb459d724e907a21145e8ff394f02\trove4j-1.0.20200330.jar;C:\Users\User\.gradle\caches\modules-2\files-2.1\org.jetbrains.kotlin\kotlin-stdlib-common\1.9.0\cd65c21cfd1eec4d44ef09f9f52b6d9f8a720636\kotlin-stdlib-common-1.9.0.jar;C:\Users\User\.gradle\caches\modules-2\files-2.1\org.jetbrains\annotations\13.0\919f0dfe192fb4e063e7dacadee7f8bb9a2672a9\annotations-13.0.jar
Launcher Type: SUN_STANDARD

[Global flags]
     intx CICompilerCount                          = 4                                         {product} {ergonomic}
     uint ConcGCThreads                            = 2                                         {product} {ergonomic}
     uint G1ConcRefinementThreads                  = 8                                         {product} {ergonomic}
   size_t G1HeapRegionSize                         = 1048576                                   {product} {ergonomic}
    uintx GCDrainStackTargetSize                   = 64                                        {product} {ergonomic}
   size_t InitialHeapSize                          = 130023424                                 {product} {ergonomic}
   size_t MarkStackSize                            = 4194304                                   {product} {ergonomic}
   size_t MaxHeapSize                              = 2076180480                                {product} {ergonomic}
   size_t MaxNewSize                               = 1245708288                                {product} {ergonomic}
   size_t MinHeapDeltaBytes                        = 1048576                                   {product} {ergonomic}
   size_t MinHeapSize                              = 8388608                                   {product} {ergonomic}
    uintx NonNMethodCodeHeapSize                   = 5839372                                {pd product} {ergonomic}
    uintx NonProfiledCodeHeapSize                  = 122909434                              {pd product} {ergonomic}
    uintx ProfiledCodeHeapSize                     = 122909434                              {pd product} {ergonomic}
    uintx ReservedCodeCacheSize                    = 251658240                              {pd product} {ergonomic}
     bool SegmentedCodeCache                       = true                                      {product} {ergonomic}
   size_t SoftMaxHeapSize                          = 2076180480                             {manageable} {ergonomic}
     bool UseCompressedClassPointers               = true                           {product lp64_product} {ergonomic}
     bool UseCompressedOops                        = true                           {product lp64_product} {ergonomic}
     bool UseG1GC                                  = true                                      {product} {ergonomic}
     bool UseLargePagesIndividualAllocation        = false                                  {pd product} {ergonomic}

Logging:
Log output configuration:
 #0: stdout all=warning uptime,level,tags
 #1: stderr all=off uptime,level,tags

Environment Variables:
PATH=C:\Program Files\Microsoft\jdk-11.0.12.7-hotspot\bin;C:\Windows\system32;C:\Windows;C:\Windows\System32\Wbem;C:\Windows\System32\WindowsPowerShell\v1.0\;C:\Windows\System32\OpenSSH\;C:\Program Files\dotnet\;C:\Program Files\Microsoft SQL Server\130\Tools\Binn\;C:\Program Files\Microsoft SQL Server\Client SDK\ODBC\170\Tools\Binn\;C:\Program Files\Microsoft SQL Server\150\Tools\Binn\;C:\Program Files (x86)\Microsoft SQL Server\160\Tools\Binn\;C:\Program Files\Microsoft SQL Server\160\Tools\Binn\;C:\Program Files\Microsoft SQL Server\160\DTS\Binn\;C:\Program Files\Azure Data Studio\bin;C:\Program Files\Git\cmd;C:\Users\User\AppData\Local\Microsoft\WindowsApps;C:\Users\User\.dotnet\tools;C:\Users\User\AppData\Local\Programs\Microsoft VS Code\bin;C:\Program Files\Azure Data Studio\bin
USERNAME=User
OS=Windows_NT
PROCESSOR_IDENTIFIER=Intel64 Family 6 Model 140 Stepping 1, GenuineIntel
TMP=C:\Users\User\AppData\Local\Temp
TEMP=C:\Users\User\AppData\Local\Temp



Periodic native trim disabled

JNI global refs:
JNI global refs: 13, weak refs: 19

JNI global refs memory usage: 843, weak refs: 841

OOME stack traces (most recent first):
Classloader memory used:
Loader jdk.internal.loader.ClassLoaders$AppClassLoader                                 : 7632K
Loader bootstrap                                                                       : 1402K
Loader java.net.URLClassLoader                                                         : 37464B
Loader jdk.internal.reflect.DelegatingClassLoader                                      : 22962B
Loader jdk.internal.loader.ClassLoaders$PlatformClassLoader                            : 2276B


---------------  S Y S T E M  ---------------

OS:
 Windows 10 , 64 bit Build 19041 (10.0.19041.4957)
OS uptime: 7 days 10:58 hours

CPU: total 8 (initial active 8) (4 cores per cpu, 2 threads per core) family 6 model 140 stepping 1 microcode 0xb8, cx8, cmov, fxsr, ht, mmx, 3dnowpref, sse, sse2, sse3, ssse3, sse4.1, sse4.2, popcnt, lzcnt, tsc, tscinvbit, avx, avx2, aes, erms, clmul, bmi1, bmi2, adx, avx512f, avx512dq, avx512cd, avx512bw, avx512vl, sha, fma, vzeroupper, avx512_vpopcntdq, avx512_vpclmulqdq, avx512_vaes, avx512_vnni, clflush, clflushopt, clwb, avx512_vbmi2, avx512_vbmi
Processor Information for all 8 processors :
  Max Mhz: 1382, Current Mhz: 1382, Mhz Limit: 1382

Memory: 4k page, system-wide physical 7914M (367M free)
TotalPageFile size 32490M (AvailPageFile size 61M)
current process WorkingSet (physical memory assigned to process): 360M, peak: 369M
current process commit charge ("private bytes"): 398M, peak: 545M

vm_info: OpenJDK 64-Bit Server VM (17.0.9+0--11185874) for windows-amd64 JRE (17.0.9+0--11185874), built on Dec  6 2023 18:57:44 by "androidbuild" with MS VC++ 16.10 / 16.11 (VS2019)

END.
