#
# There is insufficient memory for the Java Runtime Environment to continue.
# Native memory allocation (malloc) failed to allocate 2052704 bytes for Chunk::new
# Possible reasons:
#   The system is out of physical RAM or swap space
#   The process is running with CompressedOops enabled, and the Java Heap may be blocking the growth of the native heap
# Possible solutions:
#   Reduce memory load on the system
#   Increase physical memory or swap space
#   Check if swap backing store is full
#   Decrease Java heap size (-Xmx/-Xms)
#   Decrease number of Java threads
#   Decrease Java thread stack sizes (-Xss)
#   Set larger code cache with -XX:ReservedCodeCacheSize=
#   JVM is running with Unscaled Compressed Oops mode in which the Java heap is
#     placed in the first 4GB address space. The Java Heap base address is the
#     maximum limit for the native heap growth. Please use -XX:HeapBaseMinAddress
#     to set the Java Heap base and to place the Java Heap above 4GB virtual address.
# This output file may be truncated or incomplete.
#
#  Out of Memory Error (arena.cpp:191), pid=8708, tid=8968
#
# JRE version: OpenJDK Runtime Environment (17.0.9) (build 17.0.9+0--11185874)
# Java VM: OpenJDK 64-Bit Server VM (17.0.9+0--11185874, mixed mode, tiered, compressed oops, compressed class ptrs, g1 gc, windows-amd64)
# No core dump will be written. Minidumps are not enabled by default on client versions of Windows
#

---------------  S U M M A R Y ------------

Command Line: org.jetbrains.kotlin.cli.jvm.K2JVMCompiler @C:\Users\User\AndroidStudioProjects\MovaLast17.10\Mova\app\build\20241024_14579015588761717013.compiler.options

Host: 11th Gen Intel(R) Core(TM) i5-1135G7 @ 2.40GHz, 8 cores, 7G,  Windows 10 , 64 bit Build 19041 (10.0.19041.4957)
Time: Thu Oct 24 10:48:35 2024 Azerbaijan Standard Time elapsed time: 14.937390 seconds (0d 0h 0m 14s)

---------------  T H R E A D  ---------------

Current thread (0x0000029a2e51e9e0):  JavaThread "C2 CompilerThread0" daemon [_thread_in_native, id=8968, stack(0x000000ed52000000,0x000000ed52100000)]


Current CompileTask:
C2:  14937 16427   !   4       jdk.internal.loader.BuiltinClassLoader::loadClassOrNull (143 bytes)

Stack: [0x000000ed52000000,0x000000ed52100000]
Native frames: (J=compiled Java code, j=interpreted, Vv=VM code, C=native code)
V  [jvm.dll+0x6886e9]
V  [jvm.dll+0x841e4a]
V  [jvm.dll+0x843a8e]
V  [jvm.dll+0x8440f3]
V  [jvm.dll+0x24c14f]
V  [jvm.dll+0xac44c]
V  [jvm.dll+0xaca9c]
V  [jvm.dll+0x36c1f7]
V  [jvm.dll+0x1be6a2]
V  [jvm.dll+0x21df09]
V  [jvm.dll+0x21d1d1]
V  [jvm.dll+0x1a674d]
V  [jvm.dll+0x22d088]
V  [jvm.dll+0x22b1c0]
V  [jvm.dll+0x7f62f7]
V  [jvm.dll+0x7f06aa]
V  [jvm.dll+0x687565]
C  [ucrtbase.dll+0x21bb2]
C  [KERNEL32.DLL+0x17374]
C  [ntdll.dll+0x4cc91]


---------------  P R O C E S S  ---------------

Threads class SMR info:
_java_thread_list=0x0000029a2deb4d00, length=12, elements={
0x0000029a1260a7e0, 0x0000029a2e4c6c00, 0x0000029a2e4c74d0, 0x0000029a2e519ca0,
0x0000029a2e51c580, 0x0000029a2e51ce50, 0x0000029a2e51d720, 0x0000029a2e51e9e0,
0x0000029a2e51f7b0, 0x0000029a2e5200c0, 0x0000029a2e6d0fa0, 0x0000029a2e6e74f0
}

Java Threads: ( => current thread )
  0x0000029a1260a7e0 JavaThread "main" [_thread_in_vm, id=3192, stack(0x000000ed51300000,0x000000ed51400000)]
  0x0000029a2e4c6c00 JavaThread "Reference Handler" daemon [_thread_blocked, id=10368, stack(0x000000ed51a00000,0x000000ed51b00000)]
  0x0000029a2e4c74d0 JavaThread "Finalizer" daemon [_thread_blocked, id=3524, stack(0x000000ed51b00000,0x000000ed51c00000)]
  0x0000029a2e519ca0 JavaThread "Signal Dispatcher" daemon [_thread_blocked, id=13264, stack(0x000000ed51c00000,0x000000ed51d00000)]
  0x0000029a2e51c580 JavaThread "Attach Listener" daemon [_thread_blocked, id=11584, stack(0x000000ed51d00000,0x000000ed51e00000)]
  0x0000029a2e51ce50 JavaThread "Service Thread" daemon [_thread_blocked, id=10152, stack(0x000000ed51e00000,0x000000ed51f00000)]
  0x0000029a2e51d720 JavaThread "Monitor Deflation Thread" daemon [_thread_blocked, id=9404, stack(0x000000ed51f00000,0x000000ed52000000)]
=>0x0000029a2e51e9e0 JavaThread "C2 CompilerThread0" daemon [_thread_in_native, id=8968, stack(0x000000ed52000000,0x000000ed52100000)]
  0x0000029a2e51f7b0 JavaThread "C1 CompilerThread0" daemon [_thread_in_native, id=17780, stack(0x000000ed52100000,0x000000ed52200000)]
  0x0000029a2e5200c0 JavaThread "Sweeper thread" daemon [_thread_blocked, id=13852, stack(0x000000ed52200000,0x000000ed52300000)]
  0x0000029a2e6d0fa0 JavaThread "Notification Thread" daemon [_thread_blocked, id=15104, stack(0x000000ed52300000,0x000000ed52400000)]
  0x0000029a2e6e74f0 JavaThread "Common-Cleaner" daemon [_thread_blocked, id=11440, stack(0x000000ed52500000,0x000000ed52600000)]

Other Threads:
  0x0000029a2e03ec80 VMThread "VM Thread" [stack: 0x000000ed51900000,0x000000ed51a00000] [id=13784]
  0x0000029a2e6d7030 WatcherThread [stack: 0x000000ed52400000,0x000000ed52500000] [id=5664]
  0x0000029a147b9120 GCTaskThread "GC Thread#0" [stack: 0x000000ed51400000,0x000000ed51500000] [id=8892]
  0x0000029a333d10c0 GCTaskThread "GC Thread#1" [stack: 0x000000ed52700000,0x000000ed52800000] [id=12368]
  0x0000029a333f9810 GCTaskThread "GC Thread#2" [stack: 0x000000ed52800000,0x000000ed52900000] [id=8092]
  0x0000029a333f9ad0 GCTaskThread "GC Thread#3" [stack: 0x000000ed52900000,0x000000ed52a00000] [id=15688]
  0x0000029a334133b0 GCTaskThread "GC Thread#4" [stack: 0x000000ed52a00000,0x000000ed52b00000] [id=18356]
  0x0000029a332a7ae0 GCTaskThread "GC Thread#5" [stack: 0x000000ed52b00000,0x000000ed52c00000] [id=1620]
  0x0000029a33be04d0 GCTaskThread "GC Thread#6" [stack: 0x000000ed52c00000,0x000000ed52d00000] [id=10580]
  0x0000029a33be0790 GCTaskThread "GC Thread#7" [stack: 0x000000ed52d00000,0x000000ed52e00000] [id=7332]
  0x0000029a147ca710 ConcurrentGCThread "G1 Main Marker" [stack: 0x000000ed51500000,0x000000ed51600000] [id=8516]
  0x0000029a147cb7e0 ConcurrentGCThread "G1 Conc#0" [stack: 0x000000ed51600000,0x000000ed51700000] [id=18400]
  0x0000029a33e63070 ConcurrentGCThread "G1 Conc#1" [stack: 0x000000ed52e00000,0x000000ed52f00000] [id=12032]
  0x0000029a14816900 ConcurrentGCThread "G1 Refine#0" [stack: 0x000000ed51700000,0x000000ed51800000] [id=4208]
  0x0000029a354f89a0 ConcurrentGCThread "G1 Refine#1" [stack: 0x000000ed52600000,0x000000ed52700000] [id=16548]
  0x0000029a34aee590 ConcurrentGCThread "G1 Refine#2" [stack: 0x000000ed52f00000,0x000000ed53000000] [id=8496]
  0x0000029a2dea4130 ConcurrentGCThread "G1 Service" [stack: 0x000000ed51800000,0x000000ed51900000] [id=11228]

Threads with active compile tasks:
C2 CompilerThread0    14963 16427   !   4       jdk.internal.loader.BuiltinClassLoader::loadClassOrNull (143 bytes)
C1 CompilerThread0    14963 16823       2       org.jetbrains.kotlin.backend.jvm.lower.RepeatedAnnotationLowering::visitMemberAccess (6 bytes)

VM state: not at safepoint (normal execution)

VM Mutex/Monitor currently owned by a thread: None

Heap address: 0x0000000084400000, size: 1980 MB, Compressed Oops mode: 32-bit

CDS archive(s) not mapped
Compressed class space mapped at: 0x0000000100000000-0x0000000140000000, reserved size: 1073741824
Narrow klass base: 0x0000000000000000, Narrow klass shift: 3, Narrow klass range: 0x140000000

GC Precious Log:
 CPUs: 8 total, 8 available
 Memory: 7914M
 Large Page Support: Disabled
 NUMA Support: Disabled
 Compressed Oops: Enabled (32-bit)
 Heap Region Size: 1M
 Heap Min Capacity: 8M
 Heap Initial Capacity: 124M
 Heap Max Capacity: 1980M
 Pre-touch: Disabled
 Parallel Workers: 8
 Concurrent Workers: 2
 Concurrent Refinement Workers: 8
 Periodic GC: Disabled

Heap:
 garbage-first heap   total 239616K, used 183417K [0x0000000084400000, 0x0000000100000000)
  region size 1024K, 83 young (84992K), 6 survivors (6144K)
 Metaspace       used 82911K, committed 83264K, reserved 1179648K
  class space    used 9141K, committed 9344K, reserved 1048576K

Heap Regions: E=young(eden), S=young(survivor), O=old, HS=humongous(starts), HC=humongous(continues), CS=collection set, F=free, OA=open archive, CA=closed archive, TAMS=top-at-mark-start (previous, next)
|   0|0x0000000084400000, 0x0000000084500000, 0x0000000084500000|100%|HS|  |TAMS 0x0000000084500000, 0x0000000084400000| Complete 
|   1|0x0000000084500000, 0x0000000084600000, 0x0000000084600000|100%|HC|  |TAMS 0x0000000084600000, 0x0000000084500000| Complete 
|   2|0x0000000084600000, 0x0000000084700000, 0x0000000084700000|100%|HC|  |TAMS 0x0000000084700000, 0x0000000084600000| Complete 
|   3|0x0000000084700000, 0x0000000084800000, 0x0000000084800000|100%|HC|  |TAMS 0x0000000084800000, 0x0000000084700000| Complete 
|   4|0x0000000084800000, 0x0000000084900000, 0x0000000084900000|100%| O|  |TAMS 0x0000000084900000, 0x0000000084800000| Untracked 
|   5|0x0000000084900000, 0x0000000084a00000, 0x0000000084a00000|100%| O|  |TAMS 0x0000000084a00000, 0x0000000084900000| Untracked 
|   6|0x0000000084a00000, 0x0000000084b00000, 0x0000000084b00000|100%| O|  |TAMS 0x0000000084b00000, 0x0000000084a00000| Untracked 
|   7|0x0000000084b00000, 0x0000000084c00000, 0x0000000084c00000|100%| O|  |TAMS 0x0000000084c00000, 0x0000000084b00000| Untracked 
|   8|0x0000000084c00000, 0x0000000084d00000, 0x0000000084d00000|100%| O|  |TAMS 0x0000000084c00000, 0x0000000084c00000| Untracked 
|   9|0x0000000084d00000, 0x0000000084e00000, 0x0000000084e00000|100%| O|  |TAMS 0x0000000084e00000, 0x0000000084d00000| Untracked 
|  10|0x0000000084e00000, 0x0000000084f00000, 0x0000000084f00000|100%| O|  |TAMS 0x0000000084f00000, 0x0000000084e00000| Untracked 
|  11|0x0000000084f00000, 0x0000000085000000, 0x0000000085000000|100%| O|  |TAMS 0x0000000085000000, 0x0000000084f00000| Untracked 
|  12|0x0000000085000000, 0x0000000085100000, 0x0000000085100000|100%| O|  |TAMS 0x0000000085100000, 0x0000000085000000| Untracked 
|  13|0x0000000085100000, 0x0000000085200000, 0x0000000085200000|100%| O|  |TAMS 0x0000000085200000, 0x0000000085100000| Untracked 
|  14|0x0000000085200000, 0x0000000085300000, 0x0000000085300000|100%| O|  |TAMS 0x0000000085300000, 0x0000000085200000| Untracked 
|  15|0x0000000085300000, 0x0000000085400000, 0x0000000085400000|100%| O|  |TAMS 0x0000000085400000, 0x0000000085300000| Untracked 
|  16|0x0000000085400000, 0x0000000085500000, 0x0000000085500000|100%| O|  |TAMS 0x0000000085500000, 0x0000000085400000| Untracked 
|  17|0x0000000085500000, 0x0000000085600000, 0x0000000085600000|100%| O|  |TAMS 0x0000000085600000, 0x0000000085500000| Untracked 
|  18|0x0000000085600000, 0x0000000085700000, 0x0000000085700000|100%| O|  |TAMS 0x0000000085700000, 0x0000000085600000| Untracked 
|  19|0x0000000085700000, 0x0000000085800000, 0x0000000085800000|100%| O|  |TAMS 0x0000000085800000, 0x0000000085700000| Untracked 
|  20|0x0000000085800000, 0x0000000085900000, 0x0000000085900000|100%| O|  |TAMS 0x0000000085900000, 0x0000000085800000| Untracked 
|  21|0x0000000085900000, 0x0000000085a00000, 0x0000000085a00000|100%| O|  |TAMS 0x0000000085a00000, 0x0000000085900000| Untracked 
|  22|0x0000000085a00000, 0x0000000085b00000, 0x0000000085b00000|100%| O|  |TAMS 0x0000000085b00000, 0x0000000085a00000| Untracked 
|  23|0x0000000085b00000, 0x0000000085c00000, 0x0000000085c00000|100%|HS|  |TAMS 0x0000000085c00000, 0x0000000085b00000| Complete 
|  24|0x0000000085c00000, 0x0000000085d00000, 0x0000000085d00000|100%|HC|  |TAMS 0x0000000085d00000, 0x0000000085c00000| Complete 
|  25|0x0000000085d00000, 0x0000000085e00000, 0x0000000085e00000|100%| O|  |TAMS 0x0000000085e00000, 0x0000000085d00000| Untracked 
|  26|0x0000000085e00000, 0x0000000085f00000, 0x0000000085f00000|100%| O|  |TAMS 0x0000000085f00000, 0x0000000085e00000| Untracked 
|  27|0x0000000085f00000, 0x0000000086000000, 0x0000000086000000|100%| O|  |TAMS 0x0000000086000000, 0x0000000085f00000| Untracked 
|  28|0x0000000086000000, 0x0000000086100000, 0x0000000086100000|100%| O|  |TAMS 0x0000000086100000, 0x0000000086000000| Untracked 
|  29|0x0000000086100000, 0x0000000086200000, 0x0000000086200000|100%| O|  |TAMS 0x0000000086200000, 0x0000000086100000| Untracked 
|  30|0x0000000086200000, 0x0000000086300000, 0x0000000086300000|100%| O|  |TAMS 0x0000000086300000, 0x0000000086200000| Untracked 
|  31|0x0000000086300000, 0x0000000086400000, 0x0000000086400000|100%| O|  |TAMS 0x0000000086400000, 0x0000000086300000| Untracked 
|  32|0x0000000086400000, 0x0000000086500000, 0x0000000086500000|100%| O|  |TAMS 0x0000000086500000, 0x0000000086400000| Untracked 
|  33|0x0000000086500000, 0x0000000086600000, 0x0000000086600000|100%| O|  |TAMS 0x0000000086600000, 0x0000000086500000| Untracked 
|  34|0x0000000086600000, 0x0000000086700000, 0x0000000086700000|100%| O|  |TAMS 0x0000000086700000, 0x0000000086600000| Untracked 
|  35|0x0000000086700000, 0x0000000086800000, 0x0000000086800000|100%| O|  |TAMS 0x0000000086800000, 0x0000000086700000| Untracked 
|  36|0x0000000086800000, 0x0000000086900000, 0x0000000086900000|100%| O|  |TAMS 0x0000000086900000, 0x0000000086800000| Untracked 
|  37|0x0000000086900000, 0x0000000086a00000, 0x0000000086a00000|100%| O|  |TAMS 0x0000000086a00000, 0x0000000086900000| Untracked 
|  38|0x0000000086a00000, 0x0000000086b00000, 0x0000000086b00000|100%| O|  |TAMS 0x0000000086b00000, 0x0000000086a00000| Untracked 
|  39|0x0000000086b00000, 0x0000000086c00000, 0x0000000086c00000|100%| O|  |TAMS 0x0000000086c00000, 0x0000000086b00000| Untracked 
|  40|0x0000000086c00000, 0x0000000086d00000, 0x0000000086d00000|100%| O|  |TAMS 0x0000000086d00000, 0x0000000086c00000| Untracked 
|  41|0x0000000086d00000, 0x0000000086e00000, 0x0000000086e00000|100%| O|  |TAMS 0x0000000086e00000, 0x0000000086d00000| Untracked 
|  42|0x0000000086e00000, 0x0000000086f00000, 0x0000000086f00000|100%| O|  |TAMS 0x0000000086f00000, 0x0000000086e00000| Untracked 
|  43|0x0000000086f00000, 0x0000000087000000, 0x0000000087000000|100%| O|  |TAMS 0x0000000087000000, 0x0000000086f00000| Untracked 
|  44|0x0000000087000000, 0x0000000087100000, 0x0000000087100000|100%| O|  |TAMS 0x0000000087100000, 0x0000000087000000| Untracked 
|  45|0x0000000087100000, 0x0000000087200000, 0x0000000087200000|100%| O|  |TAMS 0x0000000087200000, 0x0000000087100000| Untracked 
|  46|0x0000000087200000, 0x0000000087300000, 0x0000000087300000|100%| O|  |TAMS 0x0000000087300000, 0x0000000087200000| Untracked 
|  47|0x0000000087300000, 0x0000000087400000, 0x0000000087400000|100%| O|  |TAMS 0x0000000087400000, 0x0000000087300000| Untracked 
|  48|0x0000000087400000, 0x0000000087500000, 0x0000000087500000|100%| O|  |TAMS 0x0000000087500000, 0x0000000087400000| Untracked 
|  49|0x0000000087500000, 0x0000000087600000, 0x0000000087600000|100%| O|  |TAMS 0x0000000087600000, 0x0000000087500000| Untracked 
|  50|0x0000000087600000, 0x0000000087700000, 0x0000000087700000|100%| O|  |TAMS 0x0000000087680000, 0x0000000087600000| Untracked 
|  51|0x0000000087700000, 0x0000000087800000, 0x0000000087800000|100%| O|  |TAMS 0x0000000087700000, 0x0000000087700000| Untracked 
|  52|0x0000000087800000, 0x0000000087900000, 0x0000000087900000|100%| O|  |TAMS 0x0000000087800000, 0x0000000087800000| Untracked 
|  53|0x0000000087900000, 0x0000000087a00000, 0x0000000087a00000|100%| O|  |TAMS 0x0000000087900000, 0x0000000087900000| Untracked 
|  54|0x0000000087a00000, 0x0000000087b00000, 0x0000000087b00000|100%| O|  |TAMS 0x0000000087a00000, 0x0000000087a00000| Untracked 
|  55|0x0000000087b00000, 0x0000000087c00000, 0x0000000087c00000|100%| O|  |TAMS 0x0000000087b00000, 0x0000000087b00000| Untracked 
|  56|0x0000000087c00000, 0x0000000087d00000, 0x0000000087d00000|100%| O|  |TAMS 0x0000000087c00000, 0x0000000087c00000| Untracked 
|  57|0x0000000087d00000, 0x0000000087e00000, 0x0000000087e00000|100%| O|  |TAMS 0x0000000087d00000, 0x0000000087d00000| Untracked 
|  58|0x0000000087e00000, 0x0000000087f00000, 0x0000000087f00000|100%| O|  |TAMS 0x0000000087e00000, 0x0000000087e00000| Untracked 
|  59|0x0000000087f00000, 0x0000000088000000, 0x0000000088000000|100%| O|  |TAMS 0x0000000087f00000, 0x0000000087f00000| Untracked 
|  60|0x0000000088000000, 0x0000000088100000, 0x0000000088100000|100%| O|  |TAMS 0x0000000088000000, 0x0000000088000000| Untracked 
|  61|0x0000000088100000, 0x0000000088200000, 0x0000000088200000|100%| O|  |TAMS 0x0000000088100000, 0x0000000088100000| Untracked 
|  62|0x0000000088200000, 0x0000000088300000, 0x0000000088300000|100%| O|  |TAMS 0x0000000088200000, 0x0000000088200000| Untracked 
|  63|0x0000000088300000, 0x0000000088400000, 0x0000000088400000|100%|HS|  |TAMS 0x0000000088300000, 0x0000000088300000| Complete 
|  64|0x0000000088400000, 0x0000000088500000, 0x0000000088500000|100%|HC|  |TAMS 0x0000000088400000, 0x0000000088400000| Complete 
|  65|0x0000000088500000, 0x0000000088600000, 0x0000000088600000|100%| O|  |TAMS 0x0000000088500000, 0x0000000088500000| Untracked 
|  66|0x0000000088600000, 0x0000000088700000, 0x0000000088700000|100%| O|  |TAMS 0x0000000088600000, 0x0000000088600000| Untracked 
|  67|0x0000000088700000, 0x0000000088800000, 0x0000000088800000|100%| O|  |TAMS 0x0000000088700000, 0x0000000088700000| Untracked 
|  68|0x0000000088800000, 0x0000000088900000, 0x0000000088900000|100%| O|  |TAMS 0x0000000088800000, 0x0000000088800000| Untracked 
|  69|0x0000000088900000, 0x0000000088a00000, 0x0000000088a00000|100%| O|  |TAMS 0x0000000088900000, 0x0000000088900000| Untracked 
|  70|0x0000000088a00000, 0x0000000088b00000, 0x0000000088b00000|100%| O|  |TAMS 0x0000000088a00000, 0x0000000088a00000| Untracked 
|  71|0x0000000088b00000, 0x0000000088c00000, 0x0000000088c00000|100%| O|  |TAMS 0x0000000088b00000, 0x0000000088b00000| Untracked 
|  72|0x0000000088c00000, 0x0000000088d00000, 0x0000000088d00000|100%| O|  |TAMS 0x0000000088c00000, 0x0000000088c00000| Untracked 
|  73|0x0000000088d00000, 0x0000000088e00000, 0x0000000088e00000|100%| O|  |TAMS 0x0000000088d00000, 0x0000000088d00000| Untracked 
|  74|0x0000000088e00000, 0x0000000088f00000, 0x0000000088f00000|100%| O|  |TAMS 0x0000000088e00000, 0x0000000088e00000| Untracked 
|  75|0x0000000088f00000, 0x0000000089000000, 0x0000000089000000|100%| O|  |TAMS 0x0000000088f00000, 0x0000000088f00000| Untracked 
|  76|0x0000000089000000, 0x0000000089100000, 0x0000000089100000|100%| O|  |TAMS 0x0000000089000000, 0x0000000089000000| Untracked 
|  77|0x0000000089100000, 0x0000000089200000, 0x0000000089200000|100%| O|  |TAMS 0x0000000089100000, 0x0000000089100000| Untracked 
|  78|0x0000000089200000, 0x0000000089300000, 0x0000000089300000|100%| O|  |TAMS 0x0000000089200000, 0x0000000089200000| Untracked 
|  79|0x0000000089300000, 0x0000000089400000, 0x0000000089400000|100%| O|  |TAMS 0x0000000089300000, 0x0000000089300000| Untracked 
|  80|0x0000000089400000, 0x0000000089500000, 0x0000000089500000|100%| O|  |TAMS 0x0000000089400000, 0x0000000089400000| Untracked 
|  81|0x0000000089500000, 0x0000000089600000, 0x0000000089600000|100%| O|  |TAMS 0x0000000089500000, 0x0000000089500000| Untracked 
|  82|0x0000000089600000, 0x0000000089700000, 0x0000000089700000|100%| O|  |TAMS 0x0000000089600000, 0x0000000089600000| Untracked 
|  83|0x0000000089700000, 0x0000000089800000, 0x0000000089800000|100%| O|  |TAMS 0x0000000089700000, 0x0000000089700000| Untracked 
|  84|0x0000000089800000, 0x0000000089900000, 0x0000000089900000|100%| O|  |TAMS 0x0000000089800000, 0x0000000089800000| Untracked 
|  85|0x0000000089900000, 0x0000000089a00000, 0x0000000089a00000|100%| O|  |TAMS 0x0000000089900000, 0x0000000089900000| Untracked 
|  86|0x0000000089a00000, 0x0000000089b00000, 0x0000000089b00000|100%| O|  |TAMS 0x0000000089a00000, 0x0000000089a00000| Untracked 
|  87|0x0000000089b00000, 0x0000000089c00000, 0x0000000089c00000|100%| O|  |TAMS 0x0000000089b00000, 0x0000000089b00000| Untracked 
|  88|0x0000000089c00000, 0x0000000089d00000, 0x0000000089d00000|100%| O|  |TAMS 0x0000000089c00000, 0x0000000089c00000| Untracked 
|  89|0x0000000089d00000, 0x0000000089e00000, 0x0000000089e00000|100%| O|  |TAMS 0x0000000089d00000, 0x0000000089d00000| Untracked 
|  90|0x0000000089e00000, 0x0000000089f00000, 0x0000000089f00000|100%| O|  |TAMS 0x0000000089e00000, 0x0000000089e00000| Untracked 
|  91|0x0000000089f00000, 0x000000008a000000, 0x000000008a000000|100%| O|  |TAMS 0x0000000089f00000, 0x0000000089f00000| Untracked 
|  92|0x000000008a000000, 0x000000008a100000, 0x000000008a100000|100%| O|  |TAMS 0x000000008a000000, 0x000000008a000000| Untracked 
|  93|0x000000008a100000, 0x000000008a200000, 0x000000008a200000|100%| O|  |TAMS 0x000000008a100000, 0x000000008a100000| Untracked 
|  94|0x000000008a200000, 0x000000008a300000, 0x000000008a300000|100%| O|  |TAMS 0x000000008a200000, 0x000000008a200000| Untracked 
|  95|0x000000008a300000, 0x000000008a400000, 0x000000008a400000|100%| O|  |TAMS 0x000000008a300000, 0x000000008a300000| Untracked 
|  96|0x000000008a400000, 0x000000008a500000, 0x000000008a500000|100%| O|  |TAMS 0x000000008a400000, 0x000000008a400000| Untracked 
|  97|0x000000008a500000, 0x000000008a564e00, 0x000000008a600000| 39%| O|  |TAMS 0x000000008a500000, 0x000000008a500000| Untracked 
|  98|0x000000008a600000, 0x000000008a600000, 0x000000008a700000|  0%| F|  |TAMS 0x000000008a600000, 0x000000008a600000| Untracked 
|  99|0x000000008a700000, 0x000000008a700000, 0x000000008a800000|  0%| F|  |TAMS 0x000000008a700000, 0x000000008a700000| Untracked 
| 100|0x000000008a800000, 0x000000008a800000, 0x000000008a900000|  0%| F|  |TAMS 0x000000008a800000, 0x000000008a800000| Untracked 
| 101|0x000000008a900000, 0x000000008a900000, 0x000000008aa00000|  0%| F|  |TAMS 0x000000008a900000, 0x000000008a900000| Untracked 
| 102|0x000000008aa00000, 0x000000008aa00000, 0x000000008ab00000|  0%| F|  |TAMS 0x000000008aa00000, 0x000000008aa00000| Untracked 
| 103|0x000000008ab00000, 0x000000008ab00000, 0x000000008ac00000|  0%| F|  |TAMS 0x000000008ab00000, 0x000000008ab00000| Untracked 
| 104|0x000000008ac00000, 0x000000008ac00000, 0x000000008ad00000|  0%| F|  |TAMS 0x000000008ac00000, 0x000000008ac00000| Untracked 
| 105|0x000000008ad00000, 0x000000008ad00000, 0x000000008ae00000|  0%| F|  |TAMS 0x000000008ad00000, 0x000000008ad00000| Untracked 
| 106|0x000000008ae00000, 0x000000008ae00000, 0x000000008af00000|  0%| F|  |TAMS 0x000000008ae00000, 0x000000008ae00000| Untracked 
| 107|0x000000008af00000, 0x000000008af00000, 0x000000008b000000|  0%| F|  |TAMS 0x000000008af00000, 0x000000008af00000| Untracked 
| 108|0x000000008b000000, 0x000000008b000000, 0x000000008b100000|  0%| F|  |TAMS 0x000000008b000000, 0x000000008b000000| Untracked 
| 109|0x000000008b100000, 0x000000008b100000, 0x000000008b200000|  0%| F|  |TAMS 0x000000008b100000, 0x000000008b100000| Untracked 
| 110|0x000000008b200000, 0x000000008b200000, 0x000000008b300000|  0%| F|  |TAMS 0x000000008b200000, 0x000000008b200000| Untracked 
| 111|0x000000008b300000, 0x000000008b300000, 0x000000008b400000|  0%| F|  |TAMS 0x000000008b300000, 0x000000008b300000| Untracked 
| 112|0x000000008b400000, 0x000000008b400000, 0x000000008b500000|  0%| F|  |TAMS 0x000000008b400000, 0x000000008b400000| Untracked 
| 113|0x000000008b500000, 0x000000008b500000, 0x000000008b600000|  0%| F|  |TAMS 0x000000008b500000, 0x000000008b500000| Untracked 
| 114|0x000000008b600000, 0x000000008b600000, 0x000000008b700000|  0%| F|  |TAMS 0x000000008b600000, 0x000000008b600000| Untracked 
| 115|0x000000008b700000, 0x000000008b700000, 0x000000008b800000|  0%| F|  |TAMS 0x000000008b700000, 0x000000008b700000| Untracked 
| 116|0x000000008b800000, 0x000000008b800000, 0x000000008b900000|  0%| F|  |TAMS 0x000000008b800000, 0x000000008b800000| Untracked 
| 117|0x000000008b900000, 0x000000008b900000, 0x000000008ba00000|  0%| F|  |TAMS 0x000000008b900000, 0x000000008b900000| Untracked 
| 118|0x000000008ba00000, 0x000000008ba00000, 0x000000008bb00000|  0%| F|  |TAMS 0x000000008ba00000, 0x000000008ba00000| Untracked 
| 119|0x000000008bb00000, 0x000000008bb00000, 0x000000008bc00000|  0%| F|  |TAMS 0x000000008bb00000, 0x000000008bb00000| Untracked 
| 120|0x000000008bc00000, 0x000000008bc00000, 0x000000008bd00000|  0%| F|  |TAMS 0x000000008bc00000, 0x000000008bc00000| Untracked 
| 121|0x000000008bd00000, 0x000000008bd00000, 0x000000008be00000|  0%| F|  |TAMS 0x000000008bd00000, 0x000000008bd00000| Untracked 
| 122|0x000000008be00000, 0x000000008be00000, 0x000000008bf00000|  0%| F|  |TAMS 0x000000008be00000, 0x000000008be00000| Untracked 
| 123|0x000000008bf00000, 0x000000008bf00000, 0x000000008c000000|  0%| F|  |TAMS 0x000000008bf00000, 0x000000008bf00000| Untracked 
| 124|0x000000008c000000, 0x000000008c000000, 0x000000008c100000|  0%| F|  |TAMS 0x000000008c000000, 0x000000008c000000| Untracked 
| 125|0x000000008c100000, 0x000000008c100000, 0x000000008c200000|  0%| F|  |TAMS 0x000000008c100000, 0x000000008c100000| Untracked 
| 126|0x000000008c200000, 0x000000008c200000, 0x000000008c300000|  0%| F|  |TAMS 0x000000008c200000, 0x000000008c200000| Untracked 
| 127|0x000000008c300000, 0x000000008c300000, 0x000000008c400000|  0%| F|  |TAMS 0x000000008c300000, 0x000000008c300000| Untracked 
| 128|0x000000008c400000, 0x000000008c400000, 0x000000008c500000|  0%| F|  |TAMS 0x000000008c400000, 0x000000008c400000| Untracked 
| 129|0x000000008c500000, 0x000000008c500000, 0x000000008c600000|  0%| F|  |TAMS 0x000000008c500000, 0x000000008c500000| Untracked 
| 130|0x000000008c600000, 0x000000008c600000, 0x000000008c700000|  0%| F|  |TAMS 0x000000008c600000, 0x000000008c600000| Untracked 
| 131|0x000000008c700000, 0x000000008c700000, 0x000000008c800000|  0%| F|  |TAMS 0x000000008c700000, 0x000000008c700000| Untracked 
| 132|0x000000008c800000, 0x000000008c800000, 0x000000008c900000|  0%| F|  |TAMS 0x000000008c800000, 0x000000008c800000| Untracked 
| 133|0x000000008c900000, 0x000000008c900000, 0x000000008ca00000|  0%| F|  |TAMS 0x000000008c900000, 0x000000008c900000| Untracked 
| 134|0x000000008ca00000, 0x000000008ca00000, 0x000000008cb00000|  0%| F|  |TAMS 0x000000008ca00000, 0x000000008ca00000| Untracked 
| 135|0x000000008cb00000, 0x000000008cb00000, 0x000000008cc00000|  0%| F|  |TAMS 0x000000008cb00000, 0x000000008cb00000| Untracked 
| 136|0x000000008cc00000, 0x000000008cc00000, 0x000000008cd00000|  0%| F|  |TAMS 0x000000008cc00000, 0x000000008cc00000| Untracked 
| 137|0x000000008cd00000, 0x000000008cd00000, 0x000000008ce00000|  0%| F|  |TAMS 0x000000008cd00000, 0x000000008cd00000| Untracked 
| 138|0x000000008ce00000, 0x000000008ce00000, 0x000000008cf00000|  0%| F|  |TAMS 0x000000008ce00000, 0x000000008ce00000| Untracked 
| 139|0x000000008cf00000, 0x000000008cf00000, 0x000000008d000000|  0%| F|  |TAMS 0x000000008cf00000, 0x000000008cf00000| Untracked 
| 140|0x000000008d000000, 0x000000008d000000, 0x000000008d100000|  0%| F|  |TAMS 0x000000008d000000, 0x000000008d000000| Untracked 
| 141|0x000000008d100000, 0x000000008d1b9760, 0x000000008d200000| 72%| S|CS|TAMS 0x000000008d100000, 0x000000008d100000| Complete 
| 142|0x000000008d200000, 0x000000008d300000, 0x000000008d300000|100%| S|CS|TAMS 0x000000008d200000, 0x000000008d200000| Complete 
| 143|0x000000008d300000, 0x000000008d400000, 0x000000008d400000|100%| S|CS|TAMS 0x000000008d300000, 0x000000008d300000| Complete 
| 144|0x000000008d400000, 0x000000008d400000, 0x000000008d500000|  0%| F|  |TAMS 0x000000008d400000, 0x000000008d400000| Untracked 
| 145|0x000000008d500000, 0x000000008d500000, 0x000000008d600000|  0%| F|  |TAMS 0x000000008d500000, 0x000000008d500000| Untracked 
| 146|0x000000008d600000, 0x000000008d600000, 0x000000008d700000|  0%| F|  |TAMS 0x000000008d600000, 0x000000008d600000| Untracked 
| 147|0x000000008d700000, 0x000000008d700000, 0x000000008d800000|  0%| F|  |TAMS 0x000000008d700000, 0x000000008d700000| Untracked 
| 148|0x000000008d800000, 0x000000008d800000, 0x000000008d900000|  0%| F|  |TAMS 0x000000008d800000, 0x000000008d800000| Untracked 
| 149|0x000000008d900000, 0x000000008da00000, 0x000000008da00000|100%| S|CS|TAMS 0x000000008d900000, 0x000000008d900000| Complete 
| 150|0x000000008da00000, 0x000000008db00000, 0x000000008db00000|100%| S|CS|TAMS 0x000000008da00000, 0x000000008da00000| Complete 
| 151|0x000000008db00000, 0x000000008dc00000, 0x000000008dc00000|100%| S|CS|TAMS 0x000000008db00000, 0x000000008db00000| Complete 
| 152|0x000000008dc00000, 0x000000008dc00000, 0x000000008dd00000|  0%| F|  |TAMS 0x000000008dc00000, 0x000000008dc00000| Untracked 
| 153|0x000000008dd00000, 0x000000008dd00000, 0x000000008de00000|  0%| F|  |TAMS 0x000000008dd00000, 0x000000008dd00000| Untracked 
| 154|0x000000008de00000, 0x000000008de00000, 0x000000008df00000|  0%| F|  |TAMS 0x000000008de00000, 0x000000008de00000| Untracked 
| 155|0x000000008df00000, 0x000000008df00000, 0x000000008e000000|  0%| F|  |TAMS 0x000000008df00000, 0x000000008df00000| Untracked 
| 156|0x000000008e000000, 0x000000008e000000, 0x000000008e100000|  0%| F|  |TAMS 0x000000008e000000, 0x000000008e000000| Untracked 
| 157|0x000000008e100000, 0x000000008e13e558, 0x000000008e200000| 24%| E|  |TAMS 0x000000008e100000, 0x000000008e100000| Complete 
| 158|0x000000008e200000, 0x000000008e300000, 0x000000008e300000|100%| E|CS|TAMS 0x000000008e200000, 0x000000008e200000| Complete 
| 159|0x000000008e300000, 0x000000008e400000, 0x000000008e400000|100%| E|CS|TAMS 0x000000008e300000, 0x000000008e300000| Complete 
| 160|0x000000008e400000, 0x000000008e500000, 0x000000008e500000|100%| E|CS|TAMS 0x000000008e400000, 0x000000008e400000| Complete 
| 161|0x000000008e500000, 0x000000008e600000, 0x000000008e600000|100%| E|CS|TAMS 0x000000008e500000, 0x000000008e500000| Complete 
| 162|0x000000008e600000, 0x000000008e700000, 0x000000008e700000|100%| E|CS|TAMS 0x000000008e600000, 0x000000008e600000| Complete 
| 163|0x000000008e700000, 0x000000008e800000, 0x000000008e800000|100%| E|CS|TAMS 0x000000008e700000, 0x000000008e700000| Complete 
| 164|0x000000008e800000, 0x000000008e900000, 0x000000008e900000|100%| E|CS|TAMS 0x000000008e800000, 0x000000008e800000| Complete 
| 165|0x000000008e900000, 0x000000008ea00000, 0x000000008ea00000|100%| E|CS|TAMS 0x000000008e900000, 0x000000008e900000| Complete 
| 166|0x000000008ea00000, 0x000000008eb00000, 0x000000008eb00000|100%| E|CS|TAMS 0x000000008ea00000, 0x000000008ea00000| Complete 
| 167|0x000000008eb00000, 0x000000008ec00000, 0x000000008ec00000|100%| E|CS|TAMS 0x000000008eb00000, 0x000000008eb00000| Complete 
| 168|0x000000008ec00000, 0x000000008ed00000, 0x000000008ed00000|100%| E|CS|TAMS 0x000000008ec00000, 0x000000008ec00000| Complete 
| 169|0x000000008ed00000, 0x000000008ee00000, 0x000000008ee00000|100%| E|CS|TAMS 0x000000008ed00000, 0x000000008ed00000| Complete 
| 170|0x000000008ee00000, 0x000000008ef00000, 0x000000008ef00000|100%| E|CS|TAMS 0x000000008ee00000, 0x000000008ee00000| Complete 
| 171|0x000000008ef00000, 0x000000008f000000, 0x000000008f000000|100%| E|CS|TAMS 0x000000008ef00000, 0x000000008ef00000| Complete 
| 172|0x000000008f000000, 0x000000008f100000, 0x000000008f100000|100%| E|CS|TAMS 0x000000008f000000, 0x000000008f000000| Complete 
| 173|0x000000008f100000, 0x000000008f200000, 0x000000008f200000|100%| E|CS|TAMS 0x000000008f100000, 0x000000008f100000| Complete 
| 174|0x000000008f200000, 0x000000008f300000, 0x000000008f300000|100%| E|CS|TAMS 0x000000008f200000, 0x000000008f200000| Complete 
| 175|0x000000008f300000, 0x000000008f400000, 0x000000008f400000|100%| E|CS|TAMS 0x000000008f300000, 0x000000008f300000| Complete 
| 176|0x000000008f400000, 0x000000008f500000, 0x000000008f500000|100%| E|CS|TAMS 0x000000008f400000, 0x000000008f400000| Complete 
| 177|0x000000008f500000, 0x000000008f600000, 0x000000008f600000|100%| E|CS|TAMS 0x000000008f500000, 0x000000008f500000| Complete 
| 178|0x000000008f600000, 0x000000008f700000, 0x000000008f700000|100%| E|CS|TAMS 0x000000008f600000, 0x000000008f600000| Complete 
| 179|0x000000008f700000, 0x000000008f800000, 0x000000008f800000|100%| E|CS|TAMS 0x000000008f700000, 0x000000008f700000| Complete 
| 180|0x000000008f800000, 0x000000008f900000, 0x000000008f900000|100%| E|CS|TAMS 0x000000008f800000, 0x000000008f800000| Complete 
| 181|0x000000008f900000, 0x000000008fa00000, 0x000000008fa00000|100%| E|CS|TAMS 0x000000008f900000, 0x000000008f900000| Complete 
| 182|0x000000008fa00000, 0x000000008fb00000, 0x000000008fb00000|100%| E|CS|TAMS 0x000000008fa00000, 0x000000008fa00000| Complete 
| 183|0x000000008fb00000, 0x000000008fc00000, 0x000000008fc00000|100%| E|CS|TAMS 0x000000008fb00000, 0x000000008fb00000| Complete 
| 184|0x000000008fc00000, 0x000000008fd00000, 0x000000008fd00000|100%| E|CS|TAMS 0x000000008fc00000, 0x000000008fc00000| Complete 
| 185|0x000000008fd00000, 0x000000008fe00000, 0x000000008fe00000|100%| E|CS|TAMS 0x000000008fd00000, 0x000000008fd00000| Complete 
| 186|0x000000008fe00000, 0x000000008ff00000, 0x000000008ff00000|100%| E|CS|TAMS 0x000000008fe00000, 0x000000008fe00000| Complete 
| 187|0x000000008ff00000, 0x0000000090000000, 0x0000000090000000|100%| E|CS|TAMS 0x000000008ff00000, 0x000000008ff00000| Complete 
| 188|0x0000000090000000, 0x0000000090100000, 0x0000000090100000|100%| E|CS|TAMS 0x0000000090000000, 0x0000000090000000| Complete 
| 189|0x0000000090100000, 0x0000000090200000, 0x0000000090200000|100%| E|CS|TAMS 0x0000000090100000, 0x0000000090100000| Complete 
| 190|0x0000000090200000, 0x0000000090300000, 0x0000000090300000|100%| E|CS|TAMS 0x0000000090200000, 0x0000000090200000| Complete 
| 191|0x0000000090300000, 0x0000000090400000, 0x0000000090400000|100%| E|CS|TAMS 0x0000000090300000, 0x0000000090300000| Complete 
| 192|0x0000000090400000, 0x0000000090500000, 0x0000000090500000|100%| E|CS|TAMS 0x0000000090400000, 0x0000000090400000| Complete 
| 193|0x0000000090500000, 0x0000000090600000, 0x0000000090600000|100%| E|CS|TAMS 0x0000000090500000, 0x0000000090500000| Complete 
| 194|0x0000000090600000, 0x0000000090700000, 0x0000000090700000|100%| E|CS|TAMS 0x0000000090600000, 0x0000000090600000| Complete 
| 195|0x0000000090700000, 0x0000000090800000, 0x0000000090800000|100%| E|CS|TAMS 0x0000000090700000, 0x0000000090700000| Complete 
| 196|0x0000000090800000, 0x0000000090900000, 0x0000000090900000|100%| E|CS|TAMS 0x0000000090800000, 0x0000000090800000| Complete 
| 197|0x0000000090900000, 0x0000000090a00000, 0x0000000090a00000|100%| E|CS|TAMS 0x0000000090900000, 0x0000000090900000| Complete 
| 198|0x0000000090a00000, 0x0000000090b00000, 0x0000000090b00000|100%| E|CS|TAMS 0x0000000090a00000, 0x0000000090a00000| Complete 
| 199|0x0000000090b00000, 0x0000000090c00000, 0x0000000090c00000|100%| E|CS|TAMS 0x0000000090b00000, 0x0000000090b00000| Complete 
| 200|0x0000000090c00000, 0x0000000090d00000, 0x0000000090d00000|100%| E|CS|TAMS 0x0000000090c00000, 0x0000000090c00000| Complete 
| 201|0x0000000090d00000, 0x0000000090e00000, 0x0000000090e00000|100%| E|CS|TAMS 0x0000000090d00000, 0x0000000090d00000| Complete 
| 202|0x0000000090e00000, 0x0000000090f00000, 0x0000000090f00000|100%| E|CS|TAMS 0x0000000090e00000, 0x0000000090e00000| Complete 
| 203|0x0000000090f00000, 0x0000000091000000, 0x0000000091000000|100%| E|CS|TAMS 0x0000000090f00000, 0x0000000090f00000| Complete 
| 204|0x0000000091000000, 0x0000000091100000, 0x0000000091100000|100%| E|CS|TAMS 0x0000000091000000, 0x0000000091000000| Complete 
| 205|0x0000000091100000, 0x0000000091200000, 0x0000000091200000|100%| E|CS|TAMS 0x0000000091100000, 0x0000000091100000| Complete 
| 206|0x0000000091200000, 0x0000000091300000, 0x0000000091300000|100%| E|CS|TAMS 0x0000000091200000, 0x0000000091200000| Complete 
| 207|0x0000000091300000, 0x0000000091400000, 0x0000000091400000|100%| E|CS|TAMS 0x0000000091300000, 0x0000000091300000| Complete 
| 208|0x0000000091400000, 0x0000000091500000, 0x0000000091500000|100%| E|CS|TAMS 0x0000000091400000, 0x0000000091400000| Complete 
| 209|0x0000000091500000, 0x0000000091600000, 0x0000000091600000|100%| E|CS|TAMS 0x0000000091500000, 0x0000000091500000| Complete 
| 210|0x0000000091600000, 0x0000000091700000, 0x0000000091700000|100%| E|CS|TAMS 0x0000000091600000, 0x0000000091600000| Complete 
| 211|0x0000000091700000, 0x0000000091800000, 0x0000000091800000|100%| E|CS|TAMS 0x0000000091700000, 0x0000000091700000| Complete 
| 212|0x0000000091800000, 0x0000000091900000, 0x0000000091900000|100%| E|CS|TAMS 0x0000000091800000, 0x0000000091800000| Complete 
| 213|0x0000000091900000, 0x0000000091a00000, 0x0000000091a00000|100%| E|CS|TAMS 0x0000000091900000, 0x0000000091900000| Complete 
| 214|0x0000000091a00000, 0x0000000091b00000, 0x0000000091b00000|100%| E|CS|TAMS 0x0000000091a00000, 0x0000000091a00000| Complete 
| 215|0x0000000091b00000, 0x0000000091c00000, 0x0000000091c00000|100%| E|CS|TAMS 0x0000000091b00000, 0x0000000091b00000| Complete 
| 216|0x0000000091c00000, 0x0000000091d00000, 0x0000000091d00000|100%| E|CS|TAMS 0x0000000091c00000, 0x0000000091c00000| Complete 
| 217|0x0000000091d00000, 0x0000000091e00000, 0x0000000091e00000|100%| E|CS|TAMS 0x0000000091d00000, 0x0000000091d00000| Complete 
| 218|0x0000000091e00000, 0x0000000091f00000, 0x0000000091f00000|100%| E|CS|TAMS 0x0000000091e00000, 0x0000000091e00000| Complete 
| 219|0x0000000091f00000, 0x0000000092000000, 0x0000000092000000|100%| E|CS|TAMS 0x0000000091f00000, 0x0000000091f00000| Complete 
| 220|0x0000000092000000, 0x0000000092100000, 0x0000000092100000|100%| E|CS|TAMS 0x0000000092000000, 0x0000000092000000| Complete 
| 221|0x0000000092100000, 0x0000000092200000, 0x0000000092200000|100%| E|CS|TAMS 0x0000000092100000, 0x0000000092100000| Complete 
| 222|0x0000000092200000, 0x0000000092300000, 0x0000000092300000|100%| E|CS|TAMS 0x0000000092200000, 0x0000000092200000| Complete 
| 223|0x0000000092300000, 0x0000000092400000, 0x0000000092400000|100%| E|CS|TAMS 0x0000000092300000, 0x0000000092300000| Complete 
| 224|0x0000000092400000, 0x0000000092500000, 0x0000000092500000|100%| E|CS|TAMS 0x0000000092400000, 0x0000000092400000| Complete 
| 225|0x0000000092500000, 0x0000000092600000, 0x0000000092600000|100%| E|CS|TAMS 0x0000000092500000, 0x0000000092500000| Complete 
| 226|0x0000000092600000, 0x0000000092700000, 0x0000000092700000|100%| E|CS|TAMS 0x0000000092600000, 0x0000000092600000| Complete 
| 227|0x0000000092700000, 0x0000000092800000, 0x0000000092800000|100%| E|CS|TAMS 0x0000000092700000, 0x0000000092700000| Complete 
| 228|0x0000000092800000, 0x0000000092900000, 0x0000000092900000|100%| E|CS|TAMS 0x0000000092800000, 0x0000000092800000| Complete 
| 229|0x0000000092900000, 0x0000000092a00000, 0x0000000092a00000|100%| E|CS|TAMS 0x0000000092900000, 0x0000000092900000| Complete 
| 230|0x0000000092a00000, 0x0000000092b00000, 0x0000000092b00000|100%| E|CS|TAMS 0x0000000092a00000, 0x0000000092a00000| Complete 
| 231|0x0000000092b00000, 0x0000000092c00000, 0x0000000092c00000|100%| E|CS|TAMS 0x0000000092b00000, 0x0000000092b00000| Complete 
| 232|0x0000000092c00000, 0x0000000092d00000, 0x0000000092d00000|100%| E|CS|TAMS 0x0000000092c00000, 0x0000000092c00000| Complete 
| 233|0x0000000092d00000, 0x0000000092e00000, 0x0000000092e00000|100%| E|CS|TAMS 0x0000000092d00000, 0x0000000092d00000| Complete 

Card table byte_map: [0x0000029a27350000,0x0000029a27730000] _byte_map_base: 0x0000029a26f2e000

Marking Bits (Prev, Next): (CMBitMap*) 0x0000029a147ba6a0, (CMBitMap*) 0x0000029a147ba660
 Prev Bits: [0x0000029a29a00000, 0x0000029a2b8f0000)
 Next Bits: [0x0000029a27b10000, 0x0000029a29a00000)

Polling page: 0x0000029a12740000

Metaspace:

Usage:
  Non-class:     72.16 MB used.
      Class:      8.93 MB used.
       Both:     81.09 MB used.

Virtual space:
  Non-class space:      128.00 MB reserved,      72.31 MB ( 56%) committed,  2 nodes.
      Class space:        1.00 GB reserved,       9.12 MB ( <1%) committed,  1 nodes.
             Both:        1.12 GB reserved,      81.44 MB (  7%) committed. 

Chunk freelists:
   Non-Class:  7.25 MB
       Class:  6.92 MB
        Both:  14.17 MB

MaxMetaspaceSize: unlimited
CompressedClassSpaceSize: 1.00 GB
Initial GC threshold: 21.00 MB
Current GC threshold: 99.62 MB
CDS: off
MetaspaceReclaimPolicy: balanced
 - commit_granule_bytes: 65536.
 - commit_granule_words: 8192.
 - virtual_space_node_default_size: 8388608.
 - enlarge_chunks_in_place: 1.
 - new_chunks_are_fully_committed: 0.
 - uncommit_free_chunks: 1.
 - use_allocation_guard: 0.
 - handle_deallocations: 1.


Internal statistics:

num_allocs_failed_limit: 6.
num_arena_births: 388.
num_arena_deaths: 0.
num_vsnodes_births: 3.
num_vsnodes_deaths: 0.
num_space_committed: 1301.
num_space_uncommitted: 0.
num_chunks_returned_to_freelist: 6.
num_chunks_taken_from_freelist: 3190.
num_chunk_merges: 6.
num_chunk_splits: 2532.
num_chunks_enlarged: 2187.
num_inconsistent_stats: 0.

CodeHeap 'non-profiled nmethods': size=120000Kb used=4952Kb max_used=4973Kb free=115047Kb
 bounds [0x0000029a1f710000, 0x0000029a1fbf0000, 0x0000029a26c40000]
CodeHeap 'profiled nmethods': size=120000Kb used=32220Kb max_used=33015Kb free=87779Kb
 bounds [0x0000029a17c40000, 0x0000029a19ca0000, 0x0000029a1f170000]
CodeHeap 'non-nmethods': size=5760Kb used=1399Kb max_used=1441Kb free=4360Kb
 bounds [0x0000029a1f170000, 0x0000029a1f3e0000, 0x0000029a1f710000]
 total_blobs=15168 nmethods=14457 adapters=619
 compilation: enabled
              stopped_count=0, restarted_count=0
 full_count=0

Compilation events (20 events):
Event: 14.927 Thread 0x0000029a2e51f7b0 16787       2       org.jetbrains.kotlin.ir.visitors.IrElementTransformerVoid::visitStringConcatenation (10 bytes)
Event: 14.927 Thread 0x0000029a2e51f7b0 nmethod 16787 0x0000029a1985dd10 code [0x0000029a1985df00, 0x0000029a1985e208]
Event: 14.928 Thread 0x0000029a2e51f7b0 16788       2       org.jetbrains.kotlin.ir.visitors.IrElementTransformerVoid::visitStringConcatenation (13 bytes)
Event: 14.928 Thread 0x0000029a2e51f7b0 nmethod 16788 0x0000029a19354790 code [0x0000029a19354980, 0x0000029a19354c48]
Event: 14.928 Thread 0x0000029a2e51f7b0 16789       2       org.jetbrains.kotlin.resolve.annotations.AnnotationUtilKt::getJVM_STATIC_ANNOTATION_FQ_NAME (4 bytes)
Event: 14.928 Thread 0x0000029a2e51f7b0 nmethod 16789 0x0000029a188eb310 code [0x0000029a188eb4a0, 0x0000029a188eb598]
Event: 14.928 Thread 0x0000029a2e51f7b0 16790       2       org.jetbrains.kotlin.ir.visitors.IrElementTransformerVoid::visitTypeParameter (10 bytes)
Event: 14.929 Thread 0x0000029a2e51f7b0 nmethod 16790 0x0000029a19353d90 code [0x0000029a19353fc0, 0x0000029a19354448]
Event: 14.929 Thread 0x0000029a2e51f7b0 16791       2       org.jetbrains.kotlin.ir.visitors.IrElementTransformerVoid::visitTypeParameter (12 bytes)
Event: 14.929 Thread 0x0000029a2e51f7b0 nmethod 16791 0x0000029a19353290 code [0x0000029a193534c0, 0x0000029a19353908]
Event: 14.929 Thread 0x0000029a2e51f7b0 16792       2       org.jetbrains.kotlin.ir.visitors.IrElementTransformerVoid::visitTypeParameter (15 bytes)
Event: 14.929 Thread 0x0000029a2e51f7b0 nmethod 16792 0x0000029a18da4210 code [0x0000029a18da4400, 0x0000029a18da46c8]
Event: 14.929 Thread 0x0000029a2e51f7b0 16793       2       org.jetbrains.kotlin.backend.jvm.lower.JvmStaticAnnotationLoweringKt::isJvmStaticDeclaration (135 bytes)
Event: 14.929 Thread 0x0000029a2e51f7b0 nmethod 16793 0x0000029a18da3a10 code [0x0000029a18da3c00, 0x0000029a18da4058]
Event: 14.929 Thread 0x0000029a2e51f7b0 16794       2       org.jetbrains.kotlin.backend.jvm.lower.SingletonObjectJvmStaticTransformer::visitMemberAccess (59 bytes)
Event: 14.930 Thread 0x0000029a2e51f7b0 nmethod 16794 0x0000029a18da2e10 code [0x0000029a18da3080, 0x0000029a18da3688]
Event: 14.930 Thread 0x0000029a2e51f7b0 16795       2       org.jetbrains.kotlin.backend.jvm.lower.JvmStaticAnnotationLoweringKt::isJvmStaticInObject (65 bytes)
Event: 14.931 Thread 0x0000029a2e51f7b0 nmethod 16795 0x0000029a18da2010 code [0x0000029a18da22a0, 0x0000029a18da29d8]
Event: 14.931 Thread 0x0000029a2e51f7b0 16796       2       org.jetbrains.kotlin.ir.visitors.IrElementTransformerVoid::<init> (5 bytes)
Event: 14.931 Thread 0x0000029a2e51f7b0 nmethod 16796 0x0000029a189e9810 code [0x0000029a189e99a0, 0x0000029a189e9a98]

GC Heap History (20 events):
Event: 5.194 GC heap before
{Heap before GC invocations=20 (full 0):
 garbage-first heap   total 109568K, used 78028K [0x0000000084400000, 0x0000000100000000)
  region size 1024K, 42 young (43008K), 2 survivors (2048K)
 Metaspace       used 57786K, committed 57984K, reserved 1114112K
  class space    used 6883K, committed 6976K, reserved 1048576K
}
Event: 5.211 GC heap after
{Heap after GC invocations=21 (full 0):
 garbage-first heap   total 109568K, used 44562K [0x0000000084400000, 0x0000000100000000)
  region size 1024K, 6 young (6144K), 6 survivors (6144K)
 Metaspace       used 57786K, committed 57984K, reserved 1114112K
  class space    used 6883K, committed 6976K, reserved 1048576K
}
Event: 5.747 GC heap before
{Heap before GC invocations=21 (full 0):
 garbage-first heap   total 109568K, used 80402K [0x0000000084400000, 0x0000000100000000)
  region size 1024K, 41 young (41984K), 6 survivors (6144K)
 Metaspace       used 59897K, committed 60160K, reserved 1114112K
  class space    used 7090K, committed 7168K, reserved 1048576K
}
Event: 5.767 GC heap after
{Heap after GC invocations=22 (full 0):
 garbage-first heap   total 109568K, used 50978K [0x0000000084400000, 0x0000000100000000)
  region size 1024K, 6 young (6144K), 6 survivors (6144K)
 Metaspace       used 59897K, committed 60160K, reserved 1114112K
  class space    used 7090K, committed 7168K, reserved 1048576K
}
Event: 6.071 GC heap before
{Heap before GC invocations=22 (full 0):
 garbage-first heap   total 109568K, used 82722K [0x0000000084400000, 0x0000000100000000)
  region size 1024K, 37 young (37888K), 6 survivors (6144K)
 Metaspace       used 60575K, committed 60800K, reserved 1114112K
  class space    used 7153K, committed 7232K, reserved 1048576K
}
Event: 6.094 GC heap after
{Heap after GC invocations=23 (full 0):
 garbage-first heap   total 109568K, used 56832K [0x0000000084400000, 0x0000000100000000)
  region size 1024K, 5 young (5120K), 5 survivors (5120K)
 Metaspace       used 60575K, committed 60800K, reserved 1114112K
  class space    used 7153K, committed 7232K, reserved 1048576K
}
Event: 6.268 GC heap before
{Heap before GC invocations=23 (full 0):
 garbage-first heap   total 109568K, used 84480K [0x0000000084400000, 0x0000000100000000)
  region size 1024K, 32 young (32768K), 5 survivors (5120K)
 Metaspace       used 60751K, committed 61056K, reserved 1114112K
  class space    used 7173K, committed 7296K, reserved 1048576K
}
Event: 6.286 GC heap after
{Heap after GC invocations=24 (full 0):
 garbage-first heap   total 109568K, used 61952K [0x0000000084400000, 0x0000000100000000)
  region size 1024K, 4 young (4096K), 4 survivors (4096K)
 Metaspace       used 60751K, committed 61056K, reserved 1114112K
  class space    used 7173K, committed 7296K, reserved 1048576K
}
Event: 6.401 GC heap before
{Heap before GC invocations=25 (full 0):
 garbage-first heap   total 119808K, used 85504K [0x0000000084400000, 0x0000000100000000)
  region size 1024K, 27 young (27648K), 4 survivors (4096K)
 Metaspace       used 60898K, committed 61184K, reserved 1114112K
  class space    used 7186K, committed 7296K, reserved 1048576K
}
Event: 6.410 GC heap after
{Heap after GC invocations=26 (full 0):
 garbage-first heap   total 119808K, used 63488K [0x0000000084400000, 0x0000000100000000)
  region size 1024K, 1 young (1024K), 1 survivors (1024K)
 Metaspace       used 60898K, committed 61184K, reserved 1114112K
  class space    used 7186K, committed 7296K, reserved 1048576K
}
Event: 6.473 GC heap before
{Heap before GC invocations=26 (full 0):
 garbage-first heap   total 119808K, used 67584K [0x0000000084400000, 0x0000000100000000)
  region size 1024K, 5 young (5120K), 1 survivors (1024K)
 Metaspace       used 61179K, committed 61440K, reserved 1114112K
  class space    used 7238K, committed 7360K, reserved 1048576K
}
Event: 6.482 GC heap after
{Heap after GC invocations=27 (full 0):
 garbage-first heap   total 239616K, used 63226K [0x0000000084400000, 0x0000000100000000)
  region size 1024K, 1 young (1024K), 1 survivors (1024K)
 Metaspace       used 61179K, committed 61440K, reserved 1114112K
  class space    used 7238K, committed 7360K, reserved 1048576K
}
Event: 8.989 GC heap before
{Heap before GC invocations=27 (full 0):
 garbage-first heap   total 239616K, used 174842K [0x0000000084400000, 0x0000000100000000)
  region size 1024K, 108 young (110592K), 1 survivors (1024K)
 Metaspace       used 68527K, committed 68864K, reserved 1114112K
  class space    used 7812K, committed 8000K, reserved 1048576K
}
Event: 9.009 GC heap after
{Heap after GC invocations=28 (full 0):
 garbage-first heap   total 239616K, used 79048K [0x0000000084400000, 0x0000000100000000)
  region size 1024K, 14 young (14336K), 14 survivors (14336K)
 Metaspace       used 68527K, committed 68864K, reserved 1114112K
  class space    used 7812K, committed 8000K, reserved 1048576K
}
Event: 10.844 GC heap before
{Heap before GC invocations=28 (full 0):
 garbage-first heap   total 239616K, used 172232K [0x0000000084400000, 0x0000000100000000)
  region size 1024K, 104 young (106496K), 14 survivors (14336K)
 Metaspace       used 71163K, committed 71488K, reserved 1114112K
  class space    used 8112K, committed 8256K, reserved 1048576K
}
Event: 10.865 GC heap after
{Heap after GC invocations=29 (full 0):
 garbage-first heap   total 239616K, used 90221K [0x0000000084400000, 0x0000000100000000)
  region size 1024K, 11 young (11264K), 11 survivors (11264K)
 Metaspace       used 71163K, committed 71488K, reserved 1114112K
  class space    used 8112K, committed 8256K, reserved 1048576K
}
Event: 12.391 GC heap before
{Heap before GC invocations=29 (full 0):
 garbage-first heap   total 239616K, used 177261K [0x0000000084400000, 0x0000000100000000)
  region size 1024K, 96 young (98304K), 11 survivors (11264K)
 Metaspace       used 71757K, committed 72064K, reserved 1114112K
  class space    used 8134K, committed 8320K, reserved 1048576K
}
Event: 12.409 GC heap after
{Heap after GC invocations=30 (full 0):
 garbage-first heap   total 239616K, used 100352K [0x0000000084400000, 0x0000000100000000)
  region size 1024K, 10 young (10240K), 10 survivors (10240K)
 Metaspace       used 71757K, committed 72064K, reserved 1114112K
  class space    used 8134K, committed 8320K, reserved 1048576K
}
Event: 13.709 GC heap before
{Heap before GC invocations=30 (full 0):
 garbage-first heap   total 239616K, used 184320K [0x0000000084400000, 0x0000000100000000)
  region size 1024K, 92 young (94208K), 10 survivors (10240K)
 Metaspace       used 78077K, committed 78400K, reserved 1179648K
  class space    used 8685K, committed 8832K, reserved 1048576K
}
Event: 13.726 GC heap after
{Heap after GC invocations=31 (full 0):
 garbage-first heap   total 239616K, used 105593K [0x0000000084400000, 0x0000000100000000)
  region size 1024K, 6 young (6144K), 6 survivors (6144K)
 Metaspace       used 78077K, committed 78400K, reserved 1179648K
  class space    used 8685K, committed 8832K, reserved 1048576K
}

Dll operation events (2 events):
Event: 0.016 Loaded shared library C:\Program Files\Android\Android Studio\jbr\bin\java.dll
Event: 1.396 Loaded shared library C:\Program Files\Android\Android Studio\jbr\bin\verify.dll

Deoptimization events (20 events):
Event: 14.868 Thread 0x0000029a1260a7e0 Uncommon trap: trap_request=0xffffffde fr.pc=0x0000029a1fbc4f84 relative=0x0000000000000484
Event: 14.868 Thread 0x0000029a1260a7e0 Uncommon trap: reason=class_check action=maybe_recompile pc=0x0000029a1fbc4f84 method=org.jetbrains.kotlin.com.intellij.extapi.psi.ASTDelegatePsiElement.getTextRange()Lorg/jetbrains/kotlin/com/intellij/openapi/util/TextRange; @ 4 c2
Event: 14.868 Thread 0x0000029a1260a7e0 DEOPT PACKING pc=0x0000029a1fbc4f84 sp=0x000000ed513fb9f0
Event: 14.868 Thread 0x0000029a1260a7e0 DEOPT UNPACKING pc=0x0000029a1f1ca1a3 sp=0x000000ed513fb9b8 mode 2
Event: 14.868 Thread 0x0000029a1260a7e0 Uncommon trap: trap_request=0xffffffde fr.pc=0x0000029a1fbe7628 relative=0x0000000000000088
Event: 14.868 Thread 0x0000029a1260a7e0 Uncommon trap: reason=class_check action=maybe_recompile pc=0x0000029a1fbe7628 method=org.jetbrains.kotlin.com.intellij.psi.impl.source.tree.SharedImplUtil.getFirstChild(Lorg/jetbrains/kotlin/com/intellij/lang/ASTNode;)Lorg/jetbrains/kotlin/com/intellij/p
Event: 14.868 Thread 0x0000029a1260a7e0 DEOPT PACKING pc=0x0000029a1fbe7628 sp=0x000000ed513fbba0
Event: 14.868 Thread 0x0000029a1260a7e0 DEOPT UNPACKING pc=0x0000029a1f1ca1a3 sp=0x000000ed513fbad8 mode 2
Event: 14.868 Thread 0x0000029a1260a7e0 Uncommon trap: trap_request=0xffffffde fr.pc=0x0000029a1fbe7628 relative=0x0000000000000088
Event: 14.868 Thread 0x0000029a1260a7e0 Uncommon trap: reason=class_check action=maybe_recompile pc=0x0000029a1fbe7628 method=org.jetbrains.kotlin.com.intellij.psi.impl.source.tree.SharedImplUtil.getFirstChild(Lorg/jetbrains/kotlin/com/intellij/lang/ASTNode;)Lorg/jetbrains/kotlin/com/intellij/p
Event: 14.868 Thread 0x0000029a1260a7e0 DEOPT PACKING pc=0x0000029a1fbe7628 sp=0x000000ed513fbba0
Event: 14.868 Thread 0x0000029a1260a7e0 DEOPT UNPACKING pc=0x0000029a1f1ca1a3 sp=0x000000ed513fbad8 mode 2
Event: 14.868 Thread 0x0000029a1260a7e0 Uncommon trap: trap_request=0xffffffde fr.pc=0x0000029a1fbc4f84 relative=0x0000000000000484
Event: 14.868 Thread 0x0000029a1260a7e0 Uncommon trap: reason=class_check action=maybe_recompile pc=0x0000029a1fbc4f84 method=org.jetbrains.kotlin.com.intellij.extapi.psi.ASTDelegatePsiElement.getTextRange()Lorg/jetbrains/kotlin/com/intellij/openapi/util/TextRange; @ 4 c2
Event: 14.868 Thread 0x0000029a1260a7e0 DEOPT PACKING pc=0x0000029a1fbc4f84 sp=0x000000ed513fbc80
Event: 14.868 Thread 0x0000029a1260a7e0 DEOPT UNPACKING pc=0x0000029a1f1ca1a3 sp=0x000000ed513fbc48 mode 2
Event: 14.868 Thread 0x0000029a1260a7e0 Uncommon trap: trap_request=0xffffffde fr.pc=0x0000029a1fbc4f84 relative=0x0000000000000484
Event: 14.868 Thread 0x0000029a1260a7e0 Uncommon trap: reason=class_check action=maybe_recompile pc=0x0000029a1fbc4f84 method=org.jetbrains.kotlin.com.intellij.extapi.psi.ASTDelegatePsiElement.getTextRange()Lorg/jetbrains/kotlin/com/intellij/openapi/util/TextRange; @ 4 c2
Event: 14.868 Thread 0x0000029a1260a7e0 DEOPT PACKING pc=0x0000029a1fbc4f84 sp=0x000000ed513fbc80
Event: 14.868 Thread 0x0000029a1260a7e0 DEOPT UNPACKING pc=0x0000029a1f1ca1a3 sp=0x000000ed513fbc48 mode 2

Classes unloaded (0 events):
No events

Classes redefined (0 events):
No events

Internal exceptions (20 events):
Event: 5.985 Thread 0x0000029a1260a7e0 Exception <a 'java/lang/NoSuchMethodError'{0x000000008975e550}: 'java.lang.Object java.lang.invoke.DirectMethodHandle$Holder.newInvokeSpecial(java.lang.Object, java.lang.Object, java.lang.Object, java.lang.Object, java.lang.Object, java.lang.Object, java.lang.Object)'> (0x000000008975e550) 
thrown [s\src\hotspot\share\interpreter\linkResolver.cpp, line 771]
Event: 5.985 Thread 0x0000029a1260a7e0 Exception <a 'java/lang/NoSuchMethodError'{0x0000000089763108}: 'java.lang.Object java.lang.invoke.Invokers$Holder.linkToTargetMethod(java.lang.Object, java.lang.Object, java.lang.Object, java.lang.Object, java.lang.Object, java.lang.Object, java.lang.Object)'> (0x0000000089763108) 
thrown [s\src\hotspot\share\interpreter\linkResolver.cpp, line 771]
Event: 5.992 Thread 0x0000029a1260a7e0 Implicit null exception at 0x0000029a1f823309 to 0x0000029a1f8233f0
Event: 5.992 Thread 0x0000029a1260a7e0 Implicit null exception at 0x0000029a1f776758 to 0x0000029a1f7767ea
Event: 6.151 Thread 0x0000029a1260a7e0 Exception <a 'java/lang/NoSuchMethodError'{0x000000008a6b1450}: 'java.lang.Object java.lang.invoke.DirectMethodHandle$Holder.invokeStatic(java.lang.Object, int, java.lang.Object)'> (0x000000008a6b1450) 
thrown [s\src\hotspot\share\interpreter\linkResolver.cpp, line 771]
Event: 6.547 Thread 0x0000029a1260a7e0 Exception <a 'java/lang/NoSuchMethodError'{0x0000000092a1f108}: 'void java.lang.invoke.DirectMethodHandle$Holder.invokeSpecial(java.lang.Object, java.lang.Object, int, java.lang.Object)'> (0x0000000092a1f108) 
thrown [s\src\hotspot\share\interpreter\linkResolver.cpp, line 771]
Event: 6.561 Thread 0x0000029a1260a7e0 Exception <a 'java/lang/NoSuchMethodError'{0x0000000092ae2a98}: 'void java.lang.invoke.DirectMethodHandle$Holder.invokeInterface(java.lang.Object, java.lang.Object)'> (0x0000000092ae2a98) 
thrown [s\src\hotspot\share\interpreter\linkResolver.cpp, line 771]
Event: 6.692 Thread 0x0000029a1260a7e0 Exception <a 'java/lang/IncompatibleClassChangeError'{0x0000000092480228}: Found class java.lang.Object, but interface was expected> (0x0000000092480228) 
thrown [s\src\hotspot\share\interpreter\linkResolver.cpp, line 838]
Event: 6.759 Thread 0x0000029a1260a7e0 Implicit null exception at 0x0000029a1f86eb4f to 0x0000029a1f86f678
Event: 6.911 Thread 0x0000029a1260a7e0 Implicit null exception at 0x0000029a1f8696cc to 0x0000029a1f8697a8
Event: 7.575 Thread 0x0000029a1260a7e0 Exception <a 'java/lang/NoSuchMethodError'{0x00000000900b8790}: 'java.lang.Object java.lang.invoke.DirectMethodHandle$Holder.invokeInterface(java.lang.Object, java.lang.Object, java.lang.Object)'> (0x00000000900b8790) 
thrown [s\src\hotspot\share\interpreter\linkResolver.cpp, line 771]
Event: 7.576 Thread 0x0000029a1260a7e0 Exception <a 'java/lang/IncompatibleClassChangeError'{0x00000000900bc100}: Found class java.lang.Object, but interface was expected> (0x00000000900bc100) 
thrown [s\src\hotspot\share\interpreter\linkResolver.cpp, line 838]
Event: 8.433 Thread 0x0000029a1260a7e0 Implicit null exception at 0x0000029a1fa2a1a7 to 0x0000029a1fa2a2f8
Event: 11.182 Thread 0x0000029a1260a7e0 Implicit null exception at 0x0000029a1fb1badc to 0x0000029a1fb1bd60
Event: 13.293 Thread 0x0000029a1260a7e0 Exception <a 'java/lang/NoSuchMethodError'{0x000000008ecc1a78}: 'java.lang.Object java.lang.invoke.Invokers$Holder.linkToTargetMethod(java.lang.Object, java.lang.Object, int, int, java.lang.Object, java.lang.Object, java.lang.Object, java.lang.Object, java.lang.Object)'> (0x000000008ecc1a78) 
thrown [s\src\hotspot\share\interpreter\linkResolver.cpp, line 771]
Event: 13.415 Thread 0x0000029a1260a7e0 Exception <a 'java/lang/NoSuchMethodError'{0x000000008e8d6f00}: 'java.lang.Object java.lang.invoke.DirectMethodHandle$Holder.newInvokeSpecial(java.lang.Object, java.lang.Object, java.lang.Object, int, int)'> (0x000000008e8d6f00) 
thrown [s\src\hotspot\share\interpreter\linkResolver.cpp, line 771]
Event: 13.415 Thread 0x0000029a1260a7e0 Exception <a 'java/lang/NoSuchMethodError'{0x000000008e8dad40}: 'java.lang.Object java.lang.invoke.DirectMethodHandle$Holder.invokeSpecial(java.lang.Object, java.lang.Object, java.lang.Object, java.lang.Object, int, int)'> (0x000000008e8dad40) 
thrown [s\src\hotspot\share\interpreter\linkResolver.cpp, line 771]
Event: 13.995 Thread 0x0000029a1260a7e0 Exception <a 'java/lang/NoSuchMethodError'{0x0000000091c7a548}: 'java.lang.Object java.lang.invoke.DirectMethodHandle$Holder.invokeStatic(java.lang.Object, java.lang.Object, java.lang.Object, int, int, java.lang.Object, java.lang.Object, java.lang.Object, java.lang.Object)'> (0x0000000091c7a548) 
thrown [s\src\hotspot\share\interpreter\linkResolver.cpp, line 771]
Event: 13.995 Thread 0x0000029a1260a7e0 Exception <a 'java/lang/NoSuchMethodError'{0x0000000091c84a90}: 'java.lang.Object java.lang.invoke.DirectMethodHandle$Holder.newInvokeSpecial(java.lang.Object, java.lang.Object, java.lang.Object, int, int, java.lang.Object)'> (0x0000000091c84a90) 
thrown [s\src\hotspot\share\interpreter\linkResolver.cpp, line 771]
Event: 13.996 Thread 0x0000029a1260a7e0 Exception <a 'java/lang/NoSuchMethodError'{0x0000000091c8c430}: 'java.lang.Object java.lang.invoke.Invokers$Holder.linkToTargetMethod(java.lang.Object, java.lang.Object, int, int, java.lang.Object, java.lang.Object)'> (0x0000000091c8c430) 
thrown [s\src\hotspot\share\interpreter\linkResolver.cpp, line 771]

VM Operations (20 events):
Event: 14.413 Executing VM operation: ICBufferFull
Event: 14.413 Executing VM operation: ICBufferFull done
Event: 14.513 Executing VM operation: HandshakeAllThreads
Event: 14.513 Executing VM operation: HandshakeAllThreads done
Event: 14.523 Executing VM operation: ICBufferFull
Event: 14.523 Executing VM operation: ICBufferFull done
Event: 14.549 Executing VM operation: HandshakeAllThreads
Event: 14.549 Executing VM operation: HandshakeAllThreads done
Event: 14.639 Executing VM operation: HandshakeAllThreads
Event: 14.639 Executing VM operation: HandshakeAllThreads done
Event: 14.641 Executing VM operation: HandshakeAllThreads
Event: 14.641 Executing VM operation: HandshakeAllThreads done
Event: 14.648 Executing VM operation: HandshakeAllThreads
Event: 14.648 Executing VM operation: HandshakeAllThreads done
Event: 14.678 Executing VM operation: HandshakeAllThreads
Event: 14.679 Executing VM operation: HandshakeAllThreads done
Event: 14.721 Executing VM operation: HandshakeAllThreads
Event: 14.721 Executing VM operation: HandshakeAllThreads done
Event: 14.749 Executing VM operation: ICBufferFull
Event: 14.750 Executing VM operation: ICBufferFull done

Events (20 events):
Event: 14.345 Thread 0x0000029a2e5200c0 flushing nmethod 0x0000029a198b5910
Event: 14.345 Thread 0x0000029a2e5200c0 flushing nmethod 0x0000029a198b7410
Event: 14.345 Thread 0x0000029a2e5200c0 flushing nmethod 0x0000029a198bcb10
Event: 14.345 Thread 0x0000029a2e5200c0 flushing nmethod 0x0000029a198bf290
Event: 14.345 Thread 0x0000029a2e5200c0 flushing nmethod 0x0000029a198c0910
Event: 14.345 Thread 0x0000029a2e5200c0 flushing nmethod 0x0000029a198c4e10
Event: 14.345 Thread 0x0000029a2e5200c0 flushing nmethod 0x0000029a198cc090
Event: 14.345 Thread 0x0000029a2e5200c0 flushing nmethod 0x0000029a198cd190
Event: 14.345 Thread 0x0000029a2e5200c0 flushing nmethod 0x0000029a198d5e10
Event: 14.345 Thread 0x0000029a2e5200c0 flushing nmethod 0x0000029a198d7a90
Event: 14.345 Thread 0x0000029a2e5200c0 flushing nmethod 0x0000029a198ec290
Event: 14.346 Thread 0x0000029a2e5200c0 flushing nmethod 0x0000029a19909c10
Event: 14.346 Thread 0x0000029a2e5200c0 flushing nmethod 0x0000029a1990e610
Event: 14.346 Thread 0x0000029a2e5200c0 flushing nmethod 0x0000029a19933e10
Event: 14.346 Thread 0x0000029a2e5200c0 flushing nmethod 0x0000029a19952b10
Event: 14.346 Thread 0x0000029a2e5200c0 flushing nmethod 0x0000029a19952e90
Event: 14.346 Thread 0x0000029a2e5200c0 flushing nmethod 0x0000029a1995b810
Event: 14.346 Thread 0x0000029a2e5200c0 flushing nmethod 0x0000029a1997c290
Event: 14.346 Thread 0x0000029a2e5200c0 flushing nmethod 0x0000029a199cc110
Event: 14.346 Thread 0x0000029a2e5200c0 flushing nmethod 0x0000029a19a80d10


Dynamic libraries:
0x00007ff7904e0000 - 0x00007ff7904ea000 	C:\Program Files\Android\Android Studio\jbr\bin\java.exe
0x00007ff986690000 - 0x00007ff986888000 	C:\Windows\SYSTEM32\ntdll.dll
0x00007ff984cf0000 - 0x00007ff984db2000 	C:\Windows\System32\KERNEL32.DLL
0x00007ff983e80000 - 0x00007ff98417e000 	C:\Windows\System32\KERNELBASE.dll
0x00007ff984450000 - 0x00007ff984550000 	C:\Windows\System32\ucrtbase.dll
0x00007ff957ce0000 - 0x00007ff957cfb000 	C:\Program Files\Android\Android Studio\jbr\bin\VCRUNTIME140.dll
0x00007ff951940000 - 0x00007ff951957000 	C:\Program Files\Android\Android Studio\jbr\bin\jli.dll
0x00007ff985f00000 - 0x00007ff98609d000 	C:\Windows\System32\USER32.dll
0x00007ff983e00000 - 0x00007ff983e22000 	C:\Windows\System32\win32u.dll
0x00007ff9704b0000 - 0x00007ff97074a000 	C:\Windows\WinSxS\amd64_microsoft.windows.common-controls_6595b64144ccf1df_6.0.19041.4355_none_60b8b9eb71f62e16\COMCTL32.dll
0x00007ff984f20000 - 0x00007ff984f4b000 	C:\Windows\System32\GDI32.dll
0x00007ff986130000 - 0x00007ff9861ce000 	C:\Windows\System32\msvcrt.dll
0x00007ff9842c0000 - 0x00007ff9843d7000 	C:\Windows\System32\gdi32full.dll
0x00007ff983d60000 - 0x00007ff983dfd000 	C:\Windows\System32\msvcp_win.dll
0x00007ff984dc0000 - 0x00007ff984def000 	C:\Windows\System32\IMM32.DLL
0x00007ff970e30000 - 0x00007ff970e3c000 	C:\Program Files\Android\Android Studio\jbr\bin\vcruntime140_1.dll
0x00007ff9405d0000 - 0x00007ff94065d000 	C:\Program Files\Android\Android Studio\jbr\bin\msvcp140.dll
0x00007ff918850000 - 0x00007ff9194d3000 	C:\Program Files\Android\Android Studio\jbr\bin\server\jvm.dll
0x00007ff984df0000 - 0x00007ff984ea2000 	C:\Windows\System32\ADVAPI32.dll
0x00007ff985cc0000 - 0x00007ff985d60000 	C:\Windows\System32\sechost.dll
0x00007ff9847a0000 - 0x00007ff9848c3000 	C:\Windows\System32\RPCRT4.dll
0x00007ff983d30000 - 0x00007ff983d57000 	C:\Windows\System32\bcrypt.dll
0x00007ff983270000 - 0x00007ff9832bb000 	C:\Windows\SYSTEM32\POWRPROF.dll
0x00007ff980b20000 - 0x00007ff980b29000 	C:\Windows\SYSTEM32\WSOCK32.dll
0x00007ff984eb0000 - 0x00007ff984f1b000 	C:\Windows\System32\WS2_32.dll
0x00007ff9822f0000 - 0x00007ff982317000 	C:\Windows\SYSTEM32\WINMM.dll
0x00007ff97a0d0000 - 0x00007ff97a0da000 	C:\Windows\SYSTEM32\VERSION.dll
0x00007ff983130000 - 0x00007ff983142000 	C:\Windows\SYSTEM32\UMPDC.dll
0x00007ff982550000 - 0x00007ff982562000 	C:\Windows\SYSTEM32\kernel.appcore.dll
0x00007ff9697a0000 - 0x00007ff9697aa000 	C:\Program Files\Android\Android Studio\jbr\bin\jimage.dll
0x00007ff9820c0000 - 0x00007ff9822a4000 	C:\Windows\SYSTEM32\DBGHELP.DLL
0x00007ff9822b0000 - 0x00007ff9822e4000 	C:\Windows\SYSTEM32\dbgcore.DLL
0x00007ff984180000 - 0x00007ff984202000 	C:\Windows\System32\bcryptPrimitives.dll
0x00007ff952390000 - 0x00007ff9523b5000 	C:\Program Files\Android\Android Studio\jbr\bin\java.dll
0x00007ff952310000 - 0x00007ff952328000 	C:\Program Files\Android\Android Studio\jbr\bin\zip.dll
0x00007ff9854f0000 - 0x00007ff985c5f000 	C:\Windows\System32\SHELL32.dll
0x00007ff981840000 - 0x00007ff981fe4000 	C:\Windows\SYSTEM32\windows.storage.dll
0x00007ff985080000 - 0x00007ff9853d3000 	C:\Windows\System32\combase.dll
0x00007ff983760000 - 0x00007ff98378e000 	C:\Windows\SYSTEM32\Wldp.dll
0x00007ff9846d0000 - 0x00007ff98479d000 	C:\Windows\System32\OLEAUT32.dll
0x00007ff985440000 - 0x00007ff9854ed000 	C:\Windows\System32\SHCORE.dll
0x00007ff984a00000 - 0x00007ff984a55000 	C:\Windows\System32\shlwapi.dll
0x00007ff983c60000 - 0x00007ff983c84000 	C:\Windows\SYSTEM32\profapi.dll
0x00007ff951b00000 - 0x00007ff951b19000 	C:\Program Files\Android\Android Studio\jbr\bin\net.dll
0x00007ff97fd90000 - 0x00007ff97fe9d000 	C:\Windows\SYSTEM32\WINHTTP.dll
0x00007ff9834c0000 - 0x00007ff98352a000 	C:\Windows\system32\mswsock.dll
0x00007ff951960000 - 0x00007ff951976000 	C:\Program Files\Android\Android Studio\jbr\bin\nio.dll
0x00007ff95ac50000 - 0x00007ff95ac60000 	C:\Program Files\Android\Android Studio\jbr\bin\verify.dll

dbghelp: loaded successfully - version: 4.0.5 - missing functions: none
symbol engine: initialized successfully - sym options: 0x614 - pdb path: .;C:\Program Files\Android\Android Studio\jbr\bin;C:\Windows\SYSTEM32;C:\Windows\WinSxS\amd64_microsoft.windows.common-controls_6595b64144ccf1df_6.0.19041.4355_none_60b8b9eb71f62e16;C:\Program Files\Android\Android Studio\jbr\bin\server

VM Arguments:
java_command: org.jetbrains.kotlin.cli.jvm.K2JVMCompiler @C:\Users\User\AndroidStudioProjects\MovaLast17.10\Mova\app\build\20241024_14579015588761717013.compiler.options
java_class_path (initial): C:\Users\User\.gradle\caches\modules-2\files-2.1\org.jetbrains.kotlin\kotlin-compiler-embeddable\1.9.0\2c8c3a7402becca891f12739b3e9fd2dc2adbd7a\kotlin-compiler-embeddable-1.9.0.jar;C:\Users\User\.gradle\caches\modules-2\files-2.1\org.jetbrains.kotlin\kotlin-stdlib\1.9.0\8ee15ef0c67dc83d874f412d84378d7f0eb50b63\kotlin-stdlib-1.9.0.jar;C:\Users\User\.gradle\caches\modules-2\files-2.1\org.jetbrains.kotlin\kotlin-script-runtime\1.9.0\4b3102cbbb7e1b58d9d1adf89563f00069ffa7d1\kotlin-script-runtime-1.9.0.jar;C:\Users\User\.gradle\caches\modules-2\files-2.1\org.jetbrains.kotlin\kotlin-reflect\1.6.10\1cbe9c92c12a94eea200d23c2bbaedaf3daf5132\kotlin-reflect-1.6.10.jar;C:\Users\User\.gradle\caches\modules-2\files-2.1\org.jetbrains.kotlin\kotlin-daemon-embeddable\1.9.0\186543f5e28cf8d9a0290fecc2cf34301c40a65c\kotlin-daemon-embeddable-1.9.0.jar;C:\Users\User\.gradle\caches\modules-2\files-2.1\org.jetbrains.intellij.deps\trove4j\1.0.20200330\3afb14d5f9ceb459d724e907a21145e8ff394f02\trove4j-1.0.20200330.jar;C:\Users\User\.gradle\caches\modules-2\files-2.1\org.jetbrains.kotlin\kotlin-stdlib-common\1.9.0\cd65c21cfd1eec4d44ef09f9f52b6d9f8a720636\kotlin-stdlib-common-1.9.0.jar;C:\Users\User\.gradle\caches\modules-2\files-2.1\org.jetbrains\annotations\13.0\919f0dfe192fb4e063e7dacadee7f8bb9a2672a9\annotations-13.0.jar
Launcher Type: SUN_STANDARD

[Global flags]
     intx CICompilerCount                          = 4                                         {product} {ergonomic}
     uint ConcGCThreads                            = 2                                         {product} {ergonomic}
     uint G1ConcRefinementThreads                  = 8                                         {product} {ergonomic}
   size_t G1HeapRegionSize                         = 1048576                                   {product} {ergonomic}
    uintx GCDrainStackTargetSize                   = 64                                        {product} {ergonomic}
   size_t InitialHeapSize                          = 130023424                                 {product} {ergonomic}
   size_t MarkStackSize                            = 4194304                                   {product} {ergonomic}
   size_t MaxHeapSize                              = 2076180480                                {product} {ergonomic}
   size_t MaxNewSize                               = 1245708288                                {product} {ergonomic}
   size_t MinHeapDeltaBytes                        = 1048576                                   {product} {ergonomic}
   size_t MinHeapSize                              = 8388608                                   {product} {ergonomic}
    uintx NonNMethodCodeHeapSize                   = 5839372                                {pd product} {ergonomic}
    uintx NonProfiledCodeHeapSize                  = 122909434                              {pd product} {ergonomic}
    uintx ProfiledCodeHeapSize                     = 122909434                              {pd product} {ergonomic}
    uintx ReservedCodeCacheSize                    = 251658240                              {pd product} {ergonomic}
     bool SegmentedCodeCache                       = true                                      {product} {ergonomic}
   size_t SoftMaxHeapSize                          = 2076180480                             {manageable} {ergonomic}
     bool UseCompressedClassPointers               = true                           {product lp64_product} {ergonomic}
     bool UseCompressedOops                        = true                           {product lp64_product} {ergonomic}
     bool UseG1GC                                  = true                                      {product} {ergonomic}
     bool UseLargePagesIndividualAllocation        = false                                  {pd product} {ergonomic}

Logging:
Log output configuration:
 #0: stdout all=warning uptime,level,tags
 #1: stderr all=off uptime,level,tags

Environment Variables:
PATH=C:\Program Files\Microsoft\jdk-11.0.12.7-hotspot\bin;C:\Windows\system32;C:\Windows;C:\Windows\System32\Wbem;C:\Windows\System32\WindowsPowerShell\v1.0\;C:\Windows\System32\OpenSSH\;C:\Program Files\dotnet\;C:\Program Files\Microsoft SQL Server\130\Tools\Binn\;C:\Program Files\Microsoft SQL Server\Client SDK\ODBC\170\Tools\Binn\;C:\Program Files\Microsoft SQL Server\150\Tools\Binn\;C:\Program Files (x86)\Microsoft SQL Server\160\Tools\Binn\;C:\Program Files\Microsoft SQL Server\160\Tools\Binn\;C:\Program Files\Microsoft SQL Server\160\DTS\Binn\;C:\Program Files\Azure Data Studio\bin;C:\Program Files\Git\cmd;C:\Users\User\AppData\Local\Microsoft\WindowsApps;C:\Users\User\.dotnet\tools;C:\Users\User\AppData\Local\Programs\Microsoft VS Code\bin;C:\Program Files\Azure Data Studio\bin
USERNAME=User
OS=Windows_NT
PROCESSOR_IDENTIFIER=Intel64 Family 6 Model 140 Stepping 1, GenuineIntel
TMP=C:\Users\User\AppData\Local\Temp
TEMP=C:\Users\User\AppData\Local\Temp



Periodic native trim disabled

JNI global refs:
JNI global refs: 10, weak refs: 32

JNI global refs memory usage: 843, weak refs: 841

OOME stack traces (most recent first):
Classloader memory used:
Loader jdk.internal.loader.ClassLoaders$AppClassLoader                                 : 8888K
Loader bootstrap                                                                       : 1399K
Loader java.net.URLClassLoader                                                         : 75095B
Loader jdk.internal.reflect.DelegatingClassLoader                                      : 27295B
Loader jdk.internal.loader.ClassLoaders$PlatformClassLoader                            : 2276B


---------------  S Y S T E M  ---------------

OS:
 Windows 10 , 64 bit Build 19041 (10.0.19041.4957)
OS uptime: 9 days 22:58 hours

CPU: total 8 (initial active 8) (4 cores per cpu, 2 threads per core) family 6 model 140 stepping 1 microcode 0xb8, cx8, cmov, fxsr, ht, mmx, 3dnowpref, sse, sse2, sse3, ssse3, sse4.1, sse4.2, popcnt, lzcnt, tsc, tscinvbit, avx, avx2, aes, erms, clmul, bmi1, bmi2, adx, avx512f, avx512dq, avx512cd, avx512bw, avx512vl, sha, fma, vzeroupper, avx512_vpopcntdq, avx512_vpclmulqdq, avx512_vaes, avx512_vnni, clflush, clflushopt, clwb, avx512_vbmi2, avx512_vbmi
Processor Information for all 8 processors :
  Max Mhz: 1382, Current Mhz: 1382, Mhz Limit: 1382

Memory: 4k page, system-wide physical 7914M (140M free)
TotalPageFile size 32490M (AvailPageFile size 6M)
current process WorkingSet (physical memory assigned to process): 393M, peak: 446M
current process commit charge ("private bytes"): 493M, peak: 495M

vm_info: OpenJDK 64-Bit Server VM (17.0.9+0--11185874) for windows-amd64 JRE (17.0.9+0--11185874), built on Dec  6 2023 18:57:44 by "androidbuild" with MS VC++ 16.10 / 16.11 (VS2019)

END.
