#
# There is insufficient memory for the Java Runtime Environment to continue.
# Native memory allocation (malloc) failed to allocate 262160 bytes for Chunk::new
# Possible reasons:
#   The system is out of physical RAM or swap space
#   The process is running with CompressedOops enabled, and the Java Heap may be blocking the growth of the native heap
# Possible solutions:
#   Reduce memory load on the system
#   Increase physical memory or swap space
#   Check if swap backing store is full
#   Decrease Java heap size (-Xmx/-Xms)
#   Decrease number of Java threads
#   Decrease Java thread stack sizes (-Xss)
#   Set larger code cache with -XX:ReservedCodeCacheSize=
#   JVM is running with Unscaled Compressed Oops mode in which the Java heap is
#     placed in the first 4GB address space. The Java Heap base address is the
#     maximum limit for the native heap growth. Please use -XX:HeapBaseMinAddress
#     to set the Java Heap base and to place the Java Heap above 4GB virtual address.
# This output file may be truncated or incomplete.
#
#  Out of Memory Error (arena.cpp:191), pid=7520, tid=11660
#
# JRE version: OpenJDK Runtime Environment (17.0.9) (build 17.0.9+0--11185874)
# Java VM: OpenJDK 64-Bit Server VM (17.0.9+0--11185874, mixed mode, tiered, compressed oops, compressed class ptrs, g1 gc, windows-amd64)
# No core dump will be written. Minidumps are not enabled by default on client versions of Windows
#

---------------  S U M M A R Y ------------

Command Line: org.jetbrains.kotlin.cli.jvm.K2JVMCompiler @C:\Users\User\AndroidStudioProjects\MovaLast17.10\Mova\app\build\20241021_14139788428581552161.compiler.options

Host: 11th Gen Intel(R) Core(TM) i5-1135G7 @ 2.40GHz, 8 cores, 7G,  Windows 10 , 64 bit Build 19041 (10.0.19041.4957)
Time: Mon Oct 21 22:49:30 2024 Azerbaijan Standard Time elapsed time: 21.232083 seconds (0d 0h 0m 21s)

---------------  T H R E A D  ---------------

Current thread (0x000001f8adf28fb0):  JavaThread "C2 CompilerThread1" daemon [_thread_in_native, id=11660, stack(0x0000008d96b00000,0x0000008d96c00000)]


Current CompileTask:
C2:  21232 15770       4       jdk.internal.loader.BuiltinClassLoader::defineClass (121 bytes)

Stack: [0x0000008d96b00000,0x0000008d96c00000]
Native frames: (J=compiled Java code, j=interpreted, Vv=VM code, C=native code)
V  [jvm.dll+0x6886e9]
V  [jvm.dll+0x841e4a]
V  [jvm.dll+0x843a8e]
V  [jvm.dll+0x8440f3]
V  [jvm.dll+0x24c14f]
V  [jvm.dll+0xac44c]
V  [jvm.dll+0xaca9c]
V  [jvm.dll+0x6ad922]
V  [jvm.dll+0x6add63]
V  [jvm.dll+0x6afa02]
V  [jvm.dll+0x6ae32a]
V  [jvm.dll+0x2267a9]
V  [jvm.dll+0x21fa02]
V  [jvm.dll+0x21d0c1]
V  [jvm.dll+0x1a674d]
V  [jvm.dll+0x22d088]
V  [jvm.dll+0x22b1c0]
V  [jvm.dll+0x7f62f7]
V  [jvm.dll+0x7f06aa]
V  [jvm.dll+0x687565]
C  [ucrtbase.dll+0x21bb2]
C  [KERNEL32.DLL+0x17374]
C  [ntdll.dll+0x4cc91]


---------------  P R O C E S S  ---------------

Threads class SMR info:
_java_thread_list=0x000001f8adf28940, length=13, elements={
0x000001f88d32e580, 0x000001f8a70bf260, 0x000001f8a70c1c30, 0x000001f8a70f7620,
0x000001f8a70f7fe0, 0x000001f8a70f8fb0, 0x000001f8a70f9d80, 0x000001f8a70fab20,
0x000001f8a70fead0, 0x000001f8a71078f0, 0x000001f8a7272bc0, 0x000001f8a7281dd0,
0x000001f8adf28fb0
}

Java Threads: ( => current thread )
  0x000001f88d32e580 JavaThread "main" [_thread_in_Java, id=2456, stack(0x0000008d95000000,0x0000008d95100000)]
  0x000001f8a70bf260 JavaThread "Reference Handler" daemon [_thread_blocked, id=10544, stack(0x0000008d95700000,0x0000008d95800000)]
  0x000001f8a70c1c30 JavaThread "Finalizer" daemon [_thread_blocked, id=14392, stack(0x0000008d95800000,0x0000008d95900000)]
  0x000001f8a70f7620 JavaThread "Signal Dispatcher" daemon [_thread_blocked, id=12240, stack(0x0000008d95900000,0x0000008d95a00000)]
  0x000001f8a70f7fe0 JavaThread "Attach Listener" daemon [_thread_blocked, id=2380, stack(0x0000008d95a00000,0x0000008d95b00000)]
  0x000001f8a70f8fb0 JavaThread "Service Thread" daemon [_thread_blocked, id=1632, stack(0x0000008d95b00000,0x0000008d95c00000)]
  0x000001f8a70f9d80 JavaThread "Monitor Deflation Thread" daemon [_thread_blocked, id=16728, stack(0x0000008d95c00000,0x0000008d95d00000)]
  0x000001f8a70fab20 JavaThread "C2 CompilerThread0" daemon [_thread_in_native, id=4744, stack(0x0000008d95d00000,0x0000008d95e00000)]
  0x000001f8a70fead0 JavaThread "C1 CompilerThread0" daemon [_thread_blocked, id=9532, stack(0x0000008d95e00000,0x0000008d95f00000)]
  0x000001f8a71078f0 JavaThread "Sweeper thread" daemon [_thread_blocked, id=16716, stack(0x0000008d95f00000,0x0000008d96000000)]
  0x000001f8a7272bc0 JavaThread "Notification Thread" daemon [_thread_blocked, id=15584, stack(0x0000008d96000000,0x0000008d96100000)]
  0x000001f8a7281dd0 JavaThread "Common-Cleaner" daemon [_thread_blocked, id=5240, stack(0x0000008d96200000,0x0000008d96300000)]
=>0x000001f8adf28fb0 JavaThread "C2 CompilerThread1" daemon [_thread_in_native, id=11660, stack(0x0000008d96b00000,0x0000008d96c00000)]

Other Threads:
  0x000001f8a7098920 VMThread "VM Thread" [stack: 0x0000008d95600000,0x0000008d95700000] [id=12128]
  0x000001f8a72750b0 WatcherThread [stack: 0x0000008d96100000,0x0000008d96200000] [id=768]
  0x000001f88d388f60 GCTaskThread "GC Thread#0" [stack: 0x0000008d95100000,0x0000008d95200000] [id=8996]
  0x000001f8a79834d0 GCTaskThread "GC Thread#1" [stack: 0x0000008d96300000,0x0000008d96400000] [id=16584]
  0x000001f8a7968000 GCTaskThread "GC Thread#2" [stack: 0x0000008d96400000,0x0000008d96500000] [id=13884]
  0x000001f8a79682c0 GCTaskThread "GC Thread#3" [stack: 0x0000008d96500000,0x0000008d96600000] [id=12020]
  0x000001f8a7968580 GCTaskThread "GC Thread#4" [stack: 0x0000008d96600000,0x0000008d96700000] [id=15664]
  0x000001f8ac288b30 GCTaskThread "GC Thread#5" [stack: 0x0000008d96700000,0x0000008d96800000] [id=9488]
  0x000001f8ac64b830 GCTaskThread "GC Thread#6" [stack: 0x0000008d96800000,0x0000008d96900000] [id=4240]
  0x000001f8ac64baf0 GCTaskThread "GC Thread#7" [stack: 0x0000008d96900000,0x0000008d96a00000] [id=2840]
  0x000001f88d399e40 ConcurrentGCThread "G1 Main Marker" [stack: 0x0000008d95200000,0x0000008d95300000] [id=8668]
  0x000001f88d39a860 ConcurrentGCThread "G1 Conc#0" [stack: 0x0000008d95300000,0x0000008d95400000] [id=16360]
  0x000001f8ac2a8810 ConcurrentGCThread "G1 Conc#1" [stack: 0x0000008d96a00000,0x0000008d96b00000] [id=4332]
  0x000001f8a6b943c0 ConcurrentGCThread "G1 Refine#0" [stack: 0x0000008d95400000,0x0000008d95500000] [id=13556]
  0x000001f8a7b73d00 ConcurrentGCThread "G1 Refine#1" [stack: 0x0000008d96c00000,0x0000008d96d00000] [id=13844]
  0x000001f8a7b73a10 ConcurrentGCThread "G1 Refine#2" [stack: 0x0000008d96d00000,0x0000008d96e00000] [id=9752]
  0x000001f8ae1f2df0 ConcurrentGCThread "G1 Refine#3" [stack: 0x0000008d96e00000,0x0000008d96f00000] [id=408]
  0x000001f8a6b95ba0 ConcurrentGCThread "G1 Service" [stack: 0x0000008d95500000,0x0000008d95600000] [id=16616]

Threads with active compile tasks:
C2 CompilerThread0    21331 15845       4       org.jetbrains.kotlin.metadata.ProtoBuf$Function::isInitialized (251 bytes)
C2 CompilerThread1    21331 15770       4       jdk.internal.loader.BuiltinClassLoader::defineClass (121 bytes)

VM state: not at safepoint (normal execution)

VM Mutex/Monitor currently owned by a thread: None

Heap address: 0x0000000084400000, size: 1980 MB, Compressed Oops mode: 32-bit

CDS archive(s) not mapped
Compressed class space mapped at: 0x0000000100000000-0x0000000140000000, reserved size: 1073741824
Narrow klass base: 0x0000000000000000, Narrow klass shift: 3, Narrow klass range: 0x140000000

GC Precious Log:
 CPUs: 8 total, 8 available
 Memory: 7914M
 Large Page Support: Disabled
 NUMA Support: Disabled
 Compressed Oops: Enabled (32-bit)
 Heap Region Size: 1M
 Heap Min Capacity: 8M
 Heap Initial Capacity: 124M
 Heap Max Capacity: 1980M
 Pre-touch: Disabled
 Parallel Workers: 8
 Concurrent Workers: 2
 Concurrent Refinement Workers: 8
 Periodic GC: Disabled

Heap:
 garbage-first heap   total 206848K, used 144733K [0x0000000084400000, 0x0000000100000000)
  region size 1024K, 49 young (50176K), 1 survivors (1024K)
 Metaspace       used 85323K, committed 85632K, reserved 1179648K
  class space    used 9337K, committed 9472K, reserved 1048576K

Heap Regions: E=young(eden), S=young(survivor), O=old, HS=humongous(starts), HC=humongous(continues), CS=collection set, F=free, OA=open archive, CA=closed archive, TAMS=top-at-mark-start (previous, next)
|   0|0x0000000084400000, 0x0000000084500000, 0x0000000084500000|100%|HS|  |TAMS 0x0000000084500000, 0x0000000084400000| Complete 
|   1|0x0000000084500000, 0x0000000084600000, 0x0000000084600000|100%|HC|  |TAMS 0x0000000084600000, 0x0000000084500000| Complete 
|   2|0x0000000084600000, 0x0000000084700000, 0x0000000084700000|100%|HC|  |TAMS 0x0000000084700000, 0x0000000084600000| Complete 
|   3|0x0000000084700000, 0x0000000084800000, 0x0000000084800000|100%|HC|  |TAMS 0x0000000084800000, 0x0000000084700000| Complete 
|   4|0x0000000084800000, 0x0000000084900000, 0x0000000084900000|100%| O|  |TAMS 0x0000000084900000, 0x0000000084800000| Untracked 
|   5|0x0000000084900000, 0x0000000084a00000, 0x0000000084a00000|100%| O|  |TAMS 0x0000000084a00000, 0x0000000084900000| Untracked 
|   6|0x0000000084a00000, 0x0000000084b00000, 0x0000000084b00000|100%| O|  |TAMS 0x0000000084b00000, 0x0000000084a00000| Untracked 
|   7|0x0000000084b00000, 0x0000000084c00000, 0x0000000084c00000|100%| O|  |TAMS 0x0000000084c00000, 0x0000000084b00000| Untracked 
|   8|0x0000000084c00000, 0x0000000084c00000, 0x0000000084d00000|  0%| F|  |TAMS 0x0000000084c00000, 0x0000000084c00000| Untracked 
|   9|0x0000000084d00000, 0x0000000084e00000, 0x0000000084e00000|100%| O|  |TAMS 0x0000000084e00000, 0x0000000084d00000| Untracked 
|  10|0x0000000084e00000, 0x0000000084f00000, 0x0000000084f00000|100%| O|  |TAMS 0x0000000084f00000, 0x0000000084e00000| Untracked 
|  11|0x0000000084f00000, 0x0000000085000000, 0x0000000085000000|100%| O|  |TAMS 0x0000000085000000, 0x0000000084f00000| Untracked 
|  12|0x0000000085000000, 0x0000000085100000, 0x0000000085100000|100%| O|  |TAMS 0x0000000085100000, 0x0000000085000000| Untracked 
|  13|0x0000000085100000, 0x0000000085200000, 0x0000000085200000|100%| O|  |TAMS 0x0000000085200000, 0x0000000085100000| Untracked 
|  14|0x0000000085200000, 0x0000000085300000, 0x0000000085300000|100%| O|  |TAMS 0x0000000085300000, 0x0000000085200000| Untracked 
|  15|0x0000000085300000, 0x0000000085400000, 0x0000000085400000|100%| O|  |TAMS 0x0000000085400000, 0x0000000085300000| Untracked 
|  16|0x0000000085400000, 0x0000000085500000, 0x0000000085500000|100%| O|  |TAMS 0x0000000085500000, 0x0000000085400000| Untracked 
|  17|0x0000000085500000, 0x0000000085600000, 0x0000000085600000|100%| O|  |TAMS 0x0000000085600000, 0x0000000085500000| Untracked 
|  18|0x0000000085600000, 0x0000000085700000, 0x0000000085700000|100%| O|  |TAMS 0x0000000085700000, 0x0000000085600000| Untracked 
|  19|0x0000000085700000, 0x0000000085800000, 0x0000000085800000|100%| O|  |TAMS 0x0000000085800000, 0x0000000085700000| Untracked 
|  20|0x0000000085800000, 0x0000000085900000, 0x0000000085900000|100%| O|  |TAMS 0x0000000085900000, 0x0000000085800000| Untracked 
|  21|0x0000000085900000, 0x0000000085a00000, 0x0000000085a00000|100%|HS|  |TAMS 0x0000000085a00000, 0x0000000085900000| Complete 
|  22|0x0000000085a00000, 0x0000000085b00000, 0x0000000085b00000|100%|HC|  |TAMS 0x0000000085b00000, 0x0000000085a00000| Complete 
|  23|0x0000000085b00000, 0x0000000085c00000, 0x0000000085c00000|100%| O|  |TAMS 0x0000000085c00000, 0x0000000085b00000| Untracked 
|  24|0x0000000085c00000, 0x0000000085d00000, 0x0000000085d00000|100%| O|  |TAMS 0x0000000085d00000, 0x0000000085c00000| Untracked 
|  25|0x0000000085d00000, 0x0000000085e00000, 0x0000000085e00000|100%| O|  |TAMS 0x0000000085e00000, 0x0000000085d00000| Untracked 
|  26|0x0000000085e00000, 0x0000000085f00000, 0x0000000085f00000|100%| O|  |TAMS 0x0000000085f00000, 0x0000000085e00000| Untracked 
|  27|0x0000000085f00000, 0x0000000086000000, 0x0000000086000000|100%| O|  |TAMS 0x0000000086000000, 0x0000000085f00000| Untracked 
|  28|0x0000000086000000, 0x0000000086100000, 0x0000000086100000|100%| O|  |TAMS 0x0000000086100000, 0x0000000086000000| Untracked 
|  29|0x0000000086100000, 0x0000000086200000, 0x0000000086200000|100%| O|  |TAMS 0x0000000086200000, 0x0000000086100000| Untracked 
|  30|0x0000000086200000, 0x0000000086300000, 0x0000000086300000|100%| O|  |TAMS 0x0000000086300000, 0x0000000086200000| Untracked 
|  31|0x0000000086300000, 0x0000000086400000, 0x0000000086400000|100%| O|  |TAMS 0x0000000086400000, 0x0000000086300000| Untracked 
|  32|0x0000000086400000, 0x0000000086500000, 0x0000000086500000|100%| O|  |TAMS 0x0000000086500000, 0x0000000086400000| Untracked 
|  33|0x0000000086500000, 0x0000000086600000, 0x0000000086600000|100%| O|  |TAMS 0x0000000086600000, 0x0000000086500000| Untracked 
|  34|0x0000000086600000, 0x0000000086700000, 0x0000000086700000|100%| O|  |TAMS 0x0000000086700000, 0x0000000086600000| Untracked 
|  35|0x0000000086700000, 0x0000000086800000, 0x0000000086800000|100%| O|  |TAMS 0x0000000086800000, 0x0000000086700000| Untracked 
|  36|0x0000000086800000, 0x0000000086900000, 0x0000000086900000|100%| O|  |TAMS 0x0000000086900000, 0x0000000086800000| Untracked 
|  37|0x0000000086900000, 0x0000000086a00000, 0x0000000086a00000|100%| O|  |TAMS 0x0000000086a00000, 0x0000000086900000| Untracked 
|  38|0x0000000086a00000, 0x0000000086b00000, 0x0000000086b00000|100%| O|  |TAMS 0x0000000086b00000, 0x0000000086a00000| Untracked 
|  39|0x0000000086b00000, 0x0000000086c00000, 0x0000000086c00000|100%| O|  |TAMS 0x0000000086c00000, 0x0000000086b00000| Untracked 
|  40|0x0000000086c00000, 0x0000000086d00000, 0x0000000086d00000|100%| O|  |TAMS 0x0000000086d00000, 0x0000000086c00000| Untracked 
|  41|0x0000000086d00000, 0x0000000086e00000, 0x0000000086e00000|100%| O|  |TAMS 0x0000000086e00000, 0x0000000086d00000| Untracked 
|  42|0x0000000086e00000, 0x0000000086f00000, 0x0000000086f00000|100%| O|  |TAMS 0x0000000086f00000, 0x0000000086e00000| Untracked 
|  43|0x0000000086f00000, 0x0000000087000000, 0x0000000087000000|100%| O|  |TAMS 0x0000000087000000, 0x0000000086f00000| Untracked 
|  44|0x0000000087000000, 0x0000000087100000, 0x0000000087100000|100%| O|  |TAMS 0x0000000087100000, 0x0000000087000000| Untracked 
|  45|0x0000000087100000, 0x0000000087200000, 0x0000000087200000|100%| O|  |TAMS 0x0000000087200000, 0x0000000087100000| Untracked 
|  46|0x0000000087200000, 0x0000000087300000, 0x0000000087300000|100%| O|  |TAMS 0x0000000087300000, 0x0000000087200000| Untracked 
|  47|0x0000000087300000, 0x0000000087400000, 0x0000000087400000|100%| O|  |TAMS 0x0000000087400000, 0x0000000087300000| Untracked 
|  48|0x0000000087400000, 0x0000000087500000, 0x0000000087500000|100%| O|  |TAMS 0x0000000087500000, 0x0000000087400000| Untracked 
|  49|0x0000000087500000, 0x0000000087600000, 0x0000000087600000|100%| O|  |TAMS 0x0000000087600000, 0x0000000087500000| Untracked 
|  50|0x0000000087600000, 0x0000000087700000, 0x0000000087700000|100%| O|  |TAMS 0x0000000087700000, 0x0000000087600000| Untracked 
|  51|0x0000000087700000, 0x0000000087800000, 0x0000000087800000|100%| O|  |TAMS 0x0000000087800000, 0x0000000087700000| Untracked 
|  52|0x0000000087800000, 0x0000000087900000, 0x0000000087900000|100%| O|  |TAMS 0x0000000087900000, 0x0000000087800000| Untracked 
|  53|0x0000000087900000, 0x0000000087a00000, 0x0000000087a00000|100%| O|  |TAMS 0x0000000087a00000, 0x0000000087900000| Untracked 
|  54|0x0000000087a00000, 0x0000000087b00000, 0x0000000087b00000|100%| O|  |TAMS 0x0000000087b00000, 0x0000000087a00000| Untracked 
|  55|0x0000000087b00000, 0x0000000087c00000, 0x0000000087c00000|100%| O|  |TAMS 0x0000000087c00000, 0x0000000087b00000| Untracked 
|  56|0x0000000087c00000, 0x0000000087d00000, 0x0000000087d00000|100%| O|  |TAMS 0x0000000087d00000, 0x0000000087c00000| Untracked 
|  57|0x0000000087d00000, 0x0000000087e00000, 0x0000000087e00000|100%| O|  |TAMS 0x0000000087e00000, 0x0000000087d00000| Untracked 
|  58|0x0000000087e00000, 0x0000000087f00000, 0x0000000087f00000|100%| O|  |TAMS 0x0000000087f00000, 0x0000000087e00000| Untracked 
|  59|0x0000000087f00000, 0x0000000088000000, 0x0000000088000000|100%| O|  |TAMS 0x0000000088000000, 0x0000000087f00000| Untracked 
|  60|0x0000000088000000, 0x0000000088100000, 0x0000000088100000|100%| O|  |TAMS 0x0000000088100000, 0x0000000088000000| Untracked 
|  61|0x0000000088100000, 0x0000000088200000, 0x0000000088200000|100%| O|  |TAMS 0x0000000088200000, 0x0000000088100000| Untracked 
|  62|0x0000000088200000, 0x0000000088300000, 0x0000000088300000|100%|HS|  |TAMS 0x0000000088300000, 0x0000000088200000| Complete 
|  63|0x0000000088300000, 0x0000000088400000, 0x0000000088400000|100%|HC|  |TAMS 0x0000000088400000, 0x0000000088300000| Complete 
|  64|0x0000000088400000, 0x0000000088500000, 0x0000000088500000|100%| O|  |TAMS 0x0000000088500000, 0x0000000088400000| Untracked 
|  65|0x0000000088500000, 0x0000000088600000, 0x0000000088600000|100%| O|  |TAMS 0x0000000088600000, 0x0000000088500000| Untracked 
|  66|0x0000000088600000, 0x0000000088700000, 0x0000000088700000|100%| O|  |TAMS 0x0000000088700000, 0x0000000088600000| Untracked 
|  67|0x0000000088700000, 0x0000000088800000, 0x0000000088800000|100%| O|  |TAMS 0x0000000088800000, 0x0000000088700000| Untracked 
|  68|0x0000000088800000, 0x0000000088900000, 0x0000000088900000|100%| O|  |TAMS 0x0000000088900000, 0x0000000088800000| Untracked 
|  69|0x0000000088900000, 0x0000000088a00000, 0x0000000088a00000|100%| O|  |TAMS 0x0000000088a00000, 0x0000000088900000| Untracked 
|  70|0x0000000088a00000, 0x0000000088b00000, 0x0000000088b00000|100%| O|  |TAMS 0x0000000088b00000, 0x0000000088a00000| Untracked 
|  71|0x0000000088b00000, 0x0000000088c00000, 0x0000000088c00000|100%| O|  |TAMS 0x0000000088c00000, 0x0000000088b00000| Untracked 
|  72|0x0000000088c00000, 0x0000000088d00000, 0x0000000088d00000|100%| O|  |TAMS 0x0000000088d00000, 0x0000000088c00000| Untracked 
|  73|0x0000000088d00000, 0x0000000088e00000, 0x0000000088e00000|100%| O|  |TAMS 0x0000000088e00000, 0x0000000088d00000| Untracked 
|  74|0x0000000088e00000, 0x0000000088f00000, 0x0000000088f00000|100%| O|  |TAMS 0x0000000088f00000, 0x0000000088e00000| Untracked 
|  75|0x0000000088f00000, 0x0000000089000000, 0x0000000089000000|100%| O|  |TAMS 0x0000000089000000, 0x0000000088f00000| Untracked 
|  76|0x0000000089000000, 0x0000000089100000, 0x0000000089100000|100%| O|  |TAMS 0x0000000089100000, 0x0000000089000000| Untracked 
|  77|0x0000000089100000, 0x0000000089200000, 0x0000000089200000|100%| O|  |TAMS 0x0000000089200000, 0x0000000089100000| Untracked 
|  78|0x0000000089200000, 0x0000000089300000, 0x0000000089300000|100%| O|  |TAMS 0x0000000089300000, 0x0000000089200000| Untracked 
|  79|0x0000000089300000, 0x0000000089400000, 0x0000000089400000|100%| O|  |TAMS 0x00000000893a8000, 0x0000000089300000| Untracked 
|  80|0x0000000089400000, 0x0000000089500000, 0x0000000089500000|100%| O|  |TAMS 0x0000000089400000, 0x0000000089400000| Untracked 
|  81|0x0000000089500000, 0x0000000089600000, 0x0000000089600000|100%| O|  |TAMS 0x0000000089500000, 0x0000000089500000| Untracked 
|  82|0x0000000089600000, 0x0000000089700000, 0x0000000089700000|100%| O|  |TAMS 0x0000000089600000, 0x0000000089600000| Untracked 
|  83|0x0000000089700000, 0x0000000089800000, 0x0000000089800000|100%| O|  |TAMS 0x0000000089700000, 0x0000000089700000| Untracked 
|  84|0x0000000089800000, 0x0000000089900000, 0x0000000089900000|100%| O|  |TAMS 0x0000000089800000, 0x0000000089800000| Untracked 
|  85|0x0000000089900000, 0x0000000089a00000, 0x0000000089a00000|100%| O|  |TAMS 0x0000000089900000, 0x0000000089900000| Untracked 
|  86|0x0000000089a00000, 0x0000000089b00000, 0x0000000089b00000|100%| O|  |TAMS 0x0000000089a00000, 0x0000000089a00000| Untracked 
|  87|0x0000000089b00000, 0x0000000089c00000, 0x0000000089c00000|100%| O|  |TAMS 0x0000000089b00000, 0x0000000089b00000| Untracked 
|  88|0x0000000089c00000, 0x0000000089d00000, 0x0000000089d00000|100%| O|  |TAMS 0x0000000089c00000, 0x0000000089c00000| Untracked 
|  89|0x0000000089d00000, 0x0000000089e00000, 0x0000000089e00000|100%| O|  |TAMS 0x0000000089d00000, 0x0000000089d00000| Untracked 
|  90|0x0000000089e00000, 0x0000000089f00000, 0x0000000089f00000|100%| O|  |TAMS 0x0000000089e00000, 0x0000000089e00000| Untracked 
|  91|0x0000000089f00000, 0x000000008a000000, 0x000000008a000000|100%| O|  |TAMS 0x0000000089f00000, 0x0000000089f00000| Untracked 
|  92|0x000000008a000000, 0x000000008a100000, 0x000000008a100000|100%| O|  |TAMS 0x000000008a000000, 0x000000008a000000| Untracked 
|  93|0x000000008a100000, 0x000000008a200000, 0x000000008a200000|100%| O|  |TAMS 0x000000008a100000, 0x000000008a100000| Untracked 
|  94|0x000000008a200000, 0x000000008a257400, 0x000000008a300000| 34%| O|  |TAMS 0x000000008a200000, 0x000000008a200000| Untracked 
|  95|0x000000008a300000, 0x000000008a300000, 0x000000008a400000|  0%| F|  |TAMS 0x000000008a300000, 0x000000008a300000| Untracked 
|  96|0x000000008a400000, 0x000000008a400000, 0x000000008a500000|  0%| F|  |TAMS 0x000000008a400000, 0x000000008a400000| Untracked 
|  97|0x000000008a500000, 0x000000008a500000, 0x000000008a600000|  0%| F|  |TAMS 0x000000008a500000, 0x000000008a500000| Untracked 
|  98|0x000000008a600000, 0x000000008a600000, 0x000000008a700000|  0%| F|  |TAMS 0x000000008a600000, 0x000000008a600000| Untracked 
|  99|0x000000008a700000, 0x000000008a700000, 0x000000008a800000|  0%| F|  |TAMS 0x000000008a700000, 0x000000008a700000| Untracked 
| 100|0x000000008a800000, 0x000000008a800000, 0x000000008a900000|  0%| F|  |TAMS 0x000000008a800000, 0x000000008a800000| Untracked 
| 101|0x000000008a900000, 0x000000008a900000, 0x000000008aa00000|  0%| F|  |TAMS 0x000000008a900000, 0x000000008a900000| Untracked 
| 102|0x000000008aa00000, 0x000000008aa00000, 0x000000008ab00000|  0%| F|  |TAMS 0x000000008aa00000, 0x000000008aa00000| Untracked 
| 103|0x000000008ab00000, 0x000000008ab00000, 0x000000008ac00000|  0%| F|  |TAMS 0x000000008ab00000, 0x000000008ab00000| Untracked 
| 104|0x000000008ac00000, 0x000000008ac00000, 0x000000008ad00000|  0%| F|  |TAMS 0x000000008ac00000, 0x000000008ac00000| Untracked 
| 105|0x000000008ad00000, 0x000000008ad00000, 0x000000008ae00000|  0%| F|  |TAMS 0x000000008ad00000, 0x000000008ad00000| Untracked 
| 106|0x000000008ae00000, 0x000000008ae00000, 0x000000008af00000|  0%| F|  |TAMS 0x000000008ae00000, 0x000000008ae00000| Untracked 
| 107|0x000000008af00000, 0x000000008af00000, 0x000000008b000000|  0%| F|  |TAMS 0x000000008af00000, 0x000000008af00000| Untracked 
| 108|0x000000008b000000, 0x000000008b000000, 0x000000008b100000|  0%| F|  |TAMS 0x000000008b000000, 0x000000008b000000| Untracked 
| 109|0x000000008b100000, 0x000000008b100000, 0x000000008b200000|  0%| F|  |TAMS 0x000000008b100000, 0x000000008b100000| Untracked 
| 110|0x000000008b200000, 0x000000008b200000, 0x000000008b300000|  0%| F|  |TAMS 0x000000008b200000, 0x000000008b200000| Untracked 
| 111|0x000000008b300000, 0x000000008b300000, 0x000000008b400000|  0%| F|  |TAMS 0x000000008b300000, 0x000000008b300000| Untracked 
| 112|0x000000008b400000, 0x000000008b400000, 0x000000008b500000|  0%| F|  |TAMS 0x000000008b400000, 0x000000008b400000| Untracked 
| 113|0x000000008b500000, 0x000000008b500000, 0x000000008b600000|  0%| F|  |TAMS 0x000000008b500000, 0x000000008b500000| Untracked 
| 114|0x000000008b600000, 0x000000008b600000, 0x000000008b700000|  0%| F|  |TAMS 0x000000008b600000, 0x000000008b600000| Untracked 
| 115|0x000000008b700000, 0x000000008b700000, 0x000000008b800000|  0%| F|  |TAMS 0x000000008b700000, 0x000000008b700000| Untracked 
| 116|0x000000008b800000, 0x000000008b800000, 0x000000008b900000|  0%| F|  |TAMS 0x000000008b800000, 0x000000008b800000| Untracked 
| 117|0x000000008b900000, 0x000000008b900000, 0x000000008ba00000|  0%| F|  |TAMS 0x000000008b900000, 0x000000008b900000| Untracked 
| 118|0x000000008ba00000, 0x000000008ba00000, 0x000000008bb00000|  0%| F|  |TAMS 0x000000008ba00000, 0x000000008ba00000| Untracked 
| 119|0x000000008bb00000, 0x000000008bb00000, 0x000000008bc00000|  0%| F|  |TAMS 0x000000008bb00000, 0x000000008bb00000| Untracked 
| 120|0x000000008bc00000, 0x000000008bc00000, 0x000000008bd00000|  0%| F|  |TAMS 0x000000008bc00000, 0x000000008bc00000| Untracked 
| 121|0x000000008bd00000, 0x000000008bd00000, 0x000000008be00000|  0%| F|  |TAMS 0x000000008bd00000, 0x000000008bd00000| Untracked 
| 122|0x000000008be00000, 0x000000008be00000, 0x000000008bf00000|  0%| F|  |TAMS 0x000000008be00000, 0x000000008be00000| Untracked 
| 123|0x000000008bf00000, 0x000000008bf00000, 0x000000008c000000|  0%| F|  |TAMS 0x000000008bf00000, 0x000000008bf00000| Untracked 
| 124|0x000000008c000000, 0x000000008c000000, 0x000000008c100000|  0%| F|  |TAMS 0x000000008c000000, 0x000000008c000000| Untracked 
| 125|0x000000008c100000, 0x000000008c100000, 0x000000008c200000|  0%| F|  |TAMS 0x000000008c100000, 0x000000008c100000| Untracked 
| 126|0x000000008c200000, 0x000000008c200000, 0x000000008c300000|  0%| F|  |TAMS 0x000000008c200000, 0x000000008c200000| Untracked 
| 127|0x000000008c300000, 0x000000008c300000, 0x000000008c400000|  0%| F|  |TAMS 0x000000008c300000, 0x000000008c300000| Untracked 
| 128|0x000000008c400000, 0x000000008c400000, 0x000000008c500000|  0%| F|  |TAMS 0x000000008c400000, 0x000000008c400000| Untracked 
| 129|0x000000008c500000, 0x000000008c500000, 0x000000008c600000|  0%| F|  |TAMS 0x000000008c500000, 0x000000008c500000| Untracked 
| 130|0x000000008c600000, 0x000000008c600000, 0x000000008c700000|  0%| F|  |TAMS 0x000000008c600000, 0x000000008c600000| Untracked 
| 131|0x000000008c700000, 0x000000008c700000, 0x000000008c800000|  0%| F|  |TAMS 0x000000008c700000, 0x000000008c700000| Untracked 
| 132|0x000000008c800000, 0x000000008c800000, 0x000000008c900000|  0%| F|  |TAMS 0x000000008c800000, 0x000000008c800000| Untracked 
| 133|0x000000008c900000, 0x000000008c900000, 0x000000008ca00000|  0%| F|  |TAMS 0x000000008c900000, 0x000000008c900000| Untracked 
| 134|0x000000008ca00000, 0x000000008ca00000, 0x000000008cb00000|  0%| F|  |TAMS 0x000000008ca00000, 0x000000008ca00000| Untracked 
| 135|0x000000008cb00000, 0x000000008cb00000, 0x000000008cc00000|  0%| F|  |TAMS 0x000000008cb00000, 0x000000008cb00000| Untracked 
| 136|0x000000008cc00000, 0x000000008cc00000, 0x000000008cd00000|  0%| F|  |TAMS 0x000000008cc00000, 0x000000008cc00000| Untracked 
| 137|0x000000008cd00000, 0x000000008cd00000, 0x000000008ce00000|  0%| F|  |TAMS 0x000000008cd00000, 0x000000008cd00000| Untracked 
| 138|0x000000008ce00000, 0x000000008ce00000, 0x000000008cf00000|  0%| F|  |TAMS 0x000000008ce00000, 0x000000008ce00000| Untracked 
| 139|0x000000008cf00000, 0x000000008cf00000, 0x000000008d000000|  0%| F|  |TAMS 0x000000008cf00000, 0x000000008cf00000| Untracked 
| 140|0x000000008d000000, 0x000000008d000000, 0x000000008d100000|  0%| F|  |TAMS 0x000000008d000000, 0x000000008d000000| Untracked 
| 141|0x000000008d100000, 0x000000008d100000, 0x000000008d200000|  0%| F|  |TAMS 0x000000008d100000, 0x000000008d100000| Untracked 
| 142|0x000000008d200000, 0x000000008d200000, 0x000000008d300000|  0%| F|  |TAMS 0x000000008d200000, 0x000000008d200000| Untracked 
| 143|0x000000008d300000, 0x000000008d300000, 0x000000008d400000|  0%| F|  |TAMS 0x000000008d300000, 0x000000008d300000| Untracked 
| 144|0x000000008d400000, 0x000000008d400000, 0x000000008d500000|  0%| F|  |TAMS 0x000000008d400000, 0x000000008d400000| Untracked 
| 145|0x000000008d500000, 0x000000008d500000, 0x000000008d600000|  0%| F|  |TAMS 0x000000008d500000, 0x000000008d500000| Untracked 
| 146|0x000000008d600000, 0x000000008d600000, 0x000000008d700000|  0%| F|  |TAMS 0x000000008d600000, 0x000000008d600000| Untracked 
| 147|0x000000008d700000, 0x000000008d700000, 0x000000008d800000|  0%| F|  |TAMS 0x000000008d700000, 0x000000008d700000| Untracked 
| 148|0x000000008d800000, 0x000000008d800000, 0x000000008d900000|  0%| F|  |TAMS 0x000000008d800000, 0x000000008d800000| Untracked 
| 149|0x000000008d900000, 0x000000008d900000, 0x000000008da00000|  0%| F|  |TAMS 0x000000008d900000, 0x000000008d900000| Untracked 
| 150|0x000000008da00000, 0x000000008da00000, 0x000000008db00000|  0%| F|  |TAMS 0x000000008da00000, 0x000000008da00000| Untracked 
| 151|0x000000008db00000, 0x000000008db00000, 0x000000008dc00000|  0%| F|  |TAMS 0x000000008db00000, 0x000000008db00000| Untracked 
| 152|0x000000008dc00000, 0x000000008dc80800, 0x000000008dd00000| 50%| E|  |TAMS 0x000000008dc00000, 0x000000008dc00000| Complete 
| 153|0x000000008dd00000, 0x000000008de00000, 0x000000008de00000|100%| E|CS|TAMS 0x000000008dd00000, 0x000000008dd00000| Complete 
| 154|0x000000008de00000, 0x000000008df00000, 0x000000008df00000|100%| E|CS|TAMS 0x000000008de00000, 0x000000008de00000| Complete 
| 155|0x000000008df00000, 0x000000008e000000, 0x000000008e000000|100%| E|CS|TAMS 0x000000008df00000, 0x000000008df00000| Complete 
| 156|0x000000008e000000, 0x000000008e100000, 0x000000008e100000|100%| E|CS|TAMS 0x000000008e000000, 0x000000008e000000| Complete 
| 157|0x000000008e100000, 0x000000008e200000, 0x000000008e200000|100%| E|CS|TAMS 0x000000008e100000, 0x000000008e100000| Complete 
| 158|0x000000008e200000, 0x000000008e300000, 0x000000008e300000|100%| E|CS|TAMS 0x000000008e200000, 0x000000008e200000| Complete 
| 159|0x000000008e300000, 0x000000008e400000, 0x000000008e400000|100%| E|CS|TAMS 0x000000008e300000, 0x000000008e300000| Complete 
| 160|0x000000008e400000, 0x000000008e500000, 0x000000008e500000|100%| E|CS|TAMS 0x000000008e400000, 0x000000008e400000| Complete 
| 161|0x000000008e500000, 0x000000008e600000, 0x000000008e600000|100%| E|CS|TAMS 0x000000008e500000, 0x000000008e500000| Complete 
| 162|0x000000008e600000, 0x000000008e700000, 0x000000008e700000|100%| E|CS|TAMS 0x000000008e600000, 0x000000008e600000| Complete 
| 163|0x000000008e700000, 0x000000008e800000, 0x000000008e800000|100%| E|CS|TAMS 0x000000008e700000, 0x000000008e700000| Complete 
| 164|0x000000008e800000, 0x000000008e900000, 0x000000008e900000|100%| E|CS|TAMS 0x000000008e800000, 0x000000008e800000| Complete 
| 165|0x000000008e900000, 0x000000008ea00000, 0x000000008ea00000|100%| E|CS|TAMS 0x000000008e900000, 0x000000008e900000| Complete 
| 166|0x000000008ea00000, 0x000000008eb00000, 0x000000008eb00000|100%| E|CS|TAMS 0x000000008ea00000, 0x000000008ea00000| Complete 
| 167|0x000000008eb00000, 0x000000008ec00000, 0x000000008ec00000|100%| E|CS|TAMS 0x000000008eb00000, 0x000000008eb00000| Complete 
| 168|0x000000008ec00000, 0x000000008ed00000, 0x000000008ed00000|100%| E|CS|TAMS 0x000000008ec00000, 0x000000008ec00000| Complete 
| 169|0x000000008ed00000, 0x000000008ee00000, 0x000000008ee00000|100%| E|CS|TAMS 0x000000008ed00000, 0x000000008ed00000| Complete 
| 170|0x000000008ee00000, 0x000000008ef00000, 0x000000008ef00000|100%| E|CS|TAMS 0x000000008ee00000, 0x000000008ee00000| Complete 
| 171|0x000000008ef00000, 0x000000008f000000, 0x000000008f000000|100%| E|CS|TAMS 0x000000008ef00000, 0x000000008ef00000| Complete 
| 172|0x000000008f000000, 0x000000008f100000, 0x000000008f100000|100%| E|CS|TAMS 0x000000008f000000, 0x000000008f000000| Complete 
| 173|0x000000008f100000, 0x000000008f200000, 0x000000008f200000|100%| E|CS|TAMS 0x000000008f100000, 0x000000008f100000| Complete 
| 174|0x000000008f200000, 0x000000008f300000, 0x000000008f300000|100%| E|CS|TAMS 0x000000008f200000, 0x000000008f200000| Complete 
| 175|0x000000008f300000, 0x000000008f400000, 0x000000008f400000|100%| E|CS|TAMS 0x000000008f300000, 0x000000008f300000| Complete 
| 176|0x000000008f400000, 0x000000008f500000, 0x000000008f500000|100%| E|CS|TAMS 0x000000008f400000, 0x000000008f400000| Complete 
| 177|0x000000008f500000, 0x000000008f600000, 0x000000008f600000|100%| E|CS|TAMS 0x000000008f500000, 0x000000008f500000| Complete 
| 178|0x000000008f600000, 0x000000008f700000, 0x000000008f700000|100%| E|CS|TAMS 0x000000008f600000, 0x000000008f600000| Complete 
| 179|0x000000008f700000, 0x000000008f800000, 0x000000008f800000|100%| E|CS|TAMS 0x000000008f700000, 0x000000008f700000| Complete 
| 180|0x000000008f800000, 0x000000008f900000, 0x000000008f900000|100%| E|CS|TAMS 0x000000008f800000, 0x000000008f800000| Complete 
| 181|0x000000008f900000, 0x000000008fa00000, 0x000000008fa00000|100%| E|CS|TAMS 0x000000008f900000, 0x000000008f900000| Complete 
| 182|0x000000008fa00000, 0x000000008fb00000, 0x000000008fb00000|100%| E|CS|TAMS 0x000000008fa00000, 0x000000008fa00000| Complete 
| 183|0x000000008fb00000, 0x000000008fc00000, 0x000000008fc00000|100%| E|CS|TAMS 0x000000008fb00000, 0x000000008fb00000| Complete 
| 184|0x000000008fc00000, 0x000000008fd00000, 0x000000008fd00000|100%| E|CS|TAMS 0x000000008fc00000, 0x000000008fc00000| Complete 
| 185|0x000000008fd00000, 0x000000008fe00000, 0x000000008fe00000|100%| E|CS|TAMS 0x000000008fd00000, 0x000000008fd00000| Complete 
| 186|0x000000008fe00000, 0x000000008ff00000, 0x000000008ff00000|100%| E|CS|TAMS 0x000000008fe00000, 0x000000008fe00000| Complete 
| 187|0x000000008ff00000, 0x0000000090000000, 0x0000000090000000|100%| E|CS|TAMS 0x000000008ff00000, 0x000000008ff00000| Complete 
| 188|0x0000000090000000, 0x0000000090100000, 0x0000000090100000|100%| E|CS|TAMS 0x0000000090000000, 0x0000000090000000| Complete 
| 189|0x0000000090100000, 0x0000000090200000, 0x0000000090200000|100%| E|CS|TAMS 0x0000000090100000, 0x0000000090100000| Complete 
| 190|0x0000000090200000, 0x0000000090300000, 0x0000000090300000|100%| E|CS|TAMS 0x0000000090200000, 0x0000000090200000| Complete 
| 191|0x0000000090300000, 0x0000000090400000, 0x0000000090400000|100%| E|CS|TAMS 0x0000000090300000, 0x0000000090300000| Complete 
| 192|0x0000000090400000, 0x0000000090500000, 0x0000000090500000|100%| E|CS|TAMS 0x0000000090400000, 0x0000000090400000| Complete 
| 193|0x0000000090500000, 0x0000000090600000, 0x0000000090600000|100%| E|CS|TAMS 0x0000000090500000, 0x0000000090500000| Complete 
| 194|0x0000000090600000, 0x0000000090700000, 0x0000000090700000|100%| E|CS|TAMS 0x0000000090600000, 0x0000000090600000| Complete 
| 195|0x0000000090700000, 0x0000000090800000, 0x0000000090800000|100%| E|CS|TAMS 0x0000000090700000, 0x0000000090700000| Complete 
| 196|0x0000000090800000, 0x0000000090900000, 0x0000000090900000|100%| E|CS|TAMS 0x0000000090800000, 0x0000000090800000| Complete 
| 197|0x0000000090900000, 0x0000000090a00000, 0x0000000090a00000|100%| E|CS|TAMS 0x0000000090900000, 0x0000000090900000| Complete 
| 198|0x0000000090a00000, 0x0000000090b00000, 0x0000000090b00000|100%| S|CS|TAMS 0x0000000090a00000, 0x0000000090a00000| Complete 
| 199|0x0000000090b00000, 0x0000000090c00000, 0x0000000090c00000|100%| E|CS|TAMS 0x0000000090b00000, 0x0000000090b00000| Complete 
| 200|0x0000000090c00000, 0x0000000090d00000, 0x0000000090d00000|100%| E|CS|TAMS 0x0000000090c00000, 0x0000000090c00000| Complete 
| 201|0x0000000090d00000, 0x0000000090e00000, 0x0000000090e00000|100%| E|CS|TAMS 0x0000000090d00000, 0x0000000090d00000| Complete 

Card table byte_map: [0x000001f89ff20000,0x000001f8a0300000] _byte_map_base: 0x000001f89fafe000

Marking Bits (Prev, Next): (CMBitMap*) 0x000001f88d389580, (CMBitMap*) 0x000001f88d3895c0
 Prev Bits: [0x000001f8a06e0000, 0x000001f8a25d0000)
 Next Bits: [0x000001f8a25d0000, 0x000001f8a44c0000)

Polling page: 0x000001f88b2d0000

Metaspace:

Usage:
  Non-class:     74.21 MB used.
      Class:      9.12 MB used.
       Both:     83.33 MB used.

Virtual space:
  Non-class space:      128.00 MB reserved,      74.38 MB ( 58%) committed,  2 nodes.
      Class space:        1.00 GB reserved,       9.25 MB ( <1%) committed,  1 nodes.
             Both:        1.12 GB reserved,      83.62 MB (  7%) committed. 

Chunk freelists:
   Non-Class:  5.53 MB
       Class:  6.78 MB
        Both:  12.31 MB

MaxMetaspaceSize: unlimited
CompressedClassSpaceSize: 1.00 GB
Initial GC threshold: 21.00 MB
Current GC threshold: 133.56 MB
CDS: off
MetaspaceReclaimPolicy: balanced
 - commit_granule_bytes: 65536.
 - commit_granule_words: 8192.
 - virtual_space_node_default_size: 8388608.
 - enlarge_chunks_in_place: 1.
 - new_chunks_are_fully_committed: 0.
 - uncommit_free_chunks: 1.
 - use_allocation_guard: 0.
 - handle_deallocations: 1.


Internal statistics:

num_allocs_failed_limit: 6.
num_arena_births: 336.
num_arena_deaths: 0.
num_vsnodes_births: 3.
num_vsnodes_deaths: 0.
num_space_committed: 1336.
num_space_uncommitted: 0.
num_chunks_returned_to_freelist: 6.
num_chunks_taken_from_freelist: 3119.
num_chunk_merges: 6.
num_chunk_splits: 2553.
num_chunks_enlarged: 2267.
num_inconsistent_stats: 0.

CodeHeap 'non-profiled nmethods': size=120000Kb used=6181Kb max_used=6181Kb free=113818Kb
 bounds [0x000001f8982e0000, 0x000001f8988f0000, 0x000001f89f810000]
CodeHeap 'profiled nmethods': size=120000Kb used=33874Kb max_used=33874Kb free=86125Kb
 bounds [0x000001f890810000, 0x000001f892930000, 0x000001f897d40000]
CodeHeap 'non-nmethods': size=5760Kb used=1395Kb max_used=1465Kb free=4364Kb
 bounds [0x000001f897d40000, 0x000001f897fb0000, 0x000001f8982e0000]
 total_blobs=14261 nmethods=13552 adapters=617
 compilation: enabled
              stopped_count=0, restarted_count=0
 full_count=0

Compilation events (20 events):
Event: 21.174 Thread 0x000001f8a70fead0 nmethod 15841 0x000001f89290ec90 code [0x000001f89290ef00, 0x000001f89290f858]
Event: 21.174 Thread 0x000001f8a70fab20 15840       4       kotlin.sequences.SequencesKt__SequencesKt$flatten$1::invoke (9 bytes)
Event: 21.174 Thread 0x000001f8a70fead0 15842       3       org.jetbrains.kotlin.name.ClassId::equals (74 bytes)
Event: 21.175 Thread 0x000001f8a70fead0 nmethod 15842 0x000001f89290fc10 code [0x000001f89290fe00, 0x000001f8929102b8]
Event: 21.175 Thread 0x000001f8a70fead0 15843       3       org.jetbrains.kotlin.cli.jvm.compiler.KotlinCliJavaFileManagerImpl::findVirtualFileGivenPackage (225 bytes)
Event: 21.176 Thread 0x000001f8a70fab20 nmethod 15840 0x000001f8988e7410 code [0x000001f8988e75a0, 0x000001f8988e7698]
Event: 21.176 Thread 0x000001f8a70fab20 15810       4       org.jetbrains.kotlin.types.checker.SimpleClassicTypeSystemContext::argumentsCount (6 bytes)
Event: 21.177 Thread 0x000001f8a70fab20 nmethod 15810 0x000001f8988e7790 code [0x000001f8988e7920, 0x000001f8988e7a18]
Event: 21.177 Thread 0x000001f8a70fab20 15793       4       org.jetbrains.kotlin.protobuf.FieldSet::verifyType (205 bytes)
Event: 21.177 Thread 0x000001f8a70fead0 nmethod 15843 0x000001f892910410 code [0x000001f8929108e0, 0x000001f892912728]
Event: 21.177 Thread 0x000001f8a70fead0 15844       3       kotlin.UnsafeLazyImpl::getValue (37 bytes)
Event: 21.178 Thread 0x000001f8a70fead0 nmethod 15844 0x000001f892913110 code [0x000001f892913320, 0x000001f892913a18]
Event: 21.178 Thread 0x000001f8a70fab20 nmethod 15793 0x000001f8988e7b90 code [0x000001f8988e7d20, 0x000001f8988e7e58]
Event: 21.178 Thread 0x000001f8a70fab20 15808       4       java.util.ArrayList$SubList$1::hasNext (20 bytes)
Event: 21.179 Thread 0x000001f8a70fab20 nmethod 15808 0x000001f8988e8010 code [0x000001f8988e8180, 0x000001f8988e8218]
Event: 21.179 Thread 0x000001f8a70fab20 15804       4       org.jetbrains.kotlin.codegen.signature.JvmSignatureWriter::writeReturnType (1 bytes)
Event: 21.179 Thread 0x000001f8a70fab20 nmethod 15804 0x000001f8988e8310 code [0x000001f8988e8480, 0x000001f8988e84f8]
Event: 21.179 Thread 0x000001f8a70fab20 15537       4       org.jetbrains.kotlin.protobuf.GeneratedMessageLite$GeneratedExtension::singularToFieldSetType (28 bytes)
Event: 21.180 Thread 0x000001f8a70fab20 nmethod 15537 0x000001f8988e8610 code [0x000001f8988e87a0, 0x000001f8988e8858]
Event: 21.195 Thread 0x000001f8a70fab20 15845       4       org.jetbrains.kotlin.metadata.ProtoBuf$Function::isInitialized (251 bytes)

GC Heap History (20 events):
Event: 7.851 GC heap before
{Heap before GC invocations=20 (full 0):
 garbage-first heap   total 86016K, used 64428K [0x0000000084400000, 0x0000000100000000)
  region size 1024K, 24 young (24576K), 2 survivors (2048K)
 Metaspace       used 59173K, committed 59456K, reserved 1114112K
  class space    used 7112K, committed 7232K, reserved 1048576K
}
Event: 7.867 GC heap after
{Heap after GC invocations=21 (full 0):
 garbage-first heap   total 86016K, used 45930K [0x0000000084400000, 0x0000000100000000)
  region size 1024K, 3 young (3072K), 3 survivors (3072K)
 Metaspace       used 59173K, committed 59456K, reserved 1114112K
  class space    used 7112K, committed 7232K, reserved 1048576K
}
Event: 8.383 GC heap before
{Heap before GC invocations=21 (full 0):
 garbage-first heap   total 86016K, used 66410K [0x0000000084400000, 0x0000000100000000)
  region size 1024K, 23 young (23552K), 3 survivors (3072K)
 Metaspace       used 60260K, committed 60608K, reserved 1114112K
  class space    used 7192K, committed 7360K, reserved 1048576K
}
Event: 8.400 GC heap after
{Heap after GC invocations=22 (full 0):
 garbage-first heap   total 172032K, used 49723K [0x0000000084400000, 0x0000000100000000)
  region size 1024K, 3 young (3072K), 3 survivors (3072K)
 Metaspace       used 60260K, committed 60608K, reserved 1114112K
  class space    used 7192K, committed 7360K, reserved 1048576K
}
Event: 10.944 GC heap before
{Heap before GC invocations=23 (full 0):
 garbage-first heap   total 172032K, used 122427K [0x0000000084400000, 0x0000000100000000)
  region size 1024K, 74 young (75776K), 3 survivors (3072K)
 Metaspace       used 64675K, committed 65024K, reserved 1114112K
  class space    used 7671K, committed 7808K, reserved 1048576K
}
Event: 10.978 GC heap after
{Heap after GC invocations=24 (full 0):
 garbage-first heap   total 172032K, used 61905K [0x0000000084400000, 0x0000000100000000)
  region size 1024K, 10 young (10240K), 10 survivors (10240K)
 Metaspace       used 64675K, committed 65024K, reserved 1114112K
  class space    used 7671K, committed 7808K, reserved 1048576K
}
Event: 11.247 GC heap before
{Heap before GC invocations=24 (full 0):
 garbage-first heap   total 172032K, used 62929K [0x0000000084400000, 0x0000000100000000)
  region size 1024K, 11 young (11264K), 10 survivors (10240K)
 Metaspace       used 64907K, committed 65216K, reserved 1114112K
  class space    used 7672K, committed 7808K, reserved 1048576K
}
Event: 11.264 GC heap after
{Heap after GC invocations=25 (full 0):
 garbage-first heap   total 172032K, used 63086K [0x0000000084400000, 0x0000000100000000)
  region size 1024K, 2 young (2048K), 2 survivors (2048K)
 Metaspace       used 64907K, committed 65216K, reserved 1114112K
  class space    used 7672K, committed 7808K, reserved 1048576K
}
Event: 13.288 GC heap before
{Heap before GC invocations=25 (full 0):
 garbage-first heap   total 172032K, used 121454K [0x0000000084400000, 0x0000000100000000)
  region size 1024K, 57 young (58368K), 2 survivors (2048K)
 Metaspace       used 66931K, committed 67200K, reserved 1114112K
  class space    used 7713K, committed 7872K, reserved 1048576K
}
Event: 13.307 GC heap after
{Heap after GC invocations=26 (full 0):
 garbage-first heap   total 172032K, used 73605K [0x0000000084400000, 0x0000000100000000)
  region size 1024K, 8 young (8192K), 8 survivors (8192K)
 Metaspace       used 66931K, committed 67200K, reserved 1114112K
  class space    used 7713K, committed 7872K, reserved 1048576K
}
Event: 14.777 GC heap before
{Heap before GC invocations=26 (full 0):
 garbage-first heap   total 172032K, used 126853K [0x0000000084400000, 0x0000000100000000)
  region size 1024K, 60 young (61440K), 8 survivors (8192K)
 Metaspace       used 72472K, committed 72832K, reserved 1114112K
  class space    used 8223K, committed 8384K, reserved 1048576K
}
Event: 14.802 GC heap after
{Heap after GC invocations=27 (full 0):
 garbage-first heap   total 172032K, used 80527K [0x0000000084400000, 0x0000000100000000)
  region size 1024K, 7 young (7168K), 7 survivors (7168K)
 Metaspace       used 72472K, committed 72832K, reserved 1114112K
  class space    used 8223K, committed 8384K, reserved 1048576K
}
Event: 16.215 GC heap before
{Heap before GC invocations=27 (full 0):
 garbage-first heap   total 172032K, used 130703K [0x0000000084400000, 0x0000000100000000)
  region size 1024K, 56 young (57344K), 7 survivors (7168K)
 Metaspace       used 75453K, committed 75712K, reserved 1179648K
  class space    used 8472K, committed 8576K, reserved 1048576K
}
Event: 16.238 GC heap after
{Heap after GC invocations=28 (full 0):
 garbage-first heap   total 172032K, used 88736K [0x0000000084400000, 0x0000000100000000)
  region size 1024K, 7 young (7168K), 7 survivors (7168K)
 Metaspace       used 75453K, committed 75712K, reserved 1179648K
  class space    used 8472K, committed 8576K, reserved 1048576K
}
Event: 17.727 GC heap before
{Heap before GC invocations=28 (full 0):
 garbage-first heap   total 172032K, used 133792K [0x0000000084400000, 0x0000000100000000)
  region size 1024K, 52 young (53248K), 7 survivors (7168K)
 Metaspace       used 81635K, committed 81920K, reserved 1179648K
  class space    used 9093K, committed 9216K, reserved 1048576K
}
Event: 17.750 GC heap after
{Heap after GC invocations=29 (full 0):
 garbage-first heap   total 206848K, used 92512K [0x0000000084400000, 0x0000000100000000)
  region size 1024K, 3 young (3072K), 3 survivors (3072K)
 Metaspace       used 81635K, committed 81920K, reserved 1179648K
  class space    used 9093K, committed 9216K, reserved 1048576K
}
Event: 19.824 GC heap before
{Heap before GC invocations=30 (full 0):
 garbage-first heap   total 206848K, used 160096K [0x0000000084400000, 0x0000000100000000)
  region size 1024K, 69 young (70656K), 3 survivors (3072K)
 Metaspace       used 82725K, committed 83008K, reserved 1179648K
  class space    used 9139K, committed 9280K, reserved 1048576K
}
Event: 19.843 GC heap after
{Heap after GC invocations=31 (full 0):
 garbage-first heap   total 206848K, used 96608K [0x0000000084400000, 0x0000000100000000)
  region size 1024K, 7 young (7168K), 7 survivors (7168K)
 Metaspace       used 82725K, committed 83008K, reserved 1179648K
  class space    used 9139K, committed 9280K, reserved 1048576K
}
Event: 19.895 GC heap before
{Heap before GC invocations=31 (full 0):
 garbage-first heap   total 206848K, used 99680K [0x0000000084400000, 0x0000000100000000)
  region size 1024K, 10 young (10240K), 7 survivors (7168K)
 Metaspace       used 82751K, committed 83072K, reserved 1179648K
  class space    used 9140K, committed 9280K, reserved 1048576K
}
Event: 19.909 GC heap after
{Heap after GC invocations=32 (full 0):
 garbage-first heap   total 206848K, used 96605K [0x0000000084400000, 0x0000000100000000)
  region size 1024K, 1 young (1024K), 1 survivors (1024K)
 Metaspace       used 82751K, committed 83072K, reserved 1179648K
  class space    used 9140K, committed 9280K, reserved 1048576K
}

Dll operation events (2 events):
Event: 0.008 Loaded shared library C:\Program Files\Android\Android Studio\jbr\bin\java.dll
Event: 2.143 Loaded shared library C:\Program Files\Android\Android Studio\jbr\bin\verify.dll

Deoptimization events (20 events):
Event: 21.087 Thread 0x000001f88d32e580 Uncommon trap: trap_request=0xffffffde fr.pc=0x000001f89875e27c relative=0x000000000000005c
Event: 21.087 Thread 0x000001f88d32e580 Uncommon trap: reason=class_check action=maybe_recompile pc=0x000001f89875e27c method=org.jetbrains.kotlin.ir.types.IrTypesKt.getClassOrNull(Lorg/jetbrains/kotlin/ir/types/IrType;)Lorg/jetbrains/kotlin/ir/symbols/IrClassSymbol; @ 12 c2
Event: 21.087 Thread 0x000001f88d32e580 DEOPT PACKING pc=0x000001f89875e27c sp=0x0000008d950fd000
Event: 21.087 Thread 0x000001f88d32e580 DEOPT UNPACKING pc=0x000001f897d9a1a3 sp=0x0000008d950fcf90 mode 2
Event: 21.088 Thread 0x000001f88d32e580 Uncommon trap: trap_request=0xffffffde fr.pc=0x000001f89875e27c relative=0x000000000000005c
Event: 21.088 Thread 0x000001f88d32e580 Uncommon trap: reason=class_check action=maybe_recompile pc=0x000001f89875e27c method=org.jetbrains.kotlin.ir.types.IrTypesKt.getClassOrNull(Lorg/jetbrains/kotlin/ir/types/IrType;)Lorg/jetbrains/kotlin/ir/symbols/IrClassSymbol; @ 12 c2
Event: 21.088 Thread 0x000001f88d32e580 DEOPT PACKING pc=0x000001f89875e27c sp=0x0000008d950fcd20
Event: 21.088 Thread 0x000001f88d32e580 DEOPT UNPACKING pc=0x000001f897d9a1a3 sp=0x0000008d950fccb0 mode 2
Event: 21.133 Thread 0x000001f88d32e580 Uncommon trap: trap_request=0xffffff45 fr.pc=0x000001f8988d27dc relative=0x000000000000125c
Event: 21.133 Thread 0x000001f88d32e580 Uncommon trap: reason=unstable_if action=reinterpret pc=0x000001f8988d27dc method=org.jetbrains.kotlin.builtins.functions.FunctionTypeKindExtractor.getFunctionalClassKindWithArity(Lorg/jetbrains/kotlin/name/FqName;Ljava/lang/String;)Lorg/jetbrains/kotlin/
Event: 21.133 Thread 0x000001f88d32e580 DEOPT PACKING pc=0x000001f8988d27dc sp=0x0000008d950fc900
Event: 21.133 Thread 0x000001f88d32e580 DEOPT UNPACKING pc=0x000001f897d9a1a3 sp=0x0000008d950fc810 mode 2
Event: 21.150 Thread 0x000001f88d32e580 Uncommon trap: trap_request=0xfffffff4 fr.pc=0x000001f8986029a4 relative=0x00000000000015a4
Event: 21.150 Thread 0x000001f88d32e580 Uncommon trap: reason=null_check action=make_not_entrant pc=0x000001f8986029a4 method=org.jetbrains.kotlin.load.java.structure.MapBasedJavaAnnotationOwner.findAnnotation(Lorg/jetbrains/kotlin/name/FqName;)Lorg/jetbrains/kotlin/load/java/structure/JavaAnno
Event: 21.150 Thread 0x000001f88d32e580 DEOPT PACKING pc=0x000001f8986029a4 sp=0x0000008d950fcd10
Event: 21.150 Thread 0x000001f88d32e580 DEOPT UNPACKING pc=0x000001f897d9a1a3 sp=0x0000008d950fcc50 mode 2
Event: 21.151 Thread 0x000001f88d32e580 Uncommon trap: trap_request=0xfffffff4 fr.pc=0x000001f8988dcf18 relative=0x0000000000001a78
Event: 21.151 Thread 0x000001f88d32e580 Uncommon trap: reason=null_check action=make_not_entrant pc=0x000001f8988dcf18 method=org.jetbrains.kotlin.com.intellij.util.containers.ConcurrentRefValueHashMap.get(Ljava/lang/Object;)Ljava/lang/Object; @ 18 c2
Event: 21.151 Thread 0x000001f88d32e580 DEOPT PACKING pc=0x000001f8988dcf18 sp=0x0000008d950fa790
Event: 21.151 Thread 0x000001f88d32e580 DEOPT UNPACKING pc=0x000001f897d9a1a3 sp=0x0000008d950fa708 mode 2

Classes unloaded (0 events):
No events

Classes redefined (0 events):
No events

Internal exceptions (20 events):
Event: 7.664 Thread 0x000001f88d32e580 Exception <a 'java/lang/NoSuchMethodError'{0x00000000888cbfe8}: 'java.lang.Object java.lang.invoke.DirectMethodHandle$Holder.invokeSpecial(java.lang.Object, java.lang.Object, java.lang.Object, java.lang.Object, java.lang.Object, java.lang.Object, java.lang.Object, java.lang.Object, java.lang.Object)'> (0x00000000888cbfe8) 
thrown [s\src\hotspot\share\interpreter\linkResolver.cpp, line 771]
Event: 7.665 Thread 0x000001f88d32e580 Exception <a 'java/lang/NoSuchMethodError'{0x00000000888d0f18}: 'java.lang.Object java.lang.invoke.Invokers$Holder.linkToTargetMethod(java.lang.Object, java.lang.Object, java.lang.Object, java.lang.Object, java.lang.Object, java.lang.Object, java.lang.Object, java.lang.Object)'> (0x00000000888d0f18) 
thrown [s\src\hotspot\share\interpreter\linkResolver.cpp, line 771]
Event: 7.707 Thread 0x000001f88d32e580 Exception <a 'java/lang/NoSuchMethodError'{0x00000000886335a0}: 'java.lang.Object java.lang.invoke.DirectMethodHandle$Holder.invokeStaticInit(java.lang.Object, java.lang.Object, java.lang.Object)'> (0x00000000886335a0) 
thrown [s\src\hotspot\share\interpreter\linkResolver.cpp, line 771]
Event: 7.715 Thread 0x000001f88d32e580 Exception <a 'java/lang/NoSuchMethodError'{0x0000000088678598}: 'java.lang.Object java.lang.invoke.DirectMethodHandle$Holder.newInvokeSpecial(java.lang.Object, int, java.lang.Object)'> (0x0000000088678598) 
thrown [s\src\hotspot\share\interpreter\linkResolver.cpp, line 771]
Event: 7.716 Thread 0x000001f88d32e580 Exception <a 'java/lang/NoSuchMethodError'{0x000000008867e9e0}: 'int java.lang.invoke.DirectMethodHandle$Holder.invokeInterface(java.lang.Object, java.lang.Object)'> (0x000000008867e9e0) 
thrown [s\src\hotspot\share\interpreter\linkResolver.cpp, line 771]
Event: 8.047 Thread 0x000001f88d32e580 Exception <a 'java/lang/NoSuchMethodError'{0x0000000089037258}: 'java.lang.Object java.lang.invoke.DirectMethodHandle$Holder.newInvokeSpecial(java.lang.Object, java.lang.Object, java.lang.Object, java.lang.Object, java.lang.Object, java.lang.Object, java.lang.Object)'> (0x0000000089037258) 
thrown [s\src\hotspot\share\interpreter\linkResolver.cpp, line 771]
Event: 8.048 Thread 0x000001f88d32e580 Exception <a 'java/lang/NoSuchMethodError'{0x000000008903be10}: 'java.lang.Object java.lang.invoke.Invokers$Holder.linkToTargetMethod(java.lang.Object, java.lang.Object, java.lang.Object, java.lang.Object, java.lang.Object, java.lang.Object, java.lang.Object)'> (0x000000008903be10) 
thrown [s\src\hotspot\share\interpreter\linkResolver.cpp, line 771]
Event: 8.793 Thread 0x000001f88d32e580 Exception <a 'java/lang/NoSuchMethodError'{0x000000008e323f50}: 'java.lang.Object java.lang.invoke.DirectMethodHandle$Holder.invokeStatic(java.lang.Object, int, java.lang.Object)'> (0x000000008e323f50) 
thrown [s\src\hotspot\share\interpreter\linkResolver.cpp, line 771]
Event: 8.949 Thread 0x000001f88d32e580 Exception <a 'java/lang/NoSuchMethodError'{0x000000008e1cc878}: 'int java.lang.invoke.DirectMethodHandle$Holder.invokeStaticInit(java.lang.Object, int)'> (0x000000008e1cc878) 
thrown [s\src\hotspot\share\interpreter\linkResolver.cpp, line 771]
Event: 9.004 Thread 0x000001f88d32e580 Exception <a 'java/lang/NoSuchMethodError'{0x000000008e07abe0}: 'java.lang.Object java.lang.invoke.DirectMethodHandle$Holder.newInvokeSpecial(java.lang.Object, int, java.lang.Object, java.lang.Object)'> (0x000000008e07abe0) 
thrown [s\src\hotspot\share\interpreter\linkResolver.cpp, line 771]
Event: 9.851 Thread 0x000001f88d32e580 Exception <a 'java/lang/NoSuchMethodError'{0x000000008b8b5b10}: 'void java.lang.invoke.DirectMethodHandle$Holder.invokeSpecial(java.lang.Object, java.lang.Object, int, java.lang.Object)'> (0x000000008b8b5b10) 
thrown [s\src\hotspot\share\interpreter\linkResolver.cpp, line 771]
Event: 9.931 Thread 0x000001f88d32e580 Exception <a 'java/lang/NoSuchMethodError'{0x000000008b76f880}: 'void java.lang.invoke.DirectMethodHandle$Holder.invokeInterface(java.lang.Object, java.lang.Object)'> (0x000000008b76f880) 
thrown [s\src\hotspot\share\interpreter\linkResolver.cpp, line 771]
Event: 10.335 Thread 0x000001f88d32e580 Exception <a 'java/lang/IncompatibleClassChangeError'{0x000000008b2d6128}: Found class java.lang.Object, but interface was expected> (0x000000008b2d6128) 
thrown [s\src\hotspot\share\interpreter\linkResolver.cpp, line 838]
Event: 10.504 Thread 0x000001f88d32e580 Exception <a 'java/lang/NoSuchMethodError'{0x000000008ae1ca20}: 'java.lang.Object java.lang.invoke.DirectMethodHandle$Holder.invokeInterface(java.lang.Object, java.lang.Object, java.lang.Object)'> (0x000000008ae1ca20) 
thrown [s\src\hotspot\share\interpreter\linkResolver.cpp, line 771]
Event: 10.504 Thread 0x000001f88d32e580 Exception <a 'java/lang/IncompatibleClassChangeError'{0x000000008ae20638}: Found class java.lang.Object, but interface was expected> (0x000000008ae20638) 
thrown [s\src\hotspot\share\interpreter\linkResolver.cpp, line 838]
Event: 12.873 Thread 0x000001f88d32e580 Implicit null exception at 0x000001f898665fc7 to 0x000001f8986661a4
Event: 15.482 Thread 0x000001f88d32e580 Implicit null exception at 0x000001f8985bd927 to 0x000001f8985bdddc
Event: 15.663 Thread 0x000001f88d32e580 Exception <a 'java/lang/NoSuchMethodError'{0x000000008d3cacd0}: 'java.lang.Object java.lang.invoke.DirectMethodHandle$Holder.newInvokeSpecial(java.lang.Object, java.lang.Object, java.lang.Object, int, int, java.lang.Object)'> (0x000000008d3cacd0) 
thrown [s\src\hotspot\share\interpreter\linkResolver.cpp, line 771]
Event: 21.150 Thread 0x000001f88d32e580 Implicit null exception at 0x000001f898601b6b to 0x000001f898602990
Event: 21.151 Thread 0x000001f88d32e580 Implicit null exception at 0x000001f8988db50f to 0x000001f8988dcf0c

VM Operations (20 events):
Event: 20.595 Executing VM operation: HandshakeAllThreads
Event: 20.595 Executing VM operation: HandshakeAllThreads done
Event: 20.612 Executing VM operation: HandshakeAllThreads
Event: 20.612 Executing VM operation: HandshakeAllThreads done
Event: 20.620 Executing VM operation: HandshakeAllThreads
Event: 20.620 Executing VM operation: HandshakeAllThreads done
Event: 20.624 Executing VM operation: HandshakeAllThreads
Event: 20.624 Executing VM operation: HandshakeAllThreads done
Event: 20.624 Executing VM operation: HandshakeAllThreads
Event: 20.624 Executing VM operation: HandshakeAllThreads done
Event: 20.651 Executing VM operation: HandshakeAllThreads
Event: 20.651 Executing VM operation: HandshakeAllThreads done
Event: 20.653 Executing VM operation: ICBufferFull
Event: 20.654 Executing VM operation: ICBufferFull done
Event: 20.777 Executing VM operation: HandshakeAllThreads
Event: 20.777 Executing VM operation: HandshakeAllThreads done
Event: 20.967 Executing VM operation: ICBufferFull
Event: 20.967 Executing VM operation: ICBufferFull done
Event: 21.174 Executing VM operation: ICBufferFull
Event: 21.175 Executing VM operation: ICBufferFull done

Events (20 events):
Event: 18.523 Thread 0x000001f8a71078f0 flushing nmethod 0x000001f8923e9e90
Event: 18.523 Thread 0x000001f8a71078f0 flushing nmethod 0x000001f892445c10
Event: 18.523 Thread 0x000001f8a71078f0 flushing nmethod 0x000001f89245c390
Event: 18.523 Thread 0x000001f8a71078f0 flushing nmethod 0x000001f892467b90
Event: 18.523 Thread 0x000001f8a71078f0 flushing nmethod 0x000001f89246bf90
Event: 18.523 Thread 0x000001f8a71078f0 flushing nmethod 0x000001f892480710
Event: 18.523 Thread 0x000001f8a71078f0 flushing nmethod 0x000001f892492610
Event: 18.523 Thread 0x000001f8a71078f0 flushing nmethod 0x000001f8924a5990
Event: 18.523 Thread 0x000001f8a71078f0 flushing nmethod 0x000001f8924be410
Event: 18.523 Thread 0x000001f8a71078f0 flushing nmethod 0x000001f8924c9e10
Event: 20.656 Thread 0x000001f8a71078f0 flushing nmethod 0x000001f891cf4e10
Event: 20.660 Thread 0x000001f8a71078f0 flushing nmethod 0x000001f8920b1610
Event: 20.660 Thread 0x000001f8a71078f0 flushing nmethod 0x000001f892111990
Event: 20.661 Thread 0x000001f8a71078f0 flushing nmethod 0x000001f892189a90
Event: 20.661 Thread 0x000001f8a71078f0 flushing nmethod 0x000001f89218cf10
Event: 20.661 Thread 0x000001f8a71078f0 flushing nmethod 0x000001f8921b6b10
Event: 20.662 Thread 0x000001f8a71078f0 flushing nmethod 0x000001f8921ef290
Event: 20.662 Thread 0x000001f8a71078f0 flushing nmethod 0x000001f8921f4590
Event: 20.662 Thread 0x000001f8a71078f0 flushing nmethod 0x000001f8921f4a90
Event: 20.662 Thread 0x000001f8a71078f0 flushing nmethod 0x000001f8921fb010


Dynamic libraries:
0x00007ff61cb20000 - 0x00007ff61cb2a000 	C:\Program Files\Android\Android Studio\jbr\bin\java.exe
0x00007ff986690000 - 0x00007ff986888000 	C:\Windows\SYSTEM32\ntdll.dll
0x00007ff984cf0000 - 0x00007ff984db2000 	C:\Windows\System32\KERNEL32.DLL
0x00007ff983e80000 - 0x00007ff98417e000 	C:\Windows\System32\KERNELBASE.dll
0x00007ff984450000 - 0x00007ff984550000 	C:\Windows\System32\ucrtbase.dll
0x00007ff970e30000 - 0x00007ff970e47000 	C:\Program Files\Android\Android Studio\jbr\bin\jli.dll
0x00007ff9460d0000 - 0x00007ff9460eb000 	C:\Program Files\Android\Android Studio\jbr\bin\VCRUNTIME140.dll
0x00007ff985f00000 - 0x00007ff98609d000 	C:\Windows\System32\USER32.dll
0x00007ff983e00000 - 0x00007ff983e22000 	C:\Windows\System32\win32u.dll
0x00007ff984f20000 - 0x00007ff984f4b000 	C:\Windows\System32\GDI32.dll
0x00007ff9704b0000 - 0x00007ff97074a000 	C:\Windows\WinSxS\amd64_microsoft.windows.common-controls_6595b64144ccf1df_6.0.19041.4355_none_60b8b9eb71f62e16\COMCTL32.dll
0x00007ff9842c0000 - 0x00007ff9843d7000 	C:\Windows\System32\gdi32full.dll
0x00007ff983d60000 - 0x00007ff983dfd000 	C:\Windows\System32\msvcp_win.dll
0x00007ff986130000 - 0x00007ff9861ce000 	C:\Windows\System32\msvcrt.dll
0x00007ff984dc0000 - 0x00007ff984def000 	C:\Windows\System32\IMM32.DLL
0x00007ff96f2d0000 - 0x00007ff96f2dc000 	C:\Program Files\Android\Android Studio\jbr\bin\vcruntime140_1.dll
0x00007ff933d80000 - 0x00007ff933e0d000 	C:\Program Files\Android\Android Studio\jbr\bin\msvcp140.dll
0x00007ff930aa0000 - 0x00007ff931723000 	C:\Program Files\Android\Android Studio\jbr\bin\server\jvm.dll
0x00007ff984df0000 - 0x00007ff984ea2000 	C:\Windows\System32\ADVAPI32.dll
0x00007ff985cc0000 - 0x00007ff985d60000 	C:\Windows\System32\sechost.dll
0x00007ff9847a0000 - 0x00007ff9848c3000 	C:\Windows\System32\RPCRT4.dll
0x00007ff983d30000 - 0x00007ff983d57000 	C:\Windows\System32\bcrypt.dll
0x00007ff980b30000 - 0x00007ff980b39000 	C:\Windows\SYSTEM32\WSOCK32.dll
0x00007ff983270000 - 0x00007ff9832bb000 	C:\Windows\SYSTEM32\POWRPROF.dll
0x00007ff984eb0000 - 0x00007ff984f1b000 	C:\Windows\System32\WS2_32.dll
0x00007ff97a0d0000 - 0x00007ff97a0da000 	C:\Windows\SYSTEM32\VERSION.dll
0x00007ff9822f0000 - 0x00007ff982317000 	C:\Windows\SYSTEM32\WINMM.dll
0x00007ff983130000 - 0x00007ff983142000 	C:\Windows\SYSTEM32\UMPDC.dll
0x00007ff982550000 - 0x00007ff982562000 	C:\Windows\SYSTEM32\kernel.appcore.dll
0x00007ff9805d0000 - 0x00007ff9805da000 	C:\Program Files\Android\Android Studio\jbr\bin\jimage.dll
0x00007ff9820c0000 - 0x00007ff9822a4000 	C:\Windows\SYSTEM32\DBGHELP.DLL
0x00007ff9822b0000 - 0x00007ff9822e4000 	C:\Windows\SYSTEM32\dbgcore.DLL
0x00007ff984180000 - 0x00007ff984202000 	C:\Windows\System32\bcryptPrimitives.dll
0x00007ff97e4d0000 - 0x00007ff97e4f5000 	C:\Program Files\Android\Android Studio\jbr\bin\java.dll
0x00007ff97f130000 - 0x00007ff97f148000 	C:\Program Files\Android\Android Studio\jbr\bin\zip.dll
0x00007ff9854f0000 - 0x00007ff985c5f000 	C:\Windows\System32\SHELL32.dll
0x00007ff981840000 - 0x00007ff981fe4000 	C:\Windows\SYSTEM32\windows.storage.dll
0x00007ff985080000 - 0x00007ff9853d3000 	C:\Windows\System32\combase.dll
0x00007ff983760000 - 0x00007ff98378e000 	C:\Windows\SYSTEM32\Wldp.dll
0x00007ff9846d0000 - 0x00007ff98479d000 	C:\Windows\System32\OLEAUT32.dll
0x00007ff985440000 - 0x00007ff9854ed000 	C:\Windows\System32\SHCORE.dll
0x00007ff984a00000 - 0x00007ff984a55000 	C:\Windows\System32\shlwapi.dll
0x00007ff983c60000 - 0x00007ff983c84000 	C:\Windows\SYSTEM32\profapi.dll
0x00007ff97add0000 - 0x00007ff97ade9000 	C:\Program Files\Android\Android Studio\jbr\bin\net.dll
0x00007ff97fd90000 - 0x00007ff97fe9d000 	C:\Windows\SYSTEM32\WINHTTP.dll
0x00007ff9834c0000 - 0x00007ff98352a000 	C:\Windows\system32\mswsock.dll
0x00007ff97adb0000 - 0x00007ff97adc6000 	C:\Program Files\Android\Android Studio\jbr\bin\nio.dll
0x00007ff97ad90000 - 0x00007ff97ada0000 	C:\Program Files\Android\Android Studio\jbr\bin\verify.dll

dbghelp: loaded successfully - version: 4.0.5 - missing functions: none
symbol engine: initialized successfully - sym options: 0x614 - pdb path: .;C:\Program Files\Android\Android Studio\jbr\bin;C:\Windows\SYSTEM32;C:\Windows\WinSxS\amd64_microsoft.windows.common-controls_6595b64144ccf1df_6.0.19041.4355_none_60b8b9eb71f62e16;C:\Program Files\Android\Android Studio\jbr\bin\server

VM Arguments:
java_command: org.jetbrains.kotlin.cli.jvm.K2JVMCompiler @C:\Users\User\AndroidStudioProjects\MovaLast17.10\Mova\app\build\20241021_14139788428581552161.compiler.options
java_class_path (initial): C:\Users\User\.gradle\caches\modules-2\files-2.1\org.jetbrains.kotlin\kotlin-compiler-embeddable\1.9.0\2c8c3a7402becca891f12739b3e9fd2dc2adbd7a\kotlin-compiler-embeddable-1.9.0.jar;C:\Users\User\.gradle\caches\modules-2\files-2.1\org.jetbrains.kotlin\kotlin-stdlib\1.9.0\8ee15ef0c67dc83d874f412d84378d7f0eb50b63\kotlin-stdlib-1.9.0.jar;C:\Users\User\.gradle\caches\modules-2\files-2.1\org.jetbrains.kotlin\kotlin-script-runtime\1.9.0\4b3102cbbb7e1b58d9d1adf89563f00069ffa7d1\kotlin-script-runtime-1.9.0.jar;C:\Users\User\.gradle\caches\modules-2\files-2.1\org.jetbrains.kotlin\kotlin-reflect\1.6.10\1cbe9c92c12a94eea200d23c2bbaedaf3daf5132\kotlin-reflect-1.6.10.jar;C:\Users\User\.gradle\caches\modules-2\files-2.1\org.jetbrains.kotlin\kotlin-daemon-embeddable\1.9.0\186543f5e28cf8d9a0290fecc2cf34301c40a65c\kotlin-daemon-embeddable-1.9.0.jar;C:\Users\User\.gradle\caches\modules-2\files-2.1\org.jetbrains.intellij.deps\trove4j\1.0.20200330\3afb14d5f9ceb459d724e907a21145e8ff394f02\trove4j-1.0.20200330.jar;C:\Users\User\.gradle\caches\modules-2\files-2.1\org.jetbrains.kotlin\kotlin-stdlib-common\1.9.0\cd65c21cfd1eec4d44ef09f9f52b6d9f8a720636\kotlin-stdlib-common-1.9.0.jar;C:\Users\User\.gradle\caches\modules-2\files-2.1\org.jetbrains\annotations\13.0\919f0dfe192fb4e063e7dacadee7f8bb9a2672a9\annotations-13.0.jar
Launcher Type: SUN_STANDARD

[Global flags]
     intx CICompilerCount                          = 4                                         {product} {ergonomic}
     uint ConcGCThreads                            = 2                                         {product} {ergonomic}
     uint G1ConcRefinementThreads                  = 8                                         {product} {ergonomic}
   size_t G1HeapRegionSize                         = 1048576                                   {product} {ergonomic}
    uintx GCDrainStackTargetSize                   = 64                                        {product} {ergonomic}
   size_t InitialHeapSize                          = 130023424                                 {product} {ergonomic}
   size_t MarkStackSize                            = 4194304                                   {product} {ergonomic}
   size_t MaxHeapSize                              = 2076180480                                {product} {ergonomic}
   size_t MaxNewSize                               = 1245708288                                {product} {ergonomic}
   size_t MinHeapDeltaBytes                        = 1048576                                   {product} {ergonomic}
   size_t MinHeapSize                              = 8388608                                   {product} {ergonomic}
    uintx NonNMethodCodeHeapSize                   = 5839372                                {pd product} {ergonomic}
    uintx NonProfiledCodeHeapSize                  = 122909434                              {pd product} {ergonomic}
    uintx ProfiledCodeHeapSize                     = 122909434                              {pd product} {ergonomic}
    uintx ReservedCodeCacheSize                    = 251658240                              {pd product} {ergonomic}
     bool SegmentedCodeCache                       = true                                      {product} {ergonomic}
   size_t SoftMaxHeapSize                          = 2076180480                             {manageable} {ergonomic}
     bool UseCompressedClassPointers               = true                           {product lp64_product} {ergonomic}
     bool UseCompressedOops                        = true                           {product lp64_product} {ergonomic}
     bool UseG1GC                                  = true                                      {product} {ergonomic}
     bool UseLargePagesIndividualAllocation        = false                                  {pd product} {ergonomic}

Logging:
Log output configuration:
 #0: stdout all=warning uptime,level,tags
 #1: stderr all=off uptime,level,tags

Environment Variables:
PATH=C:\Program Files\Microsoft\jdk-11.0.12.7-hotspot\bin;C:\Windows\system32;C:\Windows;C:\Windows\System32\Wbem;C:\Windows\System32\WindowsPowerShell\v1.0\;C:\Windows\System32\OpenSSH\;C:\Program Files\dotnet\;C:\Program Files\Microsoft SQL Server\130\Tools\Binn\;C:\Program Files\Microsoft SQL Server\Client SDK\ODBC\170\Tools\Binn\;C:\Program Files\Microsoft SQL Server\150\Tools\Binn\;C:\Program Files (x86)\Microsoft SQL Server\160\Tools\Binn\;C:\Program Files\Microsoft SQL Server\160\Tools\Binn\;C:\Program Files\Microsoft SQL Server\160\DTS\Binn\;C:\Program Files\Azure Data Studio\bin;C:\Program Files\Git\cmd;C:\Users\User\AppData\Local\Microsoft\WindowsApps;C:\Users\User\.dotnet\tools;C:\Users\User\AppData\Local\Programs\Microsoft VS Code\bin;C:\Program Files\Azure Data Studio\bin
USERNAME=User
OS=Windows_NT
PROCESSOR_IDENTIFIER=Intel64 Family 6 Model 140 Stepping 1, GenuineIntel
TMP=C:\Users\User\AppData\Local\Temp
TEMP=C:\Users\User\AppData\Local\Temp



Periodic native trim disabled

JNI global refs:
JNI global refs: 12, weak refs: 9

JNI global refs memory usage: 843, weak refs: 841

OOME stack traces (most recent first):
Classloader memory used:
Loader jdk.internal.loader.ClassLoaders$AppClassLoader                                 : 9198K
Loader bootstrap                                                                       : 1407K
Loader java.net.URLClassLoader                                                         : 37527B
Loader jdk.internal.reflect.DelegatingClassLoader                                      : 22870B
Loader jdk.internal.loader.ClassLoaders$PlatformClassLoader                            : 2276B


---------------  S Y S T E M  ---------------

OS:
 Windows 10 , 64 bit Build 19041 (10.0.19041.4957)
OS uptime: 7 days 10:59 hours

CPU: total 8 (initial active 8) (4 cores per cpu, 2 threads per core) family 6 model 140 stepping 1 microcode 0xb8, cx8, cmov, fxsr, ht, mmx, 3dnowpref, sse, sse2, sse3, ssse3, sse4.1, sse4.2, popcnt, lzcnt, tsc, tscinvbit, avx, avx2, aes, erms, clmul, bmi1, bmi2, adx, avx512f, avx512dq, avx512cd, avx512bw, avx512vl, sha, fma, vzeroupper, avx512_vpopcntdq, avx512_vpclmulqdq, avx512_vaes, avx512_vnni, clflush, clflushopt, clwb, avx512_vbmi2, avx512_vbmi
Processor Information for all 8 processors :
  Max Mhz: 1382, Current Mhz: 1382, Mhz Limit: 1382

Memory: 4k page, system-wide physical 7914M (491M free)
TotalPageFile size 32490M (AvailPageFile size 0M)
current process WorkingSet (physical memory assigned to process): 397M, peak: 398M
current process commit charge ("private bytes"): 467M, peak: 476M

vm_info: OpenJDK 64-Bit Server VM (17.0.9+0--11185874) for windows-amd64 JRE (17.0.9+0--11185874), built on Dec  6 2023 18:57:44 by "androidbuild" with MS VC++ 16.10 / 16.11 (VS2019)

END.
